104
Hyperelliptic Curve defined by y^2 = x^6 - 4*x^5 + 10*x^4 - 8*x^3 - 7*x^2 + 28*x - 20 over Rational Field
g = 2
r = 0
3 small points: {@ (1 : -1 : 0), (1 : 1 : 0), (1 : 0 : 1) @}
checking: differences of 2 points generate rank 0 subgroup of J_0(N)^*(Q).
finite index subgroup certified by: p = 3: ell = 2

rational_points(
N: 104,
X: X
)
In file "X0NstarCCsolver.m", line 87, column 37:
>>             Append(~denoms, Lcm([Lcm([Denominator(Coefficient(Qx, j)) : j i
                                       ^
Runtime error in 'Lcm': Illegal null set/sequence

found 1 plane models:
[
y^2 - x^6 + 4*x^5 - 10*x^4 + 8*x^3 + 7*x^2 - 28*x + 20
]

trying model #1:
y^2 - x^6 + 4*x^5 - 10*x^4 + 8*x^3 + 7*x^2 - 28*x + 20
p = 2 fails: Runtime error: bad prime.
Time: 0.210
Time: 356.400
found 3 residue disks.
L = [
rec<recformat<x, b, inf, xt, bt, index> | 
x := O(3^29),
b := [ 1 + O(3^35), -1 + O(3^29) ],
inf := true>,
rec<recformat<x, b, inf, xt, bt, index> | 
x := O(3^29),
b := [ 1 + O(3^35), 1 + O(3^29) ],
inf := true>,
rec<recformat<x, b, inf, xt, bt, index> | 
x := 1 + O(3^35),
b := [ 1 + O(3^35), O(3^30) ],
inf := false>
] (3 pts)
ratpts = [
rec<recformat<x, b, inf, xt, bt, index> | 
x := 1 + O(3^35),
b := [ 1 + O(3^35), 0 ],
inf := false>,
rec<recformat<x, b, inf, xt, bt, index> | 
x := 0,
b := [ 1 + O(3^35), 1 + O(3^35) ],
inf := true>,
rec<recformat<x, b, inf, xt, bt, index> | 
x := 0,
b := [ 1 + O(3^35), -1 + O(3^35) ],
inf := true>
] (3 pts)
found all Q-points!

In file "X0NstarCCsolver.m", line 128, (unexpanded) column 1:
<Source not available>
User error: Identifier 'ses' has not been declared or assigned
> quit;

Total time: 358.509 seconds, Total memory usage: 118.25MB
