116
Hyperelliptic Curve defined by y^2 = x^6 - 4*x^5 + 16*x^4 - 22*x^3 + 16*x^2 - 4*x + 1 over Rational Field
g = 2
r = 1
8 small points: {@ (1 : -1 : 0), (1 : 1 : 0), (-1 : -8 : 1), (-1 : 8 : 1), (0 : -1 : 1), (0 : 1 : 1), (1 : -2 : 1), (1 : 2 : 1) @}
checking: differences of 7 points generate rank 1 subgroup of J_0(N)^*(Q).
finite index subgroup certified by: p = 3: ell = 2

rational_points(
N: 116,
X: X
)
In file "X0NstarCCsolver.m", line 87, column 37:
>>             Append(~denoms, Lcm([Lcm([Denominator(Coefficient(Qx, j)) : j i
                                       ^
Runtime error in 'Lcm': Illegal null set/sequence

found 1 plane models:
[
y^2 - x^6 + 4*x^5 - 16*x^4 + 22*x^3 - 16*x^2 + 4*x - 1
]

trying model #1:
y^2 - x^6 + 4*x^5 - 16*x^4 + 22*x^3 - 16*x^2 + 4*x - 1
p = 2 fails: Runtime error: bad prime.
Time: 0.190
Time: 6.540
found 8 residue disks.
L = [
rec<recformat<x, b, inf, xt, bt, index> | 
x := O(3^32),
b := [ 1 + O(3^35), -1 + O(3^32) ],
inf := true>,
rec<recformat<x, b, inf, xt, bt, index> | 
x := O(3^32),
b := [ 1 + O(3^35), 1 + O(3^32) ],
inf := true>,
rec<recformat<x, b, inf, xt, bt, index> | 
x := O(3^32),
b := [ 1 + O(3^35), -1 + O(3^32) ],
inf := false>,
rec<recformat<x, b, inf, xt, bt, index> | 
x := O(3^32),
b := [ 1 + O(3^35), 1 + O(3^32) ],
inf := false>,
rec<recformat<x, b, inf, xt, bt, index> | 
x := -1 + O(3^32),
b := [ 1 + O(3^35), 8 + O(3^33) ],
inf := false>,
rec<recformat<x, b, inf, xt, bt, index> | 
x := -1 + O(3^32),
b := [ 1 + O(3^35), -8 + O(3^33) ],
inf := false>,
rec<recformat<x, b, inf, xt, bt, index> | 
x := 1 + O(3^31),
b := [ 1 + O(3^35), 2 + O(3^32) ],
inf := false>,
rec<recformat<x, b, inf, xt, bt, index> | 
x := 1 + O(3^31),
b := [ 1 + O(3^35), -2 + O(3^32) ],
inf := false>
] (8 pts)
ratpts = [
rec<recformat<x, b, inf, xt, bt, index> | 
x := 1 + O(3^35),
b := [ 1 + O(3^35), 2 + O(3^35) ],
inf := false>,
rec<recformat<x, b, inf, xt, bt, index> | 
x := 1 + O(3^35),
b := [ 1 + O(3^35), -2 + O(3^35) ],
inf := false>,
rec<recformat<x, b, inf, xt, bt, index> | 
x := -1 + O(3^35),
b := [ 1 + O(3^35), 8 + O(3^35) ],
inf := false>,
rec<recformat<x, b, inf, xt, bt, index> | 
x := -1 + O(3^35),
b := [ 1 + O(3^35), -8 + O(3^35) ],
inf := false>,
rec<recformat<x, b, inf, xt, bt, index> | 
x := 0,
b := [ 1 + O(3^35), 1 + O(3^35) ],
inf := false>,
rec<recformat<x, b, inf, xt, bt, index> | 
x := 0,
b := [ 1 + O(3^35), -1 + O(3^35) ],
inf := false>,
rec<recformat<x, b, inf, xt, bt, index> | 
x := 0,
b := [ 1 + O(3^35), 1 + O(3^35) ],
inf := true>,
rec<recformat<x, b, inf, xt, bt, index> | 
x := 0,
b := [ 1 + O(3^35), -1 + O(3^35) ],
inf := true>
] (8 pts)
found all Q-points!
> quit;

Total time: 8.429 seconds, Total memory usage: 32.09MB
