180
Hyperelliptic Curve defined by y^2 = x^6 - 4*x^5 + 8*x^4 + 2*x^3 + 8*x^2 - 4*x + 1 over Rational Field
g = 2
r = 0
4 small points: {@ (1 : -1 : 0), (1 : 1 : 0), (0 : -1 : 1), (0 : 1 : 1) @}
checking: differences of 3 points generate rank 0 subgroup of J_0(N)^*(Q).
finite index subgroup certified by: p = 5: ell = 2

rational_points(
N: 180,
X: X
)
In file "X0NstarCCsolver.m", line 87, column 37:
>>             Append(~denoms, Lcm([Lcm([Denominator(Coefficient(Qx, j)) : j i
                                       ^
Runtime error in 'Lcm': Illegal null set/sequence

found 1 plane models:
[
y^2 - x^6 + 4*x^5 - 8*x^4 - 2*x^3 - 8*x^2 + 4*x - 1
]

trying model #1:
y^2 - x^6 + 4*x^5 - 8*x^4 - 2*x^3 - 8*x^2 + 4*x - 1
p = 2 fails: Runtime error: bad prime.
p = 3 fails: Runtime error: bad prime.
p = 5 fails: Runtime error: bad prime.
Time: 0.350
Time: 107.600
found 10 residue disks.
L = [
rec<recformat<x, b, inf, xt, bt, index> | 
x := O(7^32),
b := [ 1 + O(7^35), -1 + O(7^32) ],
inf := true>,
rec<recformat<x, b, inf, xt, bt, index> | 
x := O(7^32),
b := [ 1 + O(7^35), 1 + O(7^32) ],
inf := true>,
rec<recformat<x, b, inf, xt, bt, index> | 
x := O(7^33),
b := [ 1 + O(7^35), -1 + O(7^33) ],
inf := false>,
rec<recformat<x, b, inf, xt, bt, index> | 
x := O(7^33),
b := [ 1 + O(7^35), 1 + O(7^33) ],
inf := false>,
rec<recformat<x, b, inf, xt, bt, index> | 
x := -233565470586013343113297518 + O(7^33),
b := [ 1 + O(7^35), 934261882344053372453190074 + O(7^33) ],
inf := false>,
rec<recformat<x, b, inf, xt, bt, index> | 
x := -233565470586013343113297518 + O(7^33),
b := [ 1 + O(7^35), -934261882344053372453190074 + O(7^33) ],
inf := false>,
rec<recformat<x, b, inf, xt, bt, index> | 
x := 162117302643270321663765685028 + O(7^35),
b := [ 1 + O(7^35), O(7^33) ],
inf := false>,
rec<recformat<x, b, inf, xt, bt, index> | 
x := -162117302643270321663765685029 + O(7^35),
b := [ 1 + O(7^35), O(7^33) ],
inf := false>,
rec<recformat<x, b, inf, xt, bt, index> | 
x := 233565470586013343113297519 + O(7^33),
b := [ 1 + O(7^35), 934261882344053372453190074 + O(7^33) ],
inf := false>,
rec<recformat<x, b, inf, xt, bt, index> | 
x := 233565470586013343113297519 + O(7^33),
b := [ 1 + O(7^35), -934261882344053372453190074 + O(7^33) ],
inf := false>
] (10 pts)
ratpts = [
rec<recformat<x, b, inf, xt, bt, index> | 
x := 0,
b := [ 1 + O(7^35), 1 + O(7^35) ],
inf := false>,
rec<recformat<x, b, inf, xt, bt, index> | 
x := 0,
b := [ 1 + O(7^35), -1 + O(7^35) ],
inf := false>,
rec<recformat<x, b, inf, xt, bt, index> | 
x := 0,
b := [ 1 + O(7^35), 1 + O(7^35) ],
inf := true>,
rec<recformat<x, b, inf, xt, bt, index> | 
x := 0,
b := [ 1 + O(7^35), -1 + O(7^35) ],
inf := true>
] (4 pts)
have to exclude 6 residue discs.
Time: 0.740
Time: 13.870
found 4 residue disks.
L = [
rec<recformat<x, b, inf, xt, bt, index> | 
x := O(11^32),
b := [ 1 + O(11^35), -1 + O(11^32) ],
inf := true>,
rec<recformat<x, b, inf, xt, bt, index> | 
x := O(11^32),
b := [ 1 + O(11^35), 1 + O(11^32) ],
inf := true>,
rec<recformat<x, b, inf, xt, bt, index> | 
x := O(11^33),
b := [ 1 + O(11^35), -1 + O(11^33) ],
inf := false>,
rec<recformat<x, b, inf, xt, bt, index> | 
x := O(11^33),
b := [ 1 + O(11^35), 1 + O(11^33) ],
inf := false>
] (4 pts)
ratpts = [
rec<recformat<x, b, inf, xt, bt, index> | 
x := 0,
b := [ 1 + O(11^35), 1 + O(11^35) ],
inf := false>,
rec<recformat<x, b, inf, xt, bt, index> | 
x := 0,
b := [ 1 + O(11^35), -1 + O(11^35) ],
inf := false>,
rec<recformat<x, b, inf, xt, bt, index> | 
x := 0,
b := [ 1 + O(11^35), 1 + O(11^35) ],
inf := true>,
rec<recformat<x, b, inf, xt, bt, index> | 
x := 0,
b := [ 1 + O(11^35), -1 + O(11^35) ],
inf := true>
] (4 pts)
found all Q-points!
> quit;

Total time: 127.469 seconds, Total memory usage: 96.16MB
