284
Hyperelliptic Curve defined by y^2 = x^6 - 4*x^5 + 2*x^3 - 4*x + 1 over Rational Field
g = 2
r = 1
4 small points: {@ (1 : -1 : 0), (1 : 1 : 0), (0 : -1 : 1), (0 : 1 : 1) @}
checking: differences of 3 points generate rank 1 subgroup of J_0(N)^*(Q).
finite index subgroup certified by: p = 3: ell = 2

rational_points(
N: 284,
X: X
)
In file "X0NstarCCSolver.m", line 87, column 37:
>>             Append(~denoms, Lcm([Lcm([Denominator(Coefficient(Qx, j)) : j i
                                       ^
Runtime error in 'Lcm': Illegal null set/sequence

found 1 plane models:
[
y^2 - x^6 + 4*x^5 - 2*x^3 + 4*x - 1
]

trying model #1:
y^2 - x^6 + 4*x^5 - 2*x^3 + 4*x - 1
p = 2 fails: Runtime error: bad prime.
Time: 0.230
Time: 8.910
found 4 residue disks.
L = [
rec<recformat<x, b, inf, xt, bt, index> | 
x := O(3^30),
b := [ 1 + O(3^35), -1 + O(3^30) ],
inf := true>,
rec<recformat<x, b, inf, xt, bt, index> | 
x := O(3^30),
b := [ 1 + O(3^35), 1 + O(3^30) ],
inf := true>,
rec<recformat<x, b, inf, xt, bt, index> | 
x := O(3^30),
b := [ 1 + O(3^35), -1 + O(3^30) ],
inf := false>,
rec<recformat<x, b, inf, xt, bt, index> | 
x := O(3^30),
b := [ 1 + O(3^35), 1 + O(3^30) ],
inf := false>
] (4 pts)
ratpts = [
rec<recformat<x, b, inf, xt, bt, index> | 
x := 0,
b := [ 1 + O(3^35), 1 + O(3^35) ],
inf := false>,
rec<recformat<x, b, inf, xt, bt, index> | 
x := 0,
b := [ 1 + O(3^35), -1 + O(3^35) ],
inf := false>,
rec<recformat<x, b, inf, xt, bt, index> | 
x := 0,
b := [ 1 + O(3^35), 1 + O(3^35) ],
inf := true>,
rec<recformat<x, b, inf, xt, bt, index> | 
x := 0,
b := [ 1 + O(3^35), -1 + O(3^35) ],
inf := true>
] (4 pts)
found all Q-points!
