212
g = 5
r = 3
7 small points: [ (1 : 0 : -1 : 0 : 1), (0 : -1/2 : 1/2 : -1/2 : 1), (-1 : -1 : 
0 : 1 : 1), (0 : 0 : 0 : 0 : 1), (1 : 0 : 0 : 0 : 1), (1 : -1 : 0 : 1 : 1), (0 :
-1 : -1 : 1 : 0) ]
checking: differences of 6 points generate rank 3 subgroup of J_0(N)^*(Q).
finite index subgroup certified by: p = 5: ell = 3
found 6 plane models:
{
y^6 + 3*x*y^5 + (-1/2*x^2 + 35/4*x + 7)*y^4 + (3/2*x^3 + 8*x^2 - 73/8*x - 
27/8)*y^3 + (-1/2*x^4 + 1/4*x^3 + 195/8*x^2 + 43*x + 89/8)*y^2 + (5/2*x^4 + 
35/8*x^3 - 29/2*x^2 - 73/4*x - 33/8)*y - 3/4*x^5 + 13/4*x^4 + 179/8*x^3 + 
157/4*x^2 + 201/8*x + 27/4,
y^6 + (-3/4*x + 19/4)*y^5 + (1/4*x^2 - 13/4*x + 5/4)*y^4 + (5/4*x^2 + 4*x + 
11/4)*y^3 + (-11/4*x^2 - 7/4*x + 3)*y^2 + (3/2*x^3 + 13/4*x^2 + 11/4*x + 3)*y - 
1/4*x^4 - x^3 - 7/4*x^2 - 3/2*x,
y^5 + (3*x^2 + 3*x - 2)*y^4 + (2*x^4 + 3*x^3 + x^2 - 7*x + 1)*y^3 + (x^6 + 4*x^5
- 2*x^4 - 4*x^3 - 7*x^2 + 8*x)*y^2 + (3*x^8 + x^7 - 13*x^6 + 9*x^5 + x^4 - 5*x^3
+ 9*x^2 - 5*x)*y + 2*x^10 - 3*x^9 - 4*x^8 + 8*x^7 - 6*x^5 + 4*x^4 - 2*x^2 + x,
y^5 + (-4*x - 1)*y^4 + (-x^4 + 3*x^3 + 8*x^2 + 2*x)*y^3 + (x^6 + 4*x^5 - 7*x^4 -
11*x^3 - 3*x^2)*y^2 + (-3*x^7 - 4*x^6 + 8*x^5 + 8*x^4 + 2*x^3)*y - x^10 + 5*x^8 
+ 3*x^7 - 5*x^6 - 4*x^5 - x^4,
y^6 - 4*x*y^5 + (3*x^2 - 5*x - 3)*y^4 + (-2*x^3 - x^2 + x)*y^3 + (-x^4 + 2*x^3 -
4*x^2 - 3*x - 1)*y^2 + (-3*x^4 + x^3)*y + x^5 + x^4 + x^3,
y^5 + (5/3*x^2 + 1/6*x + 5/12)*y^4 + (17/6*x^3 + 2*x^2 - 23/4*x + 11/12)*y^3 + 
(-x^6 + 4*x^5 + 1/2*x^4 - 8*x^3 + 11/4*x^2 + 5/2*x - 3/4)*y^2 + (-1/3*x^8 + 
13/6*x^7 - 67/12*x^6 + 21/4*x^5 + 3/4*x^4 - 13/4*x^3 + 1/3*x^2 + 5/6*x - 1/6)*y 
+ 5/6*x^9 - 6*x^8 + 61/4*x^7 - 289/12*x^6 + 61/2*x^5 - 47/2*x^4 + 35/12*x^3 + 
25/4*x^2 - 3/2*x - 2/3
}

trying model #
y^6 + 3*x*y^5 + (-1/2*x^2 + 35/4*x + 7)*y^4 + (3/2*x^3 + 8*x^2 - 73/8*x - 
27/8)*y^3 + (-1/2*x^4 + 1/4*x^3 + 195/8*x^2 + 43*x + 89/8)*y^2 + (5/2*x^4 + 
35/8*x^3 - 29/2*x^2 - 73/4*x - 33/8)*y - 3/4*x^5 + 13/4*x^4 + 179/8*x^3 + 
157/4*x^2 + 201/8*x + 27/4p = 2 fails: 
rational_points(
    N: 212,
    X: Curve over Rational Field defined by x[1]*x[2]*x[3] + x[2]^2...
)
coleman_data(
    Q: y^6 + 3*x*y^5 + (-1/2*x^2 + 35/4*x + 7)*y^4 + (3/2*x^3 + 8*x...,
    p: 2,
    N: 35
)
genus(
    Q: y^6 + 3*x*y^5 + (-1/2*x^2 + 35/4*x + 7)*y^4 + (3/2*x^3 + 8*x...,
    p: 2
)
In file "Coleman/auxpolys.m", line 64, column 25:
>>         Qmodp:=Qmodp+(Fp!D[j])*Fpxy.1^(j-1)*Fpxy.2^(i-1);
                           ^
Runtime error in '!': Division by zero
LHS: FldFin
RHS: FldRatElt.
p = 3 fails: Runtime error: bad prime.
p = 5 fails: Runtime error: bad prime.
p = 7 fails: Runtime error: bad prime.
Time: 235.960
Time: 8709.050
found 7 residue disks.
L = [
rec<recformat<x, b, inf, xt, bt, index> | 
x := O(11^16),
b := [ 1 + O(11^35), O(11^8), O(11^16), O(11^24), O(11^32), -9194670 + O(11^8) 
],
inf := true>,
rec<recformat<x, b, inf, xt, bt, index> | 
x := 5 + O(11^8),
b := [ 1 + O(11^35), -4 + O(11^8), 16 + O(11^8), -64 + O(11^8), 256 + O(11^8), 
-73333322 + O(11^8) ],
inf := false>,
rec<recformat<x, b, inf, xt, bt, index> | 
x := -1 + O(11^8),
b := [ 1 + O(11^35), 5 + O(11^8), 25 + O(11^8), 125 + O(11^8), 625 + O(11^8), 
101538420 + O(11^8) ],
inf := false>,
rec<recformat<x, b, inf, xt, bt, index> | 
x := -1 + O(11^8),
b := [ 1 + O(11^35), -1 + O(11^8), 1 + O(11^8), -1 + O(11^8), 1 + O(11^8), 
-80384553 + O(11^8) ],
inf := false>,
rec<recformat<x, b, inf, xt, bt, index> | 
x := -1 + O(11^8),
b := [ 1 + O(11^35), -4 + O(11^8), 16 + O(11^8), -64 + O(11^8), 256 + O(11^8), 
-56410214 + O(11^8) ],
inf := false>,
rec<recformat<x, b, inf, xt, bt, index> | 
x := -1 + O(11^24),
b := [ 1 + O(11^35), 2 + O(11^16), 4 + O(11^16), 8 + O(11^16), 16 + O(11^16), 
-90256343 + O(11^8) ],
inf := false>,
rec<recformat<x, b, inf, xt, bt, index> | 
x := -4 + O(11^8),
b := [ 1 + O(11^35), -4 + O(11^8), 16 + O(11^8), -64 + O(11^8), 256 + O(11^8), 
67692300 + O(11^8) ],
inf := false>
] (7 pts)
ratpts = [
rec<recformat<x, b, inf, xt, bt, index> | 
x := -1 + O(11^35),
b := [ 1 + O(11^35), -1 + O(11^35), 1 + O(11^35), -1 + O(11^35), 1 + O(11^35), 
-351280460600803098132651737919175579 + O(11^35) ],
inf := false>,
rec<recformat<x, b, inf, xt, bt, index> | 
x := -1 + O(11^35),
b := [ 1 + O(11^35), -4 + O(11^35), 16 + O(11^35), -64 + O(11^35), 256 + 
O(11^35), -739537811791164417121372079829843364 + O(11^35) ],
inf := false>,
rec<recformat<x, b, inf, xt, bt, index> | 
x := -1 + O(11^35),
b := [ 1 + O(11^35), 5 + O(11^35), 25 + O(11^35), 125 + O(11^35), 625 + 
O(11^35), 1331168061224095950818469743693718090 + O(11^35) ],
inf := false>,
rec<recformat<x, b, inf, xt, bt, index> | 
x := -1 + O(11^35),
b := [ 1 + O(11^35), 2 + O(11^35), 4 + O(11^35), 8 + O(11^35), 16 + O(11^35), 
-1183260498865863067394195327727749383 + O(11^35) ],
inf := false>,
rec<recformat<x, b, inf, xt, bt, index> | 
x := 5 + O(11^35),
b := [ 1 + O(11^35), -4 + O(11^35), 16 + O(11^35), -64 + O(11^35), 256 + 
O(11^35), -961399155328513742257783703778796417 + O(11^35) ],
inf := false>,
rec<recformat<x, b, inf, xt, bt, index> | 
x := -4 + O(11^35),
b := [ 1 + O(11^35), -4 + O(11^35), 16 + O(11^35), -64 + O(11^35), 256 + 
O(11^35), 887445374149397300545646495795812080 + O(11^35) ],
inf := false>,
rec<recformat<x, b, inf, xt, bt, index> | 
x := 0,
b := [ 1 + O(11^35), 0, 0, 0, 0, 712147522465565735005765706502810254 + O(11^35)
],
inf := true>
] (7 pts)
found all Q-points!
