216
g = 5
r = 1
3 small points: [ (0 : 0 : 0 : 1 : 0), (0 : 0 : 0 : 0 : 1), (1 : 1 : 1 : 0 : 1) 
]
checking: differences of 2 points generate rank 1 subgroup of J_0(N)^*(Q).
finite index subgroup certified by: p = 5: ell = 2
found 3 plane models:
{
y^6 + y^5 + (-2*x^2 + 2*x + 1)*y^4 + (2*x^2 + 2*x)*y^3 + (x^4 + 2*x^3 + 3*x^2 + 
2*x)*y^2 + (x^4 + 2*x^3 + 2*x^2)*y + x^4 + 2*x^3 + x^2,
y^5 + (-4*x^2 - 7*x)*y^4 + (8*x^4 + 29*x^3 + 57/2*x^2 + 11/2*x + 3/2)*y^3 + 
(-9*x^6 - 103/2*x^5 - 417/4*x^4 - 701/8*x^3 - 197/8*x^2 + 15/4*x + 9/2)*y^2 + 
(6*x^8 + 47*x^7 + 289/2*x^6 + 871/4*x^5 + 623/4*x^4 + 215/8*x^3 - 387/16*x^2 - 
27/4*x + 27/8)*y - 2*x^10 - 20*x^9 - 83*x^8 - 365/2*x^7 - 1761/8*x^6 - 499/4*x^5
+ 3/4*x^4 + 945/32*x^3 + 27/16*x^2 - 81/16*x,
y^5 + (-4*x^2 - 13*x + 2)*y^4 + (6*x^4 + 46*x^3 + 56*x^2 - 20*x + 8)*y^3 + 
(-4*x^6 - 61*x^5 - 160*x^4 - 57*x^3 + 62*x^2 - 76*x + 8)*y^2 + (x^8 + 44*x^7 + 
183*x^6 + 164*x^5 - 139*x^4 - 16*x^3 + 216*x^2 - 64*x + 16)*y + x^10 - 10*x^9 - 
85*x^8 - 153*x^7 + 32*x^6 + 164*x^5 - 144*x^4 - 112*x^3 + 128*x^2 - 64*x
}

trying model #
y^6 + y^5 + (-2*x^2 + 2*x + 1)*y^4 + (2*x^2 + 2*x)*y^3 + (x^4 + 2*x^3 + 3*x^2 + 
2*x)*y^2 + (x^4 + 2*x^3 + 2*x^2)*y + x^4 + 2*x^3 + x^2p = 2 fails: Runtime error: bad prime.
p = 3 fails: Runtime error: bad prime.
Time: 59.550
p = 5 fails: rational_points(
    N: 216,
    X: Curve over Rational Field defined by -x[1]*x[2]^2 - x[1]*x[2...
)
effective_chabauty(
    data: rec<recformat<Q, p, N, g, W0, Winf, r, Delta, s, G0, Ginf, e...
)
local_coord(
    P: rec<recformat<x, b, inf, xt, bt, index> | ...>,
    prec: 1900,
    data: rec<recformat<Q, p, N, g, W0, Winf, r, Delta, s, G0, Ginf, e...
)
approx_root(
    fy: $.1^6 + ((9 + O(5^35)) - (5 + O(5^36))*t + (2 + O(5^35))*t^2...,
    y0: -4 + O(5^35),
    modpprec: 4,
    expamodp: 1 + $.1 + $.1^3 + O($.1^4)
)
Factorization(
    f: 18720
)
LocalFactorization(
    f: 18720
)
In file "/scratch/opt/magma/magma-2.28-13/package/Ring/RngLoc/new.m", line 2102,
column 17:
>>                 error e;
                   ^
Runtime error in assert: Assertion failed.
p = 7 fails: Runtime error: bad prime.
p = 11 fails: Runtime error: bad prime.
Time: 188.810
p = 13 fails: 
rational_points(
    N: 216,
    X: Curve over Rational Field defined by -x[1]*x[2]^2 - x[1]*x[2...
)
effective_chabauty(
    data: rec<recformat<Q, p, N, g, W0, Winf, r, Delta, s, G0, Ginf, e...
)
vanishing_differentials(
    points: [ rec<recformat<x, b, inf, xt, bt, index> | ...>, rec<recfor...,
    data: rec<recformat<Q, p, N, g, W0, Winf, r, Delta, s, G0, Ginf, e...
)
In file "Coleman/applications.m", line 655, column 16:
>>   K:=pAdicField(p,Nint);
                  ^
Runtime error in 'pAdicField': Precision must be small and positive
.
Time: 268.060
p = 17 fails: 
rational_points(
    N: 216,
    X: Curve over Rational Field defined by -x[1]*x[2]^2 - x[1]*x[2...
)
effective_chabauty(
    data: rec<recformat<Q, p, N, g, W0, Winf, r, Delta, s, G0, Ginf, e...
)
vanishing_differentials(
    points: [ rec<recformat<x, b, inf, xt, bt, index> | ...>, rec<recfor...,
    data: rec<recformat<Q, p, N, g, W0, Winf, r, Delta, s, G0, Ginf, e...
)
In file "Coleman/applications.m", line 655, column 16:
>>   K:=pAdicField(p,Nint);
                  ^
Runtime error in 'pAdicField': Precision must be small and positive
.
Time: 305.590
p = 19 fails: 
rational_points(
    N: 216,
    X: Curve over Rational Field defined by -x[1]*x[2]^2 - x[1]*x[2...
)
effective_chabauty(
    data: rec<recformat<Q, p, N, g, W0, Winf, r, Delta, s, G0, Ginf, e...
)
vanishing_differentials(
    points: [ rec<recformat<x, b, inf, xt, bt, index> | ...>, rec<recfor...,
    data: rec<recformat<Q, p, N, g, W0, Winf, r, Delta, s, G0, Ginf, e...
)
In file "Coleman/applications.m", line 655, column 16:
>>   K:=pAdicField(p,Nint);
                  ^
Runtime error in 'pAdicField': Precision must be small and positive
.

trying model #
y^5 + (-4*x^2 - 7*x)*y^4 + (8*x^4 + 29*x^3 + 57/2*x^2 + 11/2*x + 3/2)*y^3 + 
(-9*x^6 - 103/2*x^5 - 417/4*x^4 - 701/8*x^3 - 197/8*x^2 + 15/4*x + 9/2)*y^2 + 
(6*x^8 + 47*x^7 + 289/2*x^6 + 871/4*x^5 + 623/4*x^4 + 215/8*x^3 - 387/16*x^2 - 
27/4*x + 27/8)*y - 2*x^10 - 20*x^9 - 83*x^8 - 365/2*x^7 - 1761/8*x^6 - 499/4*x^5
+ 3/4*x^4 + 945/32*x^3 + 27/16*x^2 - 81/16*xp = 2 fails: 
rational_points(
    N: 216,
    X: Curve over Rational Field defined by -x[1]*x[2]^2 - x[1]*x[2...
)
coleman_data(
    Q: y^5 + (-4*x^2 - 7*x)*y^4 + (8*x^4 + 29*x^3 + 57/2*x^2 + 11/2...,
    p: 2,
    N: 35
)
genus(
    Q: y^5 + (-4*x^2 - 7*x)*y^4 + (8*x^4 + 29*x^3 + 57/2*x^2 + 11/2...,
    p: 2
)
In file "Coleman/auxpolys.m", line 64, column 25:
>>         Qmodp:=Qmodp+(Fp!D[j])*Fpxy.1^(j-1)*Fpxy.2^(i-1);
                           ^
Runtime error in '!': Division by zero
LHS: FldFin
RHS: FldRatElt.
p = 3 fails: Runtime error: bad prime.
p = 5 fails: Runtime error: bad prime.
p = 7 fails: Runtime error: bad prime.
Time: 161.670
p = 11 fails: Runtime error: something is wrong, number of approximate roots is 
different from 1.
p = 13 fails: Runtime error: bad prime.
Time: 297.470
p = 17 fails: 
rational_points(
    N: 216,
    X: Curve over Rational Field defined by -x[1]*x[2]^2 - x[1]*x[2...
)
effective_chabauty(
    data: rec<recformat<Q, p, N, g, W0, Winf, r, Delta, s, G0, Ginf, e...
)
local_coord(
    P: rec<recformat<x, b, inf, xt, bt, index> | ...>,
    prec: 1800,
    data: rec<recformat<Q, p, N, g, W0, Winf, r, Delta, s, G0, Ginf, e...
)
approx_root(
    fy: $.1^5 + ((727096854066135973677005889921114592393793 + O(17^...,
    y0: 5451105436130396734602433086120385389093704*17 + O(17^36),
    modpprec: 2,
    expamodp: 6*$.1 + O($.1^2)
)
Factorization(
    f: 0
)
In file "/scratch/opt/magma/magma-2.28-13/package/Ring/RngLoc/new.m", line 2142,
column 30:
>>     return LocalFactorization(
                                ^
Runtime error in 'LocalFactorization': Argument 1 is not non-zero
.
Time: 331.350
Time: 5971.520
found 7 residue disks.
L = [
rec<recformat<x, b, inf, xt, bt, index> | 
x := O(19^21),
b := [ 1 + O(19^35), -55759322635592367416055491 + O(19^21), 
-14673505956734833530540919*19 + O(19^21), -267317971345649428431568964 + 
O(19^21), -155923088820194385974452580 + O(19^21) ],
inf := true>,
rec<recformat<x, b, inf, xt, bt, index> | 
x := O(19^21),
b := [ 1 + O(19^35), 55759322635592367416055493 + O(19^21), 
278796613177961837080277459 + O(19^21), -208821692449932708684268682 + O(19^21),
22008808377686909910622808 + O(19^21) ],
inf := true>,
rec<recformat<x, b, inf, xt, bt, index> | 
x := O(19^21),
b := [ 1 + O(19^35), 2 + O(19^21), 10 + O(19^21), 238069831897791068557918851 + 
O(19^21), 357104747846686602836878112 + O(19^21) ],
inf := true>,
rec<recformat<x, b, inf, xt, bt, index> | 
x := O(19^21),
b := [ 1 + O(19^35), O(19^21), O(19^21), O(19^21), -4 + O(19^21) ],
inf := false>,
rec<recformat<x, b, inf, xt, bt, index> | 
x := 357104747846686602836878208 + O(19^21),
b := [ 1 + O(19^35), -3 + O(19^21), -1 + O(19^21), 18 + O(19^21), -60 + O(19^21)
],
inf := false>,
rec<recformat<x, b, inf, xt, bt, index> | 
x := -1 + O(19^21),
b := [ 1 + O(19^35), 329225086528890419128850462 + O(19^21), -6 + O(19^21), 
278796613177961837080277475 + O(19^21), 268134914608634266345312423 + O(19^21) 
],
inf := false>,
rec<recformat<x, b, inf, xt, bt, index> | 
x := -1 + O(19^21),
b := [ 1 + O(19^35), -329225086528890419128850465 + O(19^21), -6 + O(19^21), 
-2421425100258081454101546702 + O(19^22), -268134914608634266345312543 + 
O(19^21) ],
inf := false>
] (7 pts)
ratpts = [
rec<recformat<x, b, inf, xt, bt, index> | 
x := 0,
b := [ 1 + O(19^35), 0, 0, 0, -4 + O(19^35) ],
inf := false>,
rec<recformat<x, b, inf, xt, bt, index> | 
x := 285329081054313587389485537745756010928461348 + O(19^35),
b := [ 1 + O(19^35), -3 + O(19^35), -1 + O(19^35), 18 + O(19^35), -60 + O(19^35)
],
inf := false>,
rec<recformat<x, b, inf, xt, bt, index> | 
x := 0,
b := [ 1 + O(19^35), 2 + O(19^35), 10 + O(19^35), 
190219387369542391592990358497170673952307611 + O(19^35), 
285329081054313587389485537745756010928461252 + O(19^35) ],
inf := true>
] (3 pts)
have to exclude 4 residue discs.

trying model #
y^5 + (-4*x^2 - 13*x + 2)*y^4 + (6*x^4 + 46*x^3 + 56*x^2 - 20*x + 8)*y^3 + 
(-4*x^6 - 61*x^5 - 160*x^4 - 57*x^3 + 62*x^2 - 76*x + 8)*y^2 + (x^8 + 44*x^7 + 
183*x^6 + 164*x^5 - 139*x^4 - 16*x^3 + 216*x^2 - 64*x + 16)*y + x^10 - 10*x^9 - 
85*x^8 - 153*x^7 + 32*x^6 + 164*x^5 - 144*x^4 - 112*x^3 + 128*x^2 - 64*xp = 2 fails: Runtime error: bad prime.
p = 3 fails: Runtime error: bad prime.
Time: 73.900
p = 5 fails: Runtime error: In Hensel lift of power series, derivative has 
leading term divisible by p.
p = 7 fails: Runtime error: bad prime.
Time: 195.550
Time: 1613.020
found 3 residue disks.
L = [
rec<recformat<x, b, inf, xt, bt, index> | 
x := O(11^27),
b := [ 1 + O(11^35), O(11^27), O(11^27), O(11^27), -6554997095749965183530730184
+ O(11^27) ],
inf := false>,
rec<recformat<x, b, inf, xt, bt, index> | 
x := -2 + O(11^27),
b := [ 1 + O(11^35), -12 + O(11^27), -80 + O(11^27), -580 + O(11^27), 
-4096873184843728239706706364 + O(11^27) ],
inf := false>,
rec<recformat<x, b, inf, xt, bt, index> | 
x := 1 + O(11^27),
b := [ 1 + O(11^35), 3 + O(11^27), 15 + O(11^27), 95 + O(11^27), 
-521420223525565412326308083*11 + O(11^27) ],
inf := false>
] (3 pts)
ratpts = [
rec<recformat<x, b, inf, xt, bt, index> | 
x := 0,
b := [ 1 + O(11^35), 0, 0, 0, -1405121842403212392530606951676702424 + O(11^35) 
],
inf := false>,
rec<recformat<x, b, inf, xt, bt, index> | 
x := 1 + O(11^35),
b := [ 1 + O(11^35), 3 + O(11^35), 15 + O(11^35), 95 + O(11^35), 
-878201151502007745331629344797939016*11 + O(11^36) ],
inf := false>,
rec<recformat<x, b, inf, xt, bt, index> | 
x := -2 + O(11^35),
b := [ 1 + O(11^35), -12 + O(11^35), -80 + O(11^35), -580 + O(11^35), 
-878201151502007745331629344797939014 + O(11^35) ],
inf := false>
] (3 pts)
found all Q-points!
