279
Hyperelliptic Curve defined by y^2 + (-x^6 - x^5 - x^4 - x - 1)*y = -3*x^11 + 
    11*x^10 - 34*x^9 + 64*x^8 - 87*x^7 + 79*x^6 - 42*x^5 - 3*x^4 + 14*x^3 - 
    2*x^2 - x over Rational Field
g = 5
r = 2
6 small points: {@ (1 : -1 : 0), (1 : 1 : 0), (0 : -1 : 1), (0 : 1 : 1), (1 : -3
: 1), (1 : 3 : 1) @}
checking: differences of 5 points generate rank 2 subgroup of J_0(N)^*(Q).
Runtime error: differences of small rat pts do not generate a finite index 
subgroup of J(Q).
debug> q
> for N in [316,364,376,378,396,414,440,444,495,572,630] do
for> SetLogFile("X0" * Sprint(N) * "star.log");
for> // N := StringToInteger(N);
for> print N;
for> //index := StringToInteger(index);
for> X := X0NQuotient(N, [p^Valuation(N,p) : p in PrimeDivisors(N)]);
for> print X;
for> 
for> rational_points(N, X);
for> end for;
279
Hyperelliptic Curve defined by y^2 + (-x^6 - x^5 - x^4 - x - 1)*y = -3*x^11 + 
    11*x^10 - 34*x^9 + 64*x^8 - 87*x^7 + 79*x^6 - 42*x^5 - 3*x^4 + 14*x^3 - 
    2*x^2 - x over Rational Field
g = 5
r = 2
checking: differences of 5 points generate rank 2 subgroup of J_0(N)^*(Q).
finite index subgroup certified by: p = 5: ell = 3
6 small points: {@ (1 : -1 : 0), (1 : 1 : 0), (0 : -1 : 1), (0 : 1 : 1), (1 : -3
: 1), (1 : 3 : 1) @}

rational_points(
    N: 279,
    X: X
)
In file "X0NstarCCsolver.m", line 88, column 37:
>>             Append(~denoms, Lcm([Lcm([Denominator(Coefficient(Qx, j)) : j i
                                       ^
Runtime error in 'Lcm': Illegal null set/sequence

found 1 plane models:
{
y^2 - x^12 + 10*x^11 - 47*x^10 + 134*x^9 - 257*x^8 + 346*x^7 - 320*x^6 + 164*x^5
+ 10*x^4 - 56*x^3 + 7*x^2 + 2*x - 1
}

trying model #
y^2 - x^12 + 10*x^11 - 47*x^10 + 134*x^9 - 257*x^8 + 346*x^7 - 320*x^6 + 164*x^5
+ 10*x^4 - 56*x^3 + 7*x^2 + 2*x - 1p = 2 fails: Runtime error: bad prime.
p = 3 fails: Runtime error: bad prime.
Time: 1.580
Time: 49.020
found 6 residue disks.
L = [
rec<recformat<x, b, inf, xt, bt, index> | 
x := O(5^31),
b := [ 1 + O(5^35), -1 + O(5^32) ],
inf := true>,
rec<recformat<x, b, inf, xt, bt, index> | 
x := O(5^31),
b := [ 1 + O(5^35), 1 + O(5^32) ],
inf := true>,
rec<recformat<x, b, inf, xt, bt, index> | 
x := O(5^31),
b := [ 1 + O(5^35), -1 + O(5^31) ],
inf := false>,
rec<recformat<x, b, inf, xt, bt, index> | 
x := O(5^31),
b := [ 1 + O(5^35), 1 + O(5^31) ],
inf := false>,
rec<recformat<x, b, inf, xt, bt, index> | 
x := 1 + O(5^31),
b := [ 1 + O(5^35), 3 + O(5^31) ],
inf := false>,
rec<recformat<x, b, inf, xt, bt, index> | 
x := 1 + O(5^31),
b := [ 1 + O(5^35), -3 + O(5^31) ],
inf := false>
] (6 pts)
ratpts = [
rec<recformat<x, b, inf, xt, bt, index> | 
x := 1 + O(5^35),
b := [ 1 + O(5^35), 3 + O(5^35) ],
inf := false>,
rec<recformat<x, b, inf, xt, bt, index> | 
x := 1 + O(5^35),
b := [ 1 + O(5^35), -3 + O(5^35) ],
inf := false>,
rec<recformat<x, b, inf, xt, bt, index> | 
x := 0,
b := [ 1 + O(5^35), 1 + O(5^35) ],
inf := false>,
rec<recformat<x, b, inf, xt, bt, index> | 
x := 0,
b := [ 1 + O(5^35), -1 + O(5^35) ],
inf := false>,
rec<recformat<x, b, inf, xt, bt, index> | 
x := 0,
b := [ 1 + O(5^35), 1 + O(5^35) ],
inf := true>,
rec<recformat<x, b, inf, xt, bt, index> | 
x := 0,
b := [ 1 + O(5^35), -1 + O(5^35) ],
inf := true>
] (6 pts)
found all Q-points!
> quit;

Total time: 56.429 seconds, Total memory usage: 64.12MB
