364
Curve over Rational Field defined by
x[1]*x[2]*x[3] + x[1]*x[3]^2 - x[1]^2*x[4] + x[1]*x[4]^2 + x[1]*x[3]*x[5],
x[1]^2*x[3] + x[3]^3 + x[1]^2*x[4] - x[1]*x[4]^2,
x[1]^3 + x[1]^2*x[2] + x[1]^2*x[3] + x[1]*x[3]^2 + x[1]^2*x[5],
x[2]^2*x[3] + x[2]*x[3]^2 - x[1]*x[2]*x[4] + x[2]*x[4]^2 + x[2]*x[3]*x[5],
x[2]*x[3]^2 + x[3]^3 - x[1]*x[3]*x[4] + x[3]*x[4]^2 + x[3]^2*x[5],
-x[1]^2*x[5] - x[1]*x[2]*x[5] - x[1]*x[3]*x[5] - x[3]^2*x[5] - x[1]*x[5]^2,
-x[1]^2*x[3] + x[1]*x[2]*x[3] + x[2]^2*x[3] + x[1]*x[2]*x[4] - x[1]*x[3]*x[4] + 
    x[1]*x[4]^2 - x[2]*x[3]*x[5] + x[1]*x[4]*x[5],
x[2]*x[3]*x[5] + x[3]^2*x[5] - x[1]*x[4]*x[5] + x[4]^2*x[5] + x[3]*x[5]^2,
x[1]^2*x[4] + x[1]*x[2]*x[4] + x[1]*x[3]*x[4] + x[3]^2*x[4] + x[1]*x[4]*x[5],
x[2]*x[3]*x[4] + x[3]^2*x[4] - x[1]*x[4]^2 + x[4]^3 + x[3]*x[4]*x[5],
x[1]^2*x[2] + x[1]*x[2]^2 - x[1]*x[2]*x[3] - x[1]^2*x[4] - x[1]*x[3]*x[4] - 
    x[1]*x[4]^2 - x[1]*x[2]*x[5] - x[1]*x[3]*x[5],
-x[1]^2*x[2] - x[1]*x[2]^2 - x[1]*x[2]*x[3] - x[2]*x[3]^2 - x[1]*x[2]*x[5],
x[1]*x[2]*x[5] + x[2]^2*x[5] + x[3]^2*x[5] - 2*x[1]*x[4]*x[5] - x[3]*x[4]*x[5] -
    x[2]*x[5]^2,
x[1]*x[2]^2 + x[2]^3 - x[2]^2*x[3] - x[1]*x[2]*x[4] - x[2]*x[3]*x[4] - 
    x[2]*x[4]^2 - x[2]^2*x[5] - x[2]*x[3]*x[5],
-x[1]^3 + x[1]*x[2]^2 - x[2]*x[3]^2 - x[2]^2*x[4] + x[1]*x[3]*x[4] + x[1]*x[4]^2
    + x[1]*x[3]*x[5] + x[1]*x[4]*x[5] + x[2]*x[4]*x[5] + x[1]*x[5]^2
g = 5
r = 2
4 small points: [ (0 : 1 : 0 : 0 : 1), (0 : 0 : 0 : 0 : 1), (-1 : 1 : 0 : 0 : 
0), (-1 : 0 : 0 : 0 : 1) ]
checking: differences of 3 points generate rank 2 subgroup of J_0(N)^*(Q).
finite index subgroup certified by: p = 3: ell = 2
found 3 plane models:
{
y^6 + (3*x + 4)*y^5 + (5/2*x^2 + 6*x + 5)*y^4 + (1/2*x^3 + 3/4*x^2 + 1/2*x + 
2)*y^3 + (1/4*x^4 + 1/2*x^3 - 3/2*x^2 - 1/2*x + 2)*y^2 + (1/4*x^4 - 1/4*x^3 - 
3/4*x^2 - x)*y + 1/4*x^3 - 1/2*x^2 - x,
y^6 + (-x - 1)*y^5 + (3/2*x^2 + 2*x + 3)*y^4 + (-1/2*x^3 - 1/4*x^2 - 5/2*x - 
1)*y^3 + (1/4*x^4 - 1/2*x^3 + 2*x + 2)*y^2 + (1/4*x^4 - 3/4*x^3 - 3/4*x^2 + 
1/2*x)*y - 1/4*x^3 + 1/2*x^2 + x,
y^6 + (2*x - 1)*y^5 + (6*x^2 - 4*x + 3)*y^4 + (4*x^3 - x^2 + 5*x - 1)*y^3 + 
(4*x^4 + 4*x^3 - 4*x + 2)*y^2 + (4*x^4 + 6*x^3 - 3*x^2 - x)*y + 2*x^3 + 2*x^2 - 
2*x
}

trying model #
y^6 + (3*x + 4)*y^5 + (5/2*x^2 + 6*x + 5)*y^4 + (1/2*x^3 + 3/4*x^2 + 1/2*x + 
2)*y^3 + (1/4*x^4 + 1/2*x^3 - 3/2*x^2 - 1/2*x + 2)*y^2 + (1/4*x^4 - 1/4*x^3 - 
3/4*x^2 - x)*y + 1/4*x^3 - 1/2*x^2 - xp = 2 fails: 
rational_points(
    N: 364,
    X: Curve over Rational Field defined by x[1]*x[2]*x[3] + x[1]*x...
)
coleman_data(
    Q: y^6 + (3*x + 4)*y^5 + (5/2*x^2 + 6*x + 5)*y^4 + (1/2*x^3 + 3...,
    p: 2,
    N: 35
)
genus(
    Q: y^6 + (3*x + 4)*y^5 + (5/2*x^2 + 6*x + 5)*y^4 + (1/2*x^3 + 3...,
    p: 2
)
In file "Coleman/auxpolys.m", line 64, column 25:
>>         Qmodp:=Qmodp+(Fp!D[j])*Fpxy.1^(j-1)*Fpxy.2^(i-1);
                           ^
Runtime error in '!': Division by zero
LHS: FldFin
RHS: FldRatElt.
Time: 41.540
Time: 3413.720
found 4 residue disks.
L = [
rec<recformat<x, b, inf, xt, bt, index> | 
x := O(3^25),
b := [ 1 + O(3^35), O(3^25), O(3^35), O(3^35), 1270932914164 + O(3^26), 8*3^2 + 
O(3^25) ],
inf := true>,
rec<recformat<x, b, inf, xt, bt, index> | 
x := O(3^26),
b := [ 1 + O(3^35), O(3^35), O(3^35), O(3^35), 1270932914164 + O(3^26), 8 + 
O(3^26) ],
inf := true>,
rec<recformat<x, b, inf, xt, bt, index> | 
x := O(3^35),
b := [ 1 + O(3^35), O(3^26), O(3^35), O(3^35), -8 + O(3^26), O(3^26) ],
inf := false>,
rec<recformat<x, b, inf, xt, bt, index> | 
x := -1 + O(3^25),
b := [ 1 + O(3^35), -2 + O(3^25), 4 + O(3^25), -8 + O(3^26), 32 + O(3^25), 
O(3^25) ],
inf := false>
] (4 pts)
ratpts = [
rec<recformat<x, b, inf, xt, bt, index> | 
x := 0,
b := [ 1 + O(3^35), 0, 0, 0, -8 + O(3^35), 0 ],
inf := false>,
rec<recformat<x, b, inf, xt, bt, index> | 
x := -1 + O(3^35),
b := [ 1 + O(3^35), -2 + O(3^35), 4 + O(3^35), -8 + O(3^35), 32 + O(3^35), 0 ],
inf := false>,
rec<recformat<x, b, inf, xt, bt, index> | 
x := 0,
b := [ 1 + O(3^35), 0, 0, 0, 25015772549499853 + O(3^35), 8*3^2 + O(3^37) ],
inf := true>,
rec<recformat<x, b, inf, xt, bt, index> | 
x := 0,
b := [ 1 + O(3^35), 0, 0, 0, 25015772549499853 + O(3^35), 8 + O(3^35) ],
inf := true>
] (4 pts)
found all Q-points!
