396
Curve over Rational Field defined by
x[1]^2*x[4] + x[2]*x[3]*x[4] + x[1]*x[4]^2 + x[1]*x[4]*x[5],
x[1]^2*x[5] + x[1]*x[2]*x[5] - x[1]*x[3]*x[5] - x[4]*x[5]^2,
x[1]^2*x[2] + x[2]^2*x[3] + x[1]*x[2]*x[4] + x[1]*x[2]*x[5],
-x[1]^2*x[4] - x[1]*x[2]*x[4] + x[1]*x[3]*x[4] + x[4]^2*x[5],
x[1]^3 + x[1]*x[2]*x[3] + x[1]^2*x[4] + x[1]^2*x[5],
-x[1]*x[2]*x[3] - x[2]^2*x[3] + x[2]*x[3]^2 - x[1]*x[4]*x[5] - x[4]^2*x[5] - 
    x[4]*x[5]^2,
-x[1]^3 - x[1]^2*x[2] + x[1]^2*x[3] + x[1]*x[4]*x[5],
-x[1]^2*x[2] + x[1]*x[3]^2 + x[1]^2*x[4] + x[1]^2*x[5] + x[1]*x[4]*x[5] + 
    x[3]*x[4]*x[5],
-x[1]^2*x[2] - x[1]*x[2]^2 + x[1]*x[2]*x[3] + x[2]*x[4]*x[5],
x[1]^2*x[5] + x[2]*x[3]*x[5] + x[1]*x[4]*x[5] + x[1]*x[5]^2,
-x[1]^3 - x[1]*x[2]*x[4] + x[1]*x[3]*x[5] + x[1]*x[4]*x[5] - x[2]*x[4]*x[5] + 
    x[3]*x[4]*x[5],
x[2]^2*x[4] - 2*x[2]*x[3]*x[4] + x[3]^2*x[4] + x[2]*x[4]^2 - x[3]*x[4]*x[5],
x[2]^3 + x[1]*x[2]*x[3] - x[2]^2*x[3] + x[2]^2*x[4] - x[2]*x[3]*x[5] + 
    x[1]*x[4]*x[5] + x[4]^2*x[5] + x[4]*x[5]^2,
-x[1]*x[2]*x[3] - x[2]*x[3]^2 + x[3]^3 + x[2]*x[3]*x[4] - x[3]^2*x[5] - 
    x[1]*x[4]*x[5] - x[4]^2*x[5] - x[4]*x[5]^2,
x[1]^2*x[5] + x[2]^2*x[5] - x[2]*x[3]*x[5] + x[3]^2*x[5] + x[1]*x[4]*x[5] + 
    x[2]*x[4]*x[5] + x[1]*x[5]^2 - x[3]*x[5]^2
g = 5
r = 2
6 small points: [ (0 : -1 : 0 : 1 : 0), (0 : 0 : 1 : 0 : 1), (-1 : -1 : -1 : 1 :
1), (0 : 0 : 0 : 1 : 0), (0 : 0 : 0 : 0 : 1), (-1 : 1 : 1 : 1 : 1) ]
checking: differences of 5 points generate rank 2 subgroup of J_0(N)^*(Q).
finite index subgroup certified by: p = 5: ell = 2
found 5 plane models:
{
y^4 + (-x^3 - 1)*y^3 + (2*x^4 + 3*x^3 + x^2 + 2*x)*y^2 + (-2*x^5 - 3*x^4 - 
x^3)*y + 2*x^6 + 4*x^5 + 5*x^4 + 3*x^3 + x^2,
y^6 + (6*x + 3)*y^5 + (11*x^2 + 11*x + 3)*y^4 + (6*x^3 + 9*x^2 + 5*x + 1)*y^3 + 
(x^4 + 2*x^3 + x^2)*y^2 + (2*x^3 + 3*x^2 + x)*y + 3*x^4 + 6*x^3 + 4*x^2 + x,
y^6 + (15/4*x - 1)*y^5 + (27/4*x^2 - 15/4*x + 1/4)*y^4 + (7*x^3 - 17/4*x^2 + 
5/2*x)*y^3 + (6*x^4 - x^3 + 9/4*x^2 - 5/4*x)*y^2 + (3*x^5 - 1/2*x^4 - 1/2*x^3 - 
5/4*x^2 + 1/4*x)*y + x^6 - 1/4*x^4 + 1/4*x^2,
y^4 + (-5*x^2 + 5*x - 1)*y^3 + (-x^6 + 3*x^5 + 3*x^4 - 11*x^3 + 7*x^2 - x)*y^2 +
(x^8 - 4*x^7 + 3*x^6 + 5*x^5 - 8*x^4 + 3*x^3)*y + x^12 - 6*x^11 + 17*x^10 - 
30*x^9 + 37*x^8 - 34*x^7 + 23*x^6 - 10*x^5 + 2*x^4,
y^5 + (6*x^2 - 5*x)*y^4 + (13*x^4 - 27*x^3 + 10*x^2 - x)*y^3 + (10*x^6 - 50*x^5 
+ 43*x^4 - 14*x^3 + 4*x^2)*y^2 + (-32*x^7 + 59*x^6 - 31*x^5 + 17*x^4 - 5*x^3)*y 
+ 26*x^8 - 18*x^7 + 13*x^6 - 9*x^5 + 2*x^4
}

trying model #
y^4 + (-x^3 - 1)*y^3 + (2*x^4 + 3*x^3 + x^2 + 2*x)*y^2 + (-2*x^5 - 3*x^4 - 
x^3)*y + 2*x^6 + 4*x^5 + 5*x^4 + 3*x^3 + x^2p = 2 fails: Runtime error: bad prime.
p = 3 fails: Runtime error: bad prime.
p = 5 fails: Runtime error: bad prime.
Time: 27.380
Time: 2272.860
found 6 residue disks.
L = [
rec<recformat<x, b, inf, xt, bt, index> | 
x := O(7^19),
b := [ 1 + O(7^35), 1 + O(7^35), -2 + O(7^19), -1 + O(7^19) ],
inf := true>,
rec<recformat<x, b, inf, xt, bt, index> | 
x := O(7^19),
b := [ 1 + O(7^35), 1 + O(7^19), 1 + O(7^19), -2 + O(7^19) ],
inf := false>,
rec<recformat<x, b, inf, xt, bt, index> | 
x := O(7^35),
b := [ 1 + O(7^35), O(7^35), O(7^35), O(7^19) ],
inf := false>,
rec<recformat<x, b, inf, xt, bt, index> | 
x := -1 + O(7^19),
b := [ 1 + O(7^35), -1 + O(7^19), 1 + O(7^19), -2 + O(7^19) ],
inf := false>,
rec<recformat<x, b, inf, xt, bt, index> | 
x := -1 + O(7^18),
b := [ 1 + O(7^35), -1 + O(7^18), 1 + O(7^18), O(7^18) ],
inf := false>,
rec<recformat<x, b, inf, xt, bt, index> | 
x := -1 + O(7^35),
b := [ 1 + O(7^35), 1 + O(7^19), 1 + O(7^19), -2 + O(7^19) ],
inf := false>
] (6 pts)
ratpts = [
rec<recformat<x, b, inf, xt, bt, index> | 
x := 0,
b := [ 1 + O(7^35), 1 + O(7^35), 1 + O(7^35), -2 + O(7^35) ],
inf := false>,
rec<recformat<x, b, inf, xt, bt, index> | 
x := 0,
b := [ 1 + O(7^35), 0, 0, 0 ],
inf := false>,
rec<recformat<x, b, inf, xt, bt, index> | 
x := -1 + O(7^35),
b := [ 1 + O(7^35), -1 + O(7^35), 1 + O(7^35), 0 ],
inf := false>,
rec<recformat<x, b, inf, xt, bt, index> | 
x := -1 + O(7^35),
b := [ 1 + O(7^35), -1 + O(7^35), 1 + O(7^35), -2 + O(7^35) ],
inf := false>,
rec<recformat<x, b, inf, xt, bt, index> | 
x := -1 + O(7^35),
b := [ 1 + O(7^35), 1 + O(7^35), 1 + O(7^35), -2 + O(7^35) ],
inf := false>,
rec<recformat<x, b, inf, xt, bt, index> | 
x := 0,
b := [ 1 + O(7^35), 1 + O(7^35), -2 + O(7^35), -1 + O(7^35) ],
inf := true>
] (6 pts)
found all Q-points!
