> // N := StringToInteger(N);
> print N;
495
> //index := StringToInteger(index);
> X := X0NQuotient(N, [p^Valuation(N,p) : p in PrimeDivisors(N)]);
> print X;
Curve over Rational Field defined by
x[1]^2*x[3] - x[1]*x[2]*x[3] + x[2]^2*x[3] - x[2]*x[3]^2 - x[1]*x[3]*x[4] + 
    x[1]*x[3]*x[5],
x[1]^2*x[4] - x[1]*x[2]*x[4] + x[2]^2*x[4] - x[2]*x[3]*x[4] - x[1]*x[4]^2 + 
    x[1]*x[4]*x[5],
-x[1]^3 + x[1]*x[2]^2 - x[2]^2*x[3] + x[1]*x[3]^2 + x[2]*x[3]^2 + x[1]*x[4]*x[5]
    + x[2]*x[4]*x[5],
-x[1]^2*x[2] + x[1]*x[2]^2 - x[2]^3 + x[2]^2*x[3] + x[1]*x[2]*x[4] - 
    x[1]*x[2]*x[5],
-x[1]^3 + x[1]^2*x[2] - x[1]*x[2]^2 + x[1]*x[2]*x[3] + x[1]^2*x[4] - 
    x[1]^2*x[5],
x[1]^2*x[5] - x[1]*x[2]*x[5] + x[2]^2*x[5] - x[2]*x[3]*x[5] - x[1]*x[4]*x[5] + 
    x[1]*x[5]^2,
-x[1]^2*x[2] + x[2]^3 + x[1]*x[2]*x[3] + x[1]*x[3]^2 - x[1]^2*x[4] - 
    x[1]*x[2]*x[4] + x[2]*x[3]*x[4] + x[1]^2*x[5] + x[1]*x[2]*x[5] - 
    x[2]*x[3]*x[5] + x[1]*x[4]*x[5] + x[2]*x[4]*x[5],
x[1]^2*x[4] + x[1]*x[2]*x[4] - 2*x[1]*x[3]*x[4] - 2*x[2]*x[3]*x[4] + x[3]^2*x[4]
    - x[3]*x[4]^2 + x[3]*x[4]*x[5],
x[1]^2*x[2] - x[1]^2*x[3] - x[1]*x[2]*x[3] - x[1]^2*x[4] + x[1]*x[2]*x[4] + 
    x[1]^2*x[5] - x[1]*x[2]*x[5] + x[1]*x[4]*x[5] + x[2]*x[4]*x[5] - 
    x[3]*x[4]*x[5] + x[4]^2*x[5] - x[4]*x[5]^2,
x[1]^2*x[5] + x[1]*x[2]*x[5] - 2*x[1]*x[3]*x[5] - 2*x[2]*x[3]*x[5] + x[3]^2*x[5]
    - x[3]*x[4]*x[5] + x[3]*x[5]^2,
x[1]^3 + x[1]^2*x[2] - 2*x[1]^2*x[3] - x[2]^2*x[3] - x[1]*x[3]^2 - x[2]*x[3]^2 +
    x[3]^3 - x[3]^2*x[4] + x[3]^2*x[5],
-x[1]^3 - x[1]^2*x[2] + 2*x[1]^2*x[3] + 2*x[1]*x[2]*x[3] - x[1]*x[3]^2 + 
    x[1]*x[3]*x[4] - x[1]*x[3]*x[5],
-x[1]^3 + x[1]^2*x[2] + x[1]*x[2]^2 - x[2]^3 + x[1]^2*x[3] - x[1]*x[2]*x[3] - 
    x[2]*x[3]^2 + x[3]^3 + x[1]*x[3]*x[4] - x[3]^2*x[4] - x[1]*x[3]*x[5] + 
    x[3]^2*x[5] + x[1]*x[4]*x[5] - 2*x[2]*x[4]*x[5] + x[3]*x[4]*x[5] - 
    x[4]^2*x[5] + x[4]*x[5]^2,
x[1]^2*x[3] - x[1]*x[2]*x[3] - x[1]*x[3]^2 + 2*x[2]*x[3]^2 - x[3]^3 - 
    x[3]*x[4]^2 + 2*x[1]*x[4]*x[5] - x[2]*x[4]*x[5] - x[4]^2*x[5] - x[3]*x[5]^2 
    + x[4]*x[5]^2,
-x[1]^2*x[2] + x[1]*x[2]^2 + x[1]^2*x[3] - x[1]*x[3]^2 + x[1]^2*x[4] - 
    x[1]*x[2]*x[4] - x[2]^2*x[4] - 2*x[1]*x[3]*x[4] + 3*x[2]*x[3]*x[4] - 
    2*x[3]^2*x[4] + x[1]*x[4]^2 + 2*x[1]^2*x[5] - x[1]*x[2]*x[5] - 
    x[1]*x[3]*x[5] + x[2]*x[4]*x[5] - x[3]*x[4]*x[5] - 2*x[4]^2*x[5] - 
    x[4]*x[5]^2
> 
> rational_points(N, X);
g = 5
r = 3
6 small points: [ (-2 : -2 : -1 : 0 : 1), (2 : 2 : 1 : 1 : 0), (0 : 0 : 0 : 1 : 
0), (0 : 0 : 0 : 0 : 1), (0 : 1 : 1 : 0 : 1), (0 : -1 : -1 : 1 : 0) ]
checking: differences of 5 points generate rank 3 subgroup of J_0(N)^*(Q).
finite index subgroup certified by: p = 7: ell = 5
found 5 plane models:
{
y^5 + (x^2 - 3/2*x - 3/2)*y^4 + (-5/2*x^3 - x^2 + x + 3/2)*y^3 + (x^4 - 15/2*x^3
+ 4*x^2 - 3*x)*y^2 + (-4*x^5 + 4*x^4 - 13/2*x^3 + 3/2*x^2 + 3/2*x)*y + 2*x^6 - 
4*x^5 - 9/2*x^4 + 3*x^3,
y^6 + (-87/16*x + 15/16)*y^5 + (49/8*x^2 + 79/16*x - 73/16)*y^4 + (17/8*x^3 - 
147/8*x^2 + 15*x - 7/4)*y^3 + (49/8*x^4 - 97/4*x^3 + 97/2*x^2 - 315/8*x + 
10)*y^2 + (5*x^5 - 27*x^4 + 379/8*x^3 - 413/8*x^2 + 495/16*x - 115/16)*y + x^6 -
29/4*x^5 + 147/8*x^4 - 85/4*x^3 + 135/8*x^2 - 125/16*x + 25/16,
y^6 + (-2*x - 32/5)*y^5 + (-22193/80*x^2 + 38411/40*x - 64213/80)*y^4 + 
(122447/80*x^3 - 102817/20*x^2 + 340709/80*x + 689/10)*y^3 + (-50029/16*x^4 + 
159357/16*x^3 - 32348/5*x^2 - 30523/10*x + 86799/80)*y^2 + (45913/16*x^5 - 
66885/8*x^4 + 30641/20*x^3 + 941071/80*x^2 - 184017/20*x + 31911/10)*y - 
8365/8*x^6 + 44975/16*x^5 + 19159/16*x^4 - 135109/16*x^3 + 541591/80*x^2 - 
72237/80*x - 49247/40,
y^2 + (-2*x^2 + 3*x + 2/3)*y + x^4 - 8/3*x^3 + 31/9*x - 10/9,
y^5 + (-43/4*x + 43/4)*y^4 + (-x^3 + 165/4*x^2 - 255/4*x + 63/4)*y^3 + (27/4*x^4
- 167/2*x^3 + 545/4*x^2 - 119/4*x - 19)*y^2 + (-33/4*x^5 + 249/4*x^4 - 251/4*x^3
- 341/4*x^2 + 469/4*x - 57/2)*y + 13/4*x^6 - 63/4*x^5 - 3/2*x^4 + 57*x^3 - 
145/4*x^2 - 49/2*x + 20
}

trying model #
y^5 + (x^2 - 3/2*x - 3/2)*y^4 + (-5/2*x^3 - x^2 + x + 3/2)*y^3 + (x^4 - 15/2*x^3
+ 4*x^2 - 3*x)*y^2 + (-4*x^5 + 4*x^4 - 13/2*x^3 + 3/2*x^2 + 3/2*x)*y + 2*x^6 - 
4*x^5 - 9/2*x^4 + 3*x^3Time: 499.760
p = 23 fails: Runtime error: In Hensel lift of power series, derivative has 
leading term divisible by p.
Time: 712.130
p = 29 fails: Runtime error: Polynomial has to be non-zero.
Time: 784.910
p = 31 fails: 
rational_points(
    N: 495,
    X: Curve over Rational Field defined by x[1]^2*x[3] - x[1]*x[2]...
)
effective_chabauty(
    data: rec<recformat<Q, p, N, g, W0, Winf, r, Delta, s, G0, Ginf, e...
)
vanishing_differentials(
    points: [ rec<recformat<x, b, inf, xt, bt, index> | ...>, rec<recfor...,
    data: rec<recformat<Q, p, N, g, W0, Winf, r, Delta, s, G0, Ginf, e...
)
In file "Coleman/applications.m", line 655, column 16:
>>   K:=pAdicField(p,Nint);
                  ^
Runtime error in 'pAdicField': Precision must be small and positive
.
Time: 980.610
p = 37 fails: 
rational_points(
    N: 495,
    X: Curve over Rational Field defined by x[1]^2*x[3] - x[1]*x[2]...
)
effective_chabauty(
    data: rec<recformat<Q, p, N, g, W0, Winf, r, Delta, s, G0, Ginf, e...
)
vanishing_differentials(
    points: [ rec<recformat<x, b, inf, xt, bt, index> | ...>, rec<recfor...,
    data: rec<recformat<Q, p, N, g, W0, Winf, r, Delta, s, G0, Ginf, e...
)
In file "Coleman/applications.m", line 655, column 16:
>>   K:=pAdicField(p,Nint);
                  ^
Runtime error in 'pAdicField': Precision must be small and positive
.

trying model #
y^6 + (-87/16*x + 15/16)*y^5 + (49/8*x^2 + 79/16*x - 73/16)*y^4 + (17/8*x^3 - 
147/8*x^2 + 15*x - 7/4)*y^3 + (49/8*x^4 - 97/4*x^3 + 97/2*x^2 - 315/8*x + 
10)*y^2 + (5*x^5 - 27*x^4 + 379/8*x^3 - 413/8*x^2 + 495/16*x - 115/16)*y + x^6 -
29/4*x^5 + 147/8*x^4 - 85/4*x^3 + 135/8*x^2 - 125/16*x + 25/16p = 23 fails: Runtime error: bad prime.
p = 29 fails: Runtime error: bad prime.
Time: 1304.180
p = 31 fails: Runtime error: Frobenius does not converge at P.
Time: 1672.810
p = 37 fails: Runtime error: Frobenius does not converge at P.

trying model #
y^6 + (-2*x - 32/5)*y^5 + (-22193/80*x^2 + 38411/40*x - 64213/80)*y^4 + 
(122447/80*x^3 - 102817/20*x^2 + 340709/80*x + 689/10)*y^3 + (-50029/16*x^4 + 
159357/16*x^3 - 32348/5*x^2 - 30523/10*x + 86799/80)*y^2 + (45913/16*x^5 - 
66885/8*x^4 + 30641/20*x^3 + 941071/80*x^2 - 184017/20*x + 31911/10)*y - 
8365/8*x^6 + 44975/16*x^5 + 19159/16*x^4 - 135109/16*x^3 + 541591/80*x^2 - 
72237/80*x - 49247/40Time: 1039.430
Time: 23835.570
found 6 residue disks.
L = [
rec<recformat<x, b, inf, xt, bt, index> | 
x := 2 + O(23^12),
b := [ 1 + O(23^40), 40 + O(23^6), 1600 + O(23^6), 64000 + O(23^6), 2560000 + 
O(23^6), 51846431 + O(23^6) ],
inf := false>,
rec<recformat<x, b, inf, xt, bt, index> | 
x := -7304874810673438 + O(23^12),
b := [ 1 + O(23^40), 49345383 + O(23^6), -16440921 + O(23^6), 55479070 + 
O(23^6), -27652974 + O(23^6), 1764959*23 + O(23^6) ],
inf := false>,
rec<recformat<x, b, inf, xt, bt, index> | 
x := 1787875 + O(23^5),
b := [ 1 + O(23^40), 1787950 + O(23^5), 979318 + O(23^5), 3123008 + O(23^5), 
-2852620 + O(23^5), 9716 + O(23^5) ],
inf := false>,
rec<recformat<x, b, inf, xt, bt, index> | 
x := 10356627803414 + O(23^10),
b := [ 1 + O(23^40), 5 + O(23^10), 25 + O(23^10), 125 + O(23^10), 625 + 
O(23^10), 2862049 + O(23^5) ],
inf := false>,
rec<recformat<x, b, inf, xt, bt, index> | 
x := -44410766 + O(23^6),
b := [ 1 + O(23^40), 40 + O(23^6), 1600 + O(23^6), 64000 + O(23^6), 2560000 + 
O(23^6), 65337049 + O(23^6) ],
inf := false>,
rec<recformat<x, b, inf, xt, bt, index> | 
x := 1 + O(23^6),
b := [ 1 + O(23^40), 30 + O(23^6), 900 + O(23^6), 27000 + O(23^6), 810000 + 
O(23^6), -41031001 + O(23^6) ],
inf := false>
] (6 pts)
ratpts = [
rec<recformat<x, b, inf, xt, bt, index> | 
x := 1145351992331440898618275160228069067093905710278656269 + O(23^40),
b := [ 1 + O(23^40), 1145351992331440898618275160228069067093905710278656344 + 
O(23^40), -554495805811253133458053847412001691212128954976168939 + O(23^40), 
-614591435038520094188025074954832475596685736070587081 + O(23^40), 
979008861757927448493158723205919804434691352185103395 + O(23^40), 
66676778103933098916972842217976175465691741522851905 + O(23^40) ],
inf := false>,
rec<recformat<x, b, inf, xt, bt, index> | 
x := 1 + O(23^40),
b := [ 1 + O(23^40), 30 + O(23^40), 900 + O(23^40), 27000 + O(23^40), 810000 + 
O(23^40), 629136635210581817049929680678457648704881444751210705 + O(23^40) ],
inf := false>,
rec<recformat<x, b, inf, xt, bt, index> | 
x := 2 + O(23^40),
b := [ 1 + O(23^40), 40 + O(23^40), 1600 + O(23^40), 64000 + O(23^40), 2560000 +
O(23^40), -254239990091622402400674255100352847734679607655938576 + O(23^40) ],
inf := false>,
rec<recformat<x, b, inf, xt, bt, index> | 
x := -981730279141235055958521565909773486080490608810276798 + O(23^40),
b := [ 1 + O(23^40), 981730279141235055958521565909773486080490608810276887 + 
O(23^40), 654486852760823370639014377273182324053660405873525378 + O(23^40), 
-218162284253607790213004792424394108017886801957188326 + O(23^40), 
-254522664962542421915172257828459792687534602227729047 + O(23^40), 
20200430966922164560522173612233323347955744519200950*23 + O(23^41) ],
inf := false>,
rec<recformat<x, b, inf, xt, bt, index> | 
x := 883557251227111550362669409318796137472441547929249121 + O(23^40),
b := [ 1 + O(23^40), 40 + O(23^40), 1600 + O(23^40), 64000 + O(23^40), 2560000 +
O(23^40), 1299420389722066165171660310747115066153042917343708173 + O(23^40) ],
inf := false>,
rec<recformat<x, b, inf, xt, bt, index> | 
x := 736297709355926291968891174432330114560367956607707602 + O(23^40),
b := [ 1 + O(23^40), 5 + O(23^40), 25 + O(23^40), 125 + O(23^40), 625 + 
O(23^40), -1344024215490095201238524490174393492766498498191724942 + O(23^40) ],
inf := false>
] (6 pts)
found all Q-points!
> quit;

Total time: 63374.500 seconds, Total memory usage: 2169.16MB
