572
Curve over Rational Field defined by
x[1]*x[3]^2 - x[2]*x[3]^2 + x[3]*x[4]*x[5],
x[1]*x[3]*x[4] - x[2]*x[3]*x[4] + x[4]^2*x[5],
x[1]*x[2]*x[5] + x[2]^2*x[5] - x[3]*x[4]*x[5] + x[1]*x[5]^2,
x[1]^2*x[2] + x[1]*x[2]^2 - x[1]*x[3]*x[4] + x[1]^2*x[5],
x[1]*x[2]^2 + x[2]^3 - x[2]*x[3]*x[4] + x[1]*x[2]*x[5],
-x[1]^2*x[3] + x[1]*x[2]*x[3] - x[1]*x[4]*x[5],
x[1]*x[2]*x[3] - x[2]^2*x[3] + x[2]*x[4]*x[5],
x[1]*x[2]*x[3] + x[2]^2*x[3] - x[3]^2*x[4] + x[1]*x[3]*x[5],
-x[1]*x[3]*x[5] + x[2]*x[3]*x[5] - x[4]*x[5]^2,
x[1]*x[2]*x[4] + x[2]^2*x[4] - x[3]*x[4]^2 + x[1]*x[4]*x[5],
x[1]^2*x[2] + x[1]*x[2]^2 - x[1]^2*x[3] - x[1]*x[2]*x[3] + x[1]*x[3]^2 + 
    x[1]*x[3]*x[4] + x[2]*x[3]*x[4] + x[2]*x[4]^2 - x[3]*x[4]^2 - 2*x[1]^2*x[5] 
    - x[1]*x[2]*x[5] - x[4]^2*x[5] + x[1]*x[5]^2,
x[1]*x[3]^2 + 2*x[1]*x[3]*x[4] + x[2]*x[3]*x[4] - x[3]^2*x[4] + x[2]*x[4]^2 - 
    x[3]*x[4]^2 + 2*x[1]*x[2]*x[5] - x[1]*x[3]*x[5] + x[3]^2*x[5] - x[1]*x[5]^2 
    - x[2]*x[5]^2,
3*x[1]^3 + x[1]^2*x[2] - 2*x[1]*x[2]^2 - x[1]^2*x[4] - x[1]*x[2]*x[4] - 
    x[1]*x[3]*x[4] + x[1]*x[4]^2 - x[2]*x[4]^2 + x[3]*x[4]^2 - x[1]^2*x[5] + 
    x[1]*x[4]*x[5] - x[1]*x[5]^2,
2*x[1]^2*x[3] + 3*x[1]^2*x[4] + 2*x[1]*x[2]*x[4] - x[2]^2*x[4] - x[1]*x[3]*x[4] 
    - x[2]*x[3]*x[4] - x[1]*x[4]^2 - x[2]*x[4]^2 + x[3]*x[4]^2 + x[4]^3 + 
    x[1]*x[3]*x[5] - x[1]*x[4]*x[5] + x[4]^2*x[5],
x[1]^2*x[2] + x[1]*x[2]^2 + 2*x[1]^2*x[3] + x[1]*x[2]*x[3] + x[2]^2*x[3] - 
    x[1]*x[3]^2 + x[3]^3 + x[2]*x[4]^2 - 2*x[1]^2*x[5] - x[1]*x[2]*x[5] - 
    2*x[1]*x[3]*x[5] - x[2]*x[3]*x[5] - x[2]*x[4]*x[5] - x[4]^2*x[5] + 
    x[1]*x[5]^2
g = 5
r = 3
3 small points: [ (0 : 0 : 0 : 0 : 1), (-1 : 1 : 0 : 0 : 0), (0 : 1 : 1 : 1 : 1)
]
checking: differences of 2 points generate rank 3 subgroup of J_0(N)^*(Q).
Runtime error: #pts-1 < r

