> // N := StringToInteger(N);
> print N;
630
> //index := StringToInteger(index);
> X := X0NQuotient(N, [p^Valuation(N,p) : p in PrimeDivisors(N)]);
> print X;
Curve over Rational Field defined by
-x[1]^2*x[2] + x[1]*x[2]^2 + 2*x[1]*x[2]*x[3] + x[1]^2*x[4] + 2*x[1]*x[3]*x[4] +
    x[1]^2*x[5] + 2*x[1]*x[2]*x[5] + 2*x[1]*x[3]*x[5],
x[1]*x[2]*x[3] - x[2]^2*x[3] - 2*x[2]*x[3]^2 - x[1]*x[3]*x[4] - 2*x[3]^2*x[4] - 
    x[1]*x[3]*x[5] - 2*x[2]*x[3]*x[5] - 2*x[3]^2*x[5],
x[1]^2*x[2] - x[1]*x[2]^2 - 2*x[1]*x[2]*x[3] - x[1]^2*x[4] - 2*x[1]*x[3]*x[4] + 
    x[1]^2*x[5] + x[2]^2*x[5] + x[1]*x[3]*x[5] + x[3]^2*x[5] + x[2]*x[4]*x[5] - 
    x[3]*x[4]*x[5] - x[1]*x[5]^2 - x[3]*x[5]^2 + x[4]*x[5]^2,
-x[2]^2*x[3] - x[2]*x[3]^2 + x[1]^2*x[4] + x[1]*x[2]*x[4] + x[2]^2*x[4] + 
    x[1]*x[3]*x[4] + x[2]*x[3]*x[4] - x[1]*x[4]^2 + x[1]^2*x[5] + x[1]*x[3]*x[5]
    - x[2]*x[3]*x[5] + 2*x[2]*x[4]*x[5] + x[1]*x[5]^2,
-2*x[1]^3 - 2*x[1]^2*x[2] - x[1]*x[2]^2 - x[1]^2*x[3] + 2*x[1]*x[2]*x[3] + 
    x[2]^2*x[3] + 2*x[1]*x[3]^2 + x[3]^3 - x[1]*x[2]*x[4] + x[1]*x[3]*x[4] + 
    x[2]*x[3]*x[4] - x[3]^2*x[4] + x[1]^2*x[5] - x[3]^2*x[5] - x[1]*x[4]*x[5] + 
    x[3]*x[4]*x[5],
2*x[1]^2*x[3] + 2*x[1]*x[2]*x[3] + x[2]^2*x[3] + 3*x[1]*x[3]^2 + x[3]^3 + 
    x[2]*x[3]*x[4] - x[3]^2*x[4] - x[1]*x[3]*x[5] - x[3]^2*x[5] + 
    x[3]*x[4]*x[5],
2*x[1]^2*x[2] + 2*x[1]*x[2]^2 + x[2]^3 + 3*x[1]*x[2]*x[3] + x[2]*x[3]^2 + 
    x[2]^2*x[4] - x[2]*x[3]*x[4] - x[1]*x[2]*x[5] - x[2]*x[3]*x[5] + 
    x[2]*x[4]*x[5],
-x[1]^3 + x[2]^3 + x[2]^2*x[3] - x[3]^3 - x[1]^2*x[4] - x[2]^2*x[4] + 
    x[3]^2*x[4] - 3*x[1]*x[4]^2 + x[1]^2*x[5] - 2*x[1]*x[2]*x[5] - 
    x[1]*x[3]*x[5] + x[2]*x[3]*x[5] + x[3]^2*x[5] + x[2]*x[4]*x[5] + x[1]*x[5]^2
    - x[2]*x[5]^2 - x[4]*x[5]^2,
-2*x[1]^2*x[2] - x[1]*x[2]^2 - x[1]*x[2]*x[3] + x[2]^2*x[3] - x[1]*x[2]*x[4] - 
    2*x[2]^2*x[4] - 2*x[1]*x[3]*x[4] - x[3]^2*x[4] - x[1]*x[4]^2 + x[3]*x[4]^2 -
    x[2]^2*x[5] - 2*x[1]*x[3]*x[5] - x[3]^2*x[5] + x[1]*x[5]^2 - x[2]*x[5]^2 - 
    x[3]*x[5]^2,
-2*x[1]^2*x[2] - x[2]^3 - x[1]*x[2]*x[3] - x[2]^2*x[3] + 2*x[1]^2*x[4] - 
    x[2]^2*x[4] + x[1]*x[3]*x[4] - 2*x[2]*x[3]*x[4] - x[1]*x[4]^2 + x[2]*x[4]^2 
    + 2*x[1]^2*x[5] - x[2]^2*x[5] + x[1]*x[3]*x[5] + x[2]*x[4]*x[5] + 
    x[4]^2*x[5] + x[1]*x[5]^2 + x[2]*x[5]^2 + x[4]*x[5]^2,
-x[1]*x[2]*x[4] + x[2]^2*x[4] + 2*x[2]*x[3]*x[4] + x[1]*x[4]^2 + 2*x[3]*x[4]^2 +
    x[1]*x[4]*x[5] + 2*x[2]*x[4]*x[5] + 2*x[3]*x[4]*x[5],
-x[2]^2*x[3] - x[2]*x[3]^2 - x[1]^2*x[4] - x[2]^2*x[4] - 2*x[1]*x[3]*x[4] - 
    x[2]*x[3]*x[4] - x[3]^2*x[4] - 2*x[1]*x[4]^2 - x[2]*x[4]^2 - x[3]*x[4]^2 + 
    x[1]^2*x[5] + x[1]*x[3]*x[5] - x[2]*x[3]*x[5] - x[3]*x[4]*x[5] - x[4]^2*x[5]
    + x[1]*x[5]^2,
x[1]^2*x[2] + x[2]^3 + x[2]^2*x[3] + x[2]*x[3]^2 + x[1]^2*x[4] + x[1]*x[2]*x[4] 
    - x[1]*x[3]*x[4] - x[2]*x[3]*x[4] - x[1]*x[4]^2 + x[2]*x[4]^2 + x[1]^2*x[5] 
    - 2*x[1]*x[2]*x[5] + x[2]^2*x[5] - x[1]*x[3]*x[5] + x[2]*x[3]*x[5] + 
    2*x[2]*x[4]*x[5] + x[4]^2*x[5] + x[1]*x[5]^2 + x[2]*x[5]^2 + x[4]*x[5]^2,
-2*x[1]^2*x[2] - x[1]*x[2]^2 - x[2]^3 - 2*x[1]^2*x[3] - x[1]*x[2]*x[3] - 
    x[2]^2*x[3] + x[1]*x[3]^2 - x[2]*x[3]^2 + x[3]^3 + x[1]*x[3]*x[4] - 
    2*x[3]^2*x[4] + x[3]*x[4]^2 + x[1]^2*x[5] + x[1]*x[2]*x[5] + x[1]*x[3]*x[5] 
    - x[2]*x[3]*x[5] + x[3]^2*x[5] + 2*x[1]*x[4]*x[5] + x[2]*x[4]*x[5] - 
    x[1]*x[5]^2,
-2*x[1]^2*x[2] - x[1]*x[2]^2 - 2*x[1]^2*x[3] - x[1]*x[2]*x[3] + x[2]^2*x[3] - 
    x[1]*x[3]^2 - x[1]^2*x[4] + x[1]*x[2]*x[4] - 2*x[2]^2*x[4] + x[1]*x[3]*x[4] 
    - x[2]*x[3]*x[4] - x[1]*x[4]^2 - x[2]*x[4]^2 - 2*x[3]*x[4]^2 + x[1]^2*x[5] -
    3*x[1]*x[3]*x[5] - x[2]*x[3]*x[5] - 2*x[3]^2*x[5] + 2*x[1]*x[4]*x[5] - 
    x[2]*x[4]*x[5] + x[3]*x[4]*x[5] - x[4]^2*x[5] - 2*x[1]*x[5]^2 - 
    2*x[3]*x[5]^2 + 2*x[4]*x[5]^2
> 
> rational_points(N, X);
g = 5
r = 3
4 small points: [ (1 : -1 : -1 : 1 : 1), (-1 : -1 : 2 : 1 : 1), (0 : 0 : 0 : 1 :
0), (0 : 0 : 0 : 0 : 1) ]
checking: differences of 3 points generate rank 3 subgroup of J_0(N)^*(Q).
finite index subgroup certified by: p = 11: ell = 5
found 3 plane models:
{
y^6 + (19/11*x + 25/11)*y^5 + (101/22*x^2 + 177/22*x + 79/22)*y^4 + (28/11*x^3 +
15/2*x^2 + 80/11*x + 23/11)*y^3 + (68/11*x^4 + 371/22*x^3 + 173/11*x^2 + 59/11*x
+ 7/22)*y^2 + (9/11*x^5 + 95/22*x^4 + 159/22*x^3 + 9/2*x^2 + 1/2*x - 3/11)*y + 
57/22*x^6 + 97/11*x^5 + 233/22*x^4 + 46/11*x^3 - 16/11*x^2 - 18/11*x - 4/11,
y^6 + (137/7*x + 331/43)*y^5 + (27809/602*x^2 + 15445/301*x + 17105/1806)*y^4 + 
(3532/43*x^3 + 44829/301*x^2 + 65236/903*x + 277/43)*y^3 + (43921/602*x^4 + 
53485/301*x^3 + 40658/301*x^2 + 8763/301*x - 4205/1806)*y^2 + (14404/301*x^5 + 
43252/301*x^4 + 132022/903*x^3 + 15201/301*x^2 - 3875/903*x - 1226/301)*y + 
2535/301*x^6 + 6240/301*x^5 + 8075/1806*x^4 - 8975/301*x^3 - 63125/1806*x^2 - 
4630/301*x - 2210/903,
y^6 + (38*x + 11)*y^5 + (501/4*x^2 + 931/6*x + 141/4)*y^4 + (2477/12*x^3 + 
2563/6*x^2 + 3263/12*x + 152/3)*y^3 + (913/4*x^4 + 2559/4*x^3 + 3875/6*x^2 + 
277*x + 169/4)*y^2 + (551/4*x^5 + 5963/12*x^4 + 2072/3*x^3 + 5585/12*x^2 + 
1831/12*x + 39/2)*y + 61*x^6 + 743/3*x^5 + 1645/4*x^4 + 1076/3*x^3 + 521/3*x^2 +
133/3*x + 14/3
}

trying model #
y^6 + (19/11*x + 25/11)*y^5 + (101/22*x^2 + 177/22*x + 79/22)*y^4 + (28/11*x^3 +
15/2*x^2 + 80/11*x + 23/11)*y^3 + (68/11*x^4 + 371/22*x^3 + 173/11*x^2 + 59/11*x
+ 7/22)*y^2 + (9/11*x^5 + 95/22*x^4 + 159/22*x^3 + 9/2*x^2 + 1/2*x - 3/11)*y + 
57/22*x^6 + 97/11*x^5 + 233/22*x^4 + 46/11*x^3 - 16/11*x^2 - 18/11*x - 4/11p = 2 fails: 
rational_points(
    N: 630,
    X: Curve over Rational Field defined by -x[1]^2*x[2] + x[1]*x[2...
)
coleman_data(
    Q: y^6 + (19/11*x + 25/11)*y^5 + (101/22*x^2 + 177/22*x + 79/22...,
    p: 2,
    N: 35
)
genus(
    Q: y^6 + (19/11*x + 25/11)*y^5 + (101/22*x^2 + 177/22*x + 79/22...,
    p: 2
)
In file "Coleman/auxpolys.m", line 64, column 25:
>>         Qmodp:=Qmodp+(Fp!D[j])*Fpxy.1^(j-1)*Fpxy.2^(i-1);
                           ^
Runtime error in '!': Division by zero
LHS: FldFin
RHS: FldRatElt.
p = 3 fails: Runtime error: bad prime.
p = 5 fails: Runtime error: bad prime.
p = 7 fails: Runtime error: bad prime.
p = 11 fails: 
rational_points(
    N: 630,
    X: Curve over Rational Field defined by -x[1]^2*x[2] + x[1]*x[2...
)
coleman_data(
    Q: y^6 + (19/11*x + 25/11)*y^5 + (101/22*x^2 + 177/22*x + 79/22...,
    p: 11,
    N: 35
)
genus(
    Q: y^6 + (19/11*x + 25/11)*y^5 + (101/22*x^2 + 177/22*x + 79/22...,
    p: 11
)
In file "Coleman/auxpolys.m", line 64, column 25:
>>         Qmodp:=Qmodp+(Fp!D[j])*Fpxy.1^(j-1)*Fpxy.2^(i-1);
                           ^
Runtime error in '!': Division by zero
LHS: FldFin
RHS: FldRatElt.
p = 13 fails: Runtime error: bad prime.
Time: 490.630
p = 17 fails: Runtime error: In Hensel lift of power series, derivative has 
leading term divisible by p.
Time: 560.570
p = 19 fails: 
rational_points(
    N: 630,
    X: Curve over Rational Field defined by -x[1]^2*x[2] + x[1]*x[2...
)
effective_chabauty(
    data: rec<recformat<Q, p, N, g, W0, Winf, r, Delta, s, G0, Ginf, e...
)
local_coord(
    P: rec<recformat<x, b, inf, xt, bt, index> | ...>,
    prec: 1800,
    data: rec<recformat<Q, p, N, g, W0, Winf, r, Delta, s, G0, Ginf, e...
)
mod_p_prec(
    fy: Kty.1^6 + ((190219387369542391592990358497170673952307628*19...
)
In file "Coleman/singleintegrals.m", line 807, column 15:
>>   fymodp:=Fpty!fy;
                 ^
Runtime error in '!': Illegal coercion.

trying model #
y^6 + (137/7*x + 331/43)*y^5 + (27809/602*x^2 + 15445/301*x + 17105/1806)*y^4 + 
(3532/43*x^3 + 44829/301*x^2 + 65236/903*x + 277/43)*y^3 + (43921/602*x^4 + 
53485/301*x^3 + 40658/301*x^2 + 8763/301*x - 4205/1806)*y^2 + (14404/301*x^5 + 
43252/301*x^4 + 132022/903*x^3 + 15201/301*x^2 - 3875/903*x - 1226/301)*y + 
2535/301*x^6 + 6240/301*x^5 + 8075/1806*x^4 - 8975/301*x^3 - 63125/1806*x^2 - 
4630/301*x - 2210/903p = 2 fails: 
rational_points(
    N: 630,
    X: Curve over Rational Field defined by -x[1]^2*x[2] + x[1]*x[2...
)
coleman_data(
    Q: y^6 + (137/7*x + 331/43)*y^5 + (27809/602*x^2 + 15445/301*x ...,
    p: 2,
    N: 35
)
genus(
    Q: y^6 + (137/7*x + 331/43)*y^5 + (27809/602*x^2 + 15445/301*x ...,
    p: 2
)
In file "Coleman/auxpolys.m", line 64, column 25:
>>         Qmodp:=Qmodp+(Fp!D[j])*Fpxy.1^(j-1)*Fpxy.2^(i-1);
                           ^
Runtime error in '!': Division by zero
LHS: FldFin
RHS: FldRatElt.
p = 3 fails: 
rational_points(
    N: 630,
    X: Curve over Rational Field defined by -x[1]^2*x[2] + x[1]*x[2...
)
coleman_data(
    Q: y^6 + (137/7*x + 331/43)*y^5 + (27809/602*x^2 + 15445/301*x ...,
    p: 3,
    N: 35
)
genus(
    Q: y^6 + (137/7*x + 331/43)*y^5 + (27809/602*x^2 + 15445/301*x ...,
    p: 3
)
In file "Coleman/auxpolys.m", line 64, column 25:
>>         Qmodp:=Qmodp+(Fp!D[j])*Fpxy.1^(j-1)*Fpxy.2^(i-1);
                           ^
Runtime error in '!': Division by zero
LHS: FldFin
RHS: FldRatElt.
p = 5 fails: Runtime error: bad prime.
p = 7 fails: 
rational_points(
    N: 630,
    X: Curve over Rational Field defined by -x[1]^2*x[2] + x[1]*x[2...
)
coleman_data(
    Q: y^6 + (137/7*x + 331/43)*y^5 + (27809/602*x^2 + 15445/301*x ...,
    p: 7,
    N: 35
)
genus(
    Q: y^6 + (137/7*x + 331/43)*y^5 + (27809/602*x^2 + 15445/301*x ...,
    p: 7
)
In file "Coleman/auxpolys.m", line 64, column 25:
>>         Qmodp:=Qmodp+(Fp!D[j])*Fpxy.1^(j-1)*Fpxy.2^(i-1);
                           ^
Runtime error in '!': Division by zero
LHS: FldFin
RHS: FldRatElt.
Time: 387.810
Time: 18306.040
found 4 residue disks.
L = [
rec<recformat<x, b, inf, xt, bt, index> | 
x := 2913332042555540081569213415 + O(11^27),
b := [ 1 + O(11^35), -4369998063833310122353819923 + O(11^27), 
1456666021277770040784646975 + O(11^27), -485555340425923346920121969 + 
O(11^27), 3075183822697514532166721065 + O(11^27), -3479252879903850134327652780
+ O(11^27) ],
inf := false>,
rec<recformat<x, b, inf, xt, bt, index> | 
x := -4369998063833310122353820124 + O(11^27),
b := [ 1 + O(11^35), -3010 + O(11^27), 9060100 + O(11^27), -27270901000 + 
O(11^27), 82085412010000 + O(11^27), 877429430947940878588643309 + O(11^27) ],
inf := false>,
rec<recformat<x, b, inf, xt, bt, index> | 
x := 4369998063833310122353820123 + O(11^27),
b := [ 1 + O(11^35), O(11^27), O(11^28), O(11^29), O(11^30), 
-6028305225487459975794179308 + O(11^27) ],
inf := false>,
rec<recformat<x, b, inf, xt, bt, index> | 
x := -5826664085111080163138426833 + O(11^27),
b := [ 1 + O(11^35), -4369998063833310122353819235 + O(11^27), 
5826664085111080163139216560 + O(11^27), 3884442723407386776127423232 + 
O(11^27), -4693701624117258396634938983 + O(11^27), 
-2754040827424551478548788840 + O(11^27) ],
inf := false>
] (4 pts)
ratpts = [
rec<recformat<x, b, inf, xt, bt, index> | 
x := -312249298311824976117912655928156096 + O(11^35),
b := [ 1 + O(11^35), -936747894935474928353737967784467395 + O(11^35), 
312249298311824976117912655928945823 + O(11^35), 
-728581696060924944275129529797225543 + O(11^35), 
763276062540016608288231560384286418 + O(11^35), 
-43866121978764743432321327318917066 + O(11^35) ],
inf := false>,
rec<recformat<x, b, inf, xt, bt, index> | 
x := -936747894935474928353737967784468284 + O(11^35),
b := [ 1 + O(11^35), -3010 + O(11^35), 9060100 + O(11^35), -27270901000 + 
O(11^35), 82085412010000 + O(11^35), 1264259209886090213411876550022841124 + 
O(11^35) ],
inf := false>,
rec<recformat<x, b, inf, xt, bt, index> | 
x := -1248997193247299904471650623712624379 + O(11^35),
b := [ 1 + O(11^35), -936747894935474928353737967784468083 + O(11^35), 
-624498596623649952235825311856271922 + O(11^35), 
1144914093810024912432346405077985947 + O(11^35), 
-693887329581833280262028122663351084 + O(11^35), 
714260627231192476844156307639843757 + O(11^35) ],
inf := false>,
rec<recformat<x, b, inf, xt, bt, index> | 
x := 936747894935474928353737967784468283 + O(11^35),
b := [ 1 + O(11^35), 0, 0, 0, 0, -718539397983007180509085734828800599 + 
O(11^35) ],
inf := false>
] (4 pts)
found all Q-points!
> quit;

Total time: 73021.169 seconds, Total memory usage: 980.19MB
