148
g = 4
r = 2
9 small points: [ (-1 : 0 : 1 : 0), (0 : 1 : 1 : 0), (0 : 1 : 0 : 0), (-1 : 1 : -1 : 1), (0 : 0 : 0 : 1), (1 : 0 : 1 : 0), (-1 : 0 : 0 : 1), (0 : -1 : 0 : 1), (1 : 1 : 1 : 1) ]
checking: differences of 8 points generate rank 2 subgroup of J_0(N)^*(Q).
finite index subgroup certified by: p = 3: ell = 2
found 9 plane models:
[
y^4 + (-x^2 + 11/3*x - 1)*y^3 + (-1/3*x^4 + 4/3*x^3 + 2/3*x^2 - 10/3*x - 5)*y^2 + (1/3*x^6 - 10/3*x^5 + 29/3*x^4 - 5*x^3 - 19/3*x^2 - 7*x - 3)*y + 1/3*x^7 - 8/3*x^6 + 6*x^5 - 9*x^3,
y^4 + (2*x^2 - 1)*y^3 + (-3*x^4 + 7*x^3 - x^2 - 3*x)*y^2 + (-2*x^6 - 3*x^5 + 12*x^4 - 6*x^3 - 2*x^2 + x)*y + 2*x^8 - 4*x^7 - 2*x^6 + 8*x^5 - 2*x^4 - 4*x^3 + 2*x^2,
y^4 + (-x^2 - 3/2*x - 1/2)*y^3 + (-3/2*x^4 - x^3 + 3/2*x^2)*y^2 + (x^6 + 5*x^5 + 5/2*x^4 + 1/2*x^3)*y + 1/2*x^8 - 3/2*x^7 - 7/2*x^6 - 3/2*x^5,
y^4 + (2*x^2 - 2/3*x - 1/3)*y^3 + (-10/3*x^4 + 83/9*x^3 - 8*x^2 + 23/9*x - 2/9)*y^2 + (-2*x^6 + 4*x^5 - x^4 - 80/27*x^3 + 77/27*x^2 - 28/27*x + 4/27)*y + x^8 - 11/3*x^7 + 14/3*x^6 - 32/27*x^5 - 257/81*x^4 + 37/9*x^3 - 194/81*x^2 + 20/27*x - 8/81,
y^3 + (-1/3*x^3 - 1/3*x^2 + x - 1/3)*y^2 + (-1/6*x^6 - 7/36*x^5 + 5/12*x^4 - 13/36*x^3 + 1/3*x^2 - 1/6*x + 1/36)*y + 1/6*x^8 - 5/18*x^7 + 1/216*x^6 + 25/108*x^5 - 1/6*x^4 + 5/108*x^3 - 1/216*x^2,
y^4 + (-3*x^2 - 5*x - 1)*y^3 + (-3*x^4 - 4*x^3 - 2*x^2 - 2*x - 1)*y^2 + (x^6 + 8*x^5 + 23*x^4 + 31*x^3 + 21*x^2 + 7*x + 1)*y + x^7 + 4*x^6 + 6*x^5 + 4*x^4 + x^3,
y^4 + (-1/2*x + 3/4)*y^3 + (-3/4*x^4 + 7/4*x^3 - 2*x^2 + 7/4*x - 3/4)*y^2 + (1/4*x^6 - 3/4*x^5 + x^4 - 1/4*x^3 - 3/2*x^2 + 2*x - 3/4)*y - 1/4*x^5 + 3/4*x^4 - 1/2*x^3 - 1/2*x^2 + 3/4*x - 1/4,
y^3 + (2*x^3 - 5/2*x^2 + 1/2)*y^2 + (-1/2*x^6 - 23/4*x^5 + 15/2*x^4 - 5/4*x^3 - 3/2*x^2 + 1/2*x)*y - 3/2*x^9 + 2*x^8 + 17/8*x^7 - 31/8*x^6 + 1/4*x^5 + 7/4*x^4 - 7/8*x^3 + 1/8*x^2,
y^4 + (-8*x^2 + 4*x + 1)*y^3 + (12*x^4 + x^3 - 16*x^2 + 5*x)*y^2 + (-6*x^6 - 4*x^5 + 7*x^4 + 12*x^3 - 9*x^2)*y + x^8 + x^7 - 4*x^5 - x^4 + 3*x^3
]

trying model #1:
y^4 + (-x^2 + 11/3*x - 1)*y^3 + (-1/3*x^4 + 4/3*x^3 + 2/3*x^2 - 10/3*x - 5)*y^2 + (1/3*x^6 - 10/3*x^5 + 29/3*x^4 - 5*x^3 - 19/3*x^2 - 7*x - 3)*y + 1/3*x^7 - 8/3*x^6 + 6*x^5 - 9*x^3
p = 2 fails: Runtime error: bad prime.
p = 3 fails: 
rational_points(
N: 148,
X: Curve over Rational Field defined by -x[1]^2*x[2] + 2*x[1]*x...
)
coleman_data(
Q: y^4 + (-x^2 + 11/3*x - 1)*y^3 + (-1/3*x^4 + 4/3*x^3 + 2/3*x^...,
p: 3,
N: 35
)
genus(
Q: y^4 + (-x^2 + 11/3*x - 1)*y^3 + (-1/3*x^4 + 4/3*x^3 + 2/3*x^...,
p: 3
)
In file "Coleman/auxpolys.m", line 64, column 25:
>>         Qmodp:=Qmodp+(Fp!D[j])*Fpxy.1^(j-1)*Fpxy.2^(i-1);
                           ^
Runtime error in '!': Division by zero
LHS: FldFin
RHS: FldRatElt.
p = 5 fails: Runtime error: bad prime.
p = 7 fails: Runtime error: bad prime.
p = 11 fails: Runtime error: bad prime.
Time: 51.020
p = 13 fails: Runtime error: In Hensel lift of power series, derivative has leading term divisible by p.
Time: 75.390
p = 17 fails: Runtime error: In Hensel lift of power series, derivative has leading term divisible by p.
Time: 74.410
p = 19 fails: 
rational_points(
N: 148,
X: Curve over Rational Field defined by -x[1]^2*x[2] + 2*x[1]*x...
)
effective_chabauty(
data: rec<recformat<Q, p, N, g, W0, Winf, r, Delta, s, G0, Ginf, e...
)
Qp_points(
data: rec<recformat<Q, p, N, g, W0, Winf, r, Delta, s, G0, Ginf, e...
)
In file "Coleman/applications.m", line 299, column 20:
>>                   b[j]:=zeros[k];
                      ^
Runtime error in :=: Variable 'b' has not been initialized.

trying model #2:
y^4 + (2*x^2 - 1)*y^3 + (-3*x^4 + 7*x^3 - x^2 - 3*x)*y^2 + (-2*x^6 - 3*x^5 + 12*x^4 - 6*x^3 - 2*x^2 + x)*y + 2*x^8 - 4*x^7 - 2*x^6 + 8*x^5 - 2*x^4 - 4*x^3 + 2*x^2
p = 2 fails: Runtime error: bad prime.
p = 3 fails: Runtime error: bad prime.
Time: 11.300
p = 5 fails: 
rational_points(
N: 148,
X: Curve over Rational Field defined by -x[1]^2*x[2] + 2*x[1]*x...
)
effective_chabauty(
data: rec<recformat<Q, p, N, g, W0, Winf, r, Delta, s, G0, Ginf, e...
)
local_coord(
P: rec<recformat<x, b, inf, xt, bt, index> | ...>,
prec: 1900,
data: rec<recformat<Q, p, N, g, W0, Winf, r, Delta, s, G0, Ginf, e...
)
approx_root(
fy: $.1^4 + ((-323375893963707817925337 + O(5^35)) - (9701276818...,
y0: 323375893963707817925347*5^2 + O(5^37),
modpprec: 8,
expamodp: $.1 + $.1^2 + 3*$.1^3 + 3*$.1^5 + O($.1^8)
)
Factorization(
f: 0
)
In file "/Applications/Magma/package/Ring/RngLoc/new.m", line 2142, column 30:
>>     return LocalFactorization(
                                ^
Runtime error in 'LocalFactorization': Argument 1 is not non-zero
.
p = 7 fails: Runtime error: bad prime.
Time: 29.220
p = 11 fails: Runtime error: something is wrong, number of approximate roots is different from 1.
Time: 37.980
p = 13 fails: Runtime error: In Hensel lift of power series, derivative has leading term divisible by p.
Time: 52.820
Time: 2384.200
found 10 residue disks.
L = [
rec<recformat<x, b, inf, xt, bt, index> | 
x := O(17^10),
b := [ 1 + O(17^35), -1 + O(17^10), O(17^10), -11 + O(17^10) ],
inf := true>,
rec<recformat<x, b, inf, xt, bt, index> | 
x := O(17^10),
b := [ 1 + O(17^35), 1 + O(17^20), -2 + O(17^10), -15 + O(17^10) ],
inf := true>,
rec<recformat<x, b, inf, xt, bt, index> | 
x := O(17^10),
b := [ 1 + O(17^35), 1 + O(17^10), -2 + O(17^10), 15231953914498 + O(17^11) ],
inf := false>,
rec<recformat<x, b, inf, xt, bt, index> | 
x := O(17^10),
b := [ 1 + O(17^35), O(17^10), O(17^10), -895997289092 + O(17^10) ],
inf := false>,
rec<recformat<x, b, inf, xt, bt, index> | 
x := O(17^20),
b := [ 1 + O(17^35), O(17^10), O(17^10), -895997289089 + O(17^10) ],
inf := false>,
rec<recformat<x, b, inf, xt, bt, index> | 
x := 790462134923 + O(17^10),
b := [ 1 + O(17^35), -343510085916 + O(17^10), -141794428057 + O(17^10), 390358802082 + O(17^10) ],
inf := false>,
rec<recformat<x, b, inf, xt, bt, index> | 
x := -1 + O(17^10),
b := [ 1 + O(17^35), O(17^20), O(17^20), -223999322273 + O(17^10) ],
inf := false>,
rec<recformat<x, b, inf, xt, bt, index> | 
x := -1 + O(17^10),
b := [ 1 + O(17^35), -4 + O(17^10), -6 + O(17^10), -223999322259 + O(17^10) ],
inf := false>,
rec<recformat<x, b, inf, xt, bt, index> | 
x := 1 + O(17^10),
b := [ 1 + O(17^35), -1 + O(17^20), O(17^10), 447998644545 + O(17^10) ],
inf := false>,
rec<recformat<x, b, inf, xt, bt, index> | 
x := 1 + O(17^10),
b := [ 1 + O(17^35), O(17^20), O(17^10), 447998644546 + O(17^10) ],
inf := false>
] (10 pts)
ratpts = [
rec<recformat<x, b, inf, xt, bt, index> | 
x := 1 + O(17^35),
b := [ 1 + O(17^35), -1 + O(17^35), 0, -2585233258901816795296020941941740772952131 + O(17^35) ],
inf := false>,
rec<recformat<x, b, inf, xt, bt, index> | 
x := 1 + O(17^35),
b := [ 1 + O(17^35), 0, 0, -2585233258901816795296020941941740772952130 + O(17^35) ],
inf := false>,
rec<recformat<x, b, inf, xt, bt, index> | 
x := 0,
b := [ 1 + O(17^35), 1 + O(17^35), -2 + O(17^35), 5170466517803633590592041883883481545904258 + O(17^35) ],
inf := false>,
rec<recformat<x, b, inf, xt, bt, index> | 
x := 0,
b := [ 1 + O(17^35), 0, 0, 5170466517803633590592041883883481545904260 + O(17^35) ],
inf := false>,
rec<recformat<x, b, inf, xt, bt, index> | 
x := 0,
b := [ 1 + O(17^35), 0, 0, 5170466517803633590592041883883481545904263 + O(17^35) ],
inf := false>,
rec<recformat<x, b, inf, xt, bt, index> | 
x := -1 + O(17^35),
b := [ 1 + O(17^35), 0, 0, 1292616629450908397648010470970870386476065 + O(17^35) ],
inf := false>,
rec<recformat<x, b, inf, xt, bt, index> | 
x := -1 + O(17^35),
b := [ 1 + O(17^35), -4 + O(17^35), -6 + O(17^35), 1292616629450908397648010470970870386476079 + O(17^35) ],
inf := false>,
rec<recformat<x, b, inf, xt, bt, index> | 
x := 0,
b := [ 1 + O(17^35), 1 + O(17^35), -2 + O(17^35), -15 + O(17^35) ],
inf := true>,
rec<recformat<x, b, inf, xt, bt, index> | 
x := 0,
b := [ 1 + O(17^35), -1 + O(17^35), 0, -11 + O(17^35) ],
inf := true>
] (9 pts)
have to exclude 1 residue discs.
Time: 60.200
Time: 3050.280
found 10 residue disks.
L = [
rec<recformat<x, b, inf, xt, bt, index> | 
x := O(19^6),
b := [ 1 + O(19^35), -1 + O(19^6), O(19^6), -11 + O(19^6) ],
inf := true>,
rec<recformat<x, b, inf, xt, bt, index> | 
x := O(19^6),
b := [ 1 + O(19^35), 1 + O(19^12), -2 + O(19^6), -15 + O(19^6) ],
inf := true>,
rec<recformat<x, b, inf, xt, bt, index> | 
x := O(19^6),
b := [ 1 + O(19^35), 1 + O(19^6), -2 + O(19^6), -20909286 + O(19^6) ],
inf := false>,
rec<recformat<x, b, inf, xt, bt, index> | 
x := O(19^6),
b := [ 1 + O(19^35), O(19^6), O(19^6), -20909284 + O(19^6) ],
inf := false>,
rec<recformat<x, b, inf, xt, bt, index> | 
x := O(19^12),
b := [ 1 + O(19^35), O(19^6), O(19^6), -20909281 + O(19^6) ],
inf := false>,
rec<recformat<x, b, inf, xt, bt, index> | 
x := -4952812 + O(19^6),
b := [ 1 + O(19^35), 4200832 + O(19^6), -6763234 + O(19^6), 22522707 + O(19^6) ],
inf := false>,
rec<recformat<x, b, inf, xt, bt, index> | 
x := -1 + O(19^6),
b := [ 1 + O(19^35), O(19^12), O(19^12), -5227321 + O(19^6) ],
inf := false>,
rec<recformat<x, b, inf, xt, bt, index> | 
x := -1 + O(19^6),
b := [ 1 + O(19^35), -4 + O(19^6), -6 + O(19^6), -5227307 + O(19^6) ],
inf := false>,
rec<recformat<x, b, inf, xt, bt, index> | 
x := 1 + O(19^6),
b := [ 1 + O(19^35), -1 + O(19^12), O(19^6), 10454641 + O(19^6) ],
inf := false>,
rec<recformat<x, b, inf, xt, bt, index> | 
x := 1 + O(19^6),
b := [ 1 + O(19^35), O(19^12), O(19^6), 198638166 + O(19^7) ],
inf := false>
] (10 pts)
ratpts = [
rec<recformat<x, b, inf, xt, bt, index> | 
x := 1 + O(19^35),
b := [ 1 + O(19^35), -1 + O(19^35), 0, 126812924913028261061993572331447115968205045 + O(19^35) ],
inf := false>,
rec<recformat<x, b, inf, xt, bt, index> | 
x := 1 + O(19^35),
b := [ 1 + O(19^35), 0, 0, 126812924913028261061993572331447115968205046 + O(19^35) ],
inf := false>,
rec<recformat<x, b, inf, xt, bt, index> | 
x := 0,
b := [ 1 + O(19^35), 1 + O(19^35), -2 + O(19^35), -253625849826056522123987144662894231936410094 + O(19^35) ],
inf := false>,
rec<recformat<x, b, inf, xt, bt, index> | 
x := 0,
b := [ 1 + O(19^35), 0, 0, -253625849826056522123987144662894231936410092 + O(19^35) ],
inf := false>,
rec<recformat<x, b, inf, xt, bt, index> | 
x := 0,
b := [ 1 + O(19^35), 0, 0, -253625849826056522123987144662894231936410089 + O(19^35) ],
inf := false>,
rec<recformat<x, b, inf, xt, bt, index> | 
x := -1 + O(19^35),
b := [ 1 + O(19^35), 0, 0, -63406462456514130530996786165723557984102523 + O(19^35) ],
inf := false>,
rec<recformat<x, b, inf, xt, bt, index> | 
x := -1 + O(19^35),
b := [ 1 + O(19^35), -4 + O(19^35), -6 + O(19^35), -63406462456514130530996786165723557984102509 + O(19^35) ],
inf := false>,
rec<recformat<x, b, inf, xt, bt, index> | 
x := 0,
b := [ 1 + O(19^35), 1 + O(19^35), -2 + O(19^35), -15 + O(19^35) ],
inf := true>,
rec<recformat<x, b, inf, xt, bt, index> | 
x := 0,
b := [ 1 + O(19^35), -1 + O(19^35), 0, -11 + O(19^35) ],
inf := true>
] (9 pts)
have to exclude 1 residue discs.

trying model #3:
y^4 + (-x^2 - 3/2*x - 1/2)*y^3 + (-3/2*x^4 - x^3 + 3/2*x^2)*y^2 + (x^6 + 5*x^5 + 5/2*x^4 + 1/2*x^3)*y + 1/2*x^8 - 3/2*x^7 - 7/2*x^6 - 3/2*x^5
p = 2 fails: 
rational_points(
N: 148,
X: Curve over Rational Field defined by -x[1]^2*x[2] + 2*x[1]*x...
)
coleman_data(
Q: y^4 + (-x^2 - 3/2*x - 1/2)*y^3 + (-3/2*x^4 - x^3 + 3/2*x^2)*...,
p: 2,
N: 35
)
genus(
Q: y^4 + (-x^2 - 3/2*x - 1/2)*y^3 + (-3/2*x^4 - x^3 + 3/2*x^2)*...,
p: 2
)
In file "Coleman/auxpolys.m", line 64, column 25:
>>         Qmodp:=Qmodp+(Fp!D[j])*Fpxy.1^(j-1)*Fpxy.2^(i-1);
                           ^
Runtime error in '!': Division by zero
LHS: FldFin
RHS: FldRatElt.
p = 3 fails: Runtime error: bad prime.
Time: 11.240
p = 5 fails: Runtime error: In Hensel lift of power series, derivative has leading term divisible by p.
p = 7 fails: Runtime error: bad prime.
Time: 28.280
p = 11 fails: Runtime error: something is wrong, number of approximate roots is different from 1.
Time: 37.350
Time: 899.280
found 9 residue disks.
L = [
rec<recformat<x, b, inf, xt, bt, index> | 
x := O(13^16),
b := [ 1 + O(13^35), -2 + O(13^16), 4 + O(13^16), -96 + O(13^16) ],
inf := true>,
rec<recformat<x, b, inf, xt, bt, index> | 
x := O(13^16),
b := [ 1 + O(13^35), 2 + O(13^16), 4 + O(13^16), -64 + O(13^16) ],
inf := true>,
rec<recformat<x, b, inf, xt, bt, index> | 
x := O(13^16),
b := [ 1 + O(13^35), 1 + O(13^16), 3 + O(13^16), 295740715192524350 + O(13^16) ],
inf := false>,
rec<recformat<x, b, inf, xt, bt, index> | 
x := O(13^16),
b := [ 1 + O(13^35), O(13^32), O(13^16), 295740715192524340 + O(13^16) ],
inf := false>,
rec<recformat<x, b, inf, xt, bt, index> | 
x := O(13^32),
b := [ 1 + O(13^35), O(13^35), O(13^16), 295740715192524352 + O(13^16) ],
inf := false>,
rec<recformat<x, b, inf, xt, bt, index> | 
x := -1 + O(13^16),
b := [ 1 + O(13^35), O(13^16), O(13^16), 73935178798131085 + O(13^16) ],
inf := false>,
rec<recformat<x, b, inf, xt, bt, index> | 
x := -1 + O(13^16),
b := [ 1 + O(13^35), 2 + O(13^16), -2 + O(13^17), 73935178798131129 + O(13^16) ],
inf := false>,
rec<recformat<x, b, inf, xt, bt, index> | 
x := 1 + O(13^16),
b := [ 1 + O(13^35), 4 + O(13^16), 12 + O(13^16), -147870357596262202 + O(13^16) ],
inf := false>,
rec<recformat<x, b, inf, xt, bt, index> | 
x := 1 + O(13^16),
b := [ 1 + O(13^35), 2 + O(13^16), 2 + O(13^16), -11374642892020170*13 + O(13^16) ],
inf := false>
] (9 pts)
ratpts = [
rec<recformat<x, b, inf, xt, bt, index> | 
x := 1 + O(13^35),
b := [ 1 + O(13^35), 4 + O(13^35), 12 + O(13^35), 432349352230097339633144925844836116588 + O(13^35) ],
inf := false>,
rec<recformat<x, b, inf, xt, bt, index> | 
x := 1 + O(13^35),
b := [ 1 + O(13^35), 2 + O(13^35), 2 + O(13^35), 108087338057524334908286231461209029149*13 + O(13^36) ],
inf := false>,
rec<recformat<x, b, inf, xt, bt, index> | 
x := 0,
b := [ 1 + O(13^35), 1 + O(13^35), 3 + O(13^35), 108087338057524334908286231461209029127 + O(13^35) ],
inf := false>,
rec<recformat<x, b, inf, xt, bt, index> | 
x := 0,
b := [ 1 + O(13^35), 0, 0, 108087338057524334908286231461209029117 + O(13^35) ],
inf := false>,
rec<recformat<x, b, inf, xt, bt, index> | 
x := 0,
b := [ 1 + O(13^35), 0, 0, 108087338057524334908286231461209029129 + O(13^35) ],
inf := false>,
rec<recformat<x, b, inf, xt, bt, index> | 
x := -1 + O(13^35),
b := [ 1 + O(13^35), 2 + O(13^35), -2 + O(13^35), -216174676115048669816572462922418058266 + O(13^35) ],
inf := false>,
rec<recformat<x, b, inf, xt, bt, index> | 
x := -1 + O(13^35),
b := [ 1 + O(13^35), 0, 0, -216174676115048669816572462922418058310 + O(13^35) ],
inf := false>,
rec<recformat<x, b, inf, xt, bt, index> | 
x := 0,
b := [ 1 + O(13^35), 2 + O(13^35), 4 + O(13^35), -64 + O(13^35) ],
inf := true>,
rec<recformat<x, b, inf, xt, bt, index> | 
x := 0,
b := [ 1 + O(13^35), -2 + O(13^35), 4 + O(13^35), -96 + O(13^35) ],
inf := true>
] (9 pts)
found all Q-points!
> quit;

Total time: 10110.270 seconds, Total memory usage: 343.84MB
