225
Curve over Rational Field defined by
z[1]^2*z[3] - z[1]*z[2]^2 + z[1]*z[2]*z[4] - 8*z[1]*z[4]^2 + z[2]^2*z[3] - 4*z[2]^2*z[4] + 4*z[2]*z[3]^2 + 3*z[2]*z[3]*z[4] + 6*z[2]*z[4]^2 - 5*z[3]^3 - 10*z[3]^2*z[4] + 6*z[3]*z[4]^2 + 6*z[4]^3,
z[1]^2*z[4] - 2*z[1]*z[2]*z[4] + z[1]*z[4]^2 - z[2]^3 + 4*z[2]^2*z[3] + 2*z[2]^2*z[4] - 4*z[2]*z[3]^2 - 6*z[2]*z[3]*z[4] + 2*z[2]*z[4]^2 + 2*z[3]^3 + 4*z[3]^2*z[4] - 3*z[4]^3,
z[1]*z[2]*z[3] - 2*z[1]*z[2]*z[4] - z[2]^3 + 2*z[2]^2*z[3] + z[2]^2*z[4] - 3*z[2]*z[3]^2 + 2*z[2]*z[4]^2,
z[1]*z[3]^2 - 4*z[1]*z[4]^2 - z[2]^2*z[3] - 2*z[2]^2*z[4] + 2*z[2]*z[3]^2 + 5*z[2]*z[3]*z[4] + 2*z[2]*z[4]^2 - 3*z[3]^3 - 6*z[3]^2*z[4] + 2*z[3]*z[4]^2 + 4*z[4]^3,
z[1]*z[3]*z[4] - 2*z[1]*z[4]^2 - z[2]^2*z[4] + 2*z[2]*z[3]*z[4] + z[2]*z[4]^2 - 3*z[3]^2*z[4] + 2*z[4]^3
g = 4
r = 1
4 small points: [ (1 : 1 : 1 : 1), (1 : 0 : 0 : 0), (3/2 : 1 : 1/2 : 1), (1 : 1 : 0 : 1) ]
checking: differences of 3 points generate rank 1 subgroup of J_0(N)^*(Q).
finite index subgroup certified by: p = 11: ell = 3
found 4 plane models:
{
y^5 + (-2*x + 5/2)*y^4 + (2*x^2 - 4*x - 5/2)*y^3 + (-1/2*x^3 + 7*x - 5/2)*y^2 + (-x^3 + 7/2*x^2 - 17/2*x + 5)*y + 1/2*x^4 - x^3 - 1/2*x^2 + 3*x - 2,
y^4 + (3/2*x^2 - 3*x - 1/2)*y^3 + (-3*x^4 + 2*x^3 + 3*x^2 + 2*x)*y^2 + (10*x^4 - 8*x^3 - 2*x^2)*y + 3*x^7 - 6*x^6 - 4*x^5 + 6*x^4 + x^3,
y^5 + (x - 3)*y^4 + (-x^2 + 3*x)*y^3 + (-2*x^3 + 7*x^2 - 9*x + 3)*y^2 + (x^3 + 2*x^2 - 6*x + 3)*y + 2*x^4 - 8*x^3 + 9*x^2 - 3*x,
y^5 + (-2*x - 3)*y^4 + (2*x^2 + 3*x)*y^3 + (-x^3 - 2*x^2 + 3)*y^2 + (-x^3 + 2*x^2 + 6*x + 3)*y + x^4 + x^3 - 3*x^2 - 3*x
}

trying model #
y^5 + (-2*x + 5/2)*y^4 + (2*x^2 - 4*x - 5/2)*y^3 + (-1/2*x^3 + 7*x - 5/2)*y^2 + (-x^3 + 7/2*x^2 - 17/2*x + 5)*y + 1/2*x^4 - x^3 - 1/2*x^2 + 3*x - 2p = 2 fails: 
rational_points(
N: 225,
X: Curve over Rational Field defined by z[1]^2*z[3] - z[1]*z[2]...
)
coleman_data(
Q: y^5 + (-2*x + 5/2)*y^4 + (2*x^2 - 4*x - 5/2)*y^3 + (-1/2*x^3...,
p: 2,
N: 35
)
genus(
Q: y^5 + (-2*x + 5/2)*y^4 + (2*x^2 - 4*x - 5/2)*y^3 + (-1/2*x^3...,
p: 2
)
In file "Coleman/auxpolys.m", line 64, column 25:
>>         Qmodp:=Qmodp+(Fp!D[j])*Fpxy.1^(j-1)*Fpxy.2^(i-1);
                           ^
Runtime error in '!': Division by zero
LHS: FldFin
RHS: FldRatElt.
p = 3 fails: Runtime error: bad prime.
p = 5 fails: Runtime error: bad prime.
p = 7 fails: Runtime error: bad prime.
p = 11 fails: Runtime error: bad prime.
Time: 72.900
Time: 1475.720
found 6 residue disks.
L = [
rec<recformat<x, b, inf, xt, bt, index> | 
x := O(13^35),
b := [ 1 + O(13^35), O(13^33), O(13^35), O(13^35), -1151226085819785815591214299586841765 + O(13^33) ],
inf := true>,
rec<recformat<x, b, inf, xt, bt, index> | 
x := 2542819875797862911029409720705795867 + O(13^33),
b := [ 1 + O(13^35), 2 + O(13^33), 4 + O(13^33), 8 + O(13^33), -2289757700939509992810953180337194399 + O(13^33) ],
inf := false>,
rec<recformat<x, b, inf, xt, bt, index> | 
x := -2542819875797862911029409720705795864 + O(13^33),
b := [ 1 + O(13^35), 2 + O(13^33), 4 + O(13^33), 8 + O(13^33), 2289757700939509992810953180337194423 + O(13^33) ],
inf := false>,
rec<recformat<x, b, inf, xt, bt, index> | 
x := 1 + O(13^33),
b := [ 1 + O(13^35), O(13^33), O(13^66), O(13^99), 32 + O(13^33) ],
inf := false>,
rec<recformat<x, b, inf, xt, bt, index> | 
x := 1 + O(13^33),
b := [ 1 + O(13^35), 1 + O(13^35), 1 + O(13^35), 1 + O(13^35), 24 + O(13^33) ],
inf := false>,
rec<recformat<x, b, inf, xt, bt, index> | 
x := 1 + O(13^33),
b := [ 1 + O(13^35), 2 + O(13^35), 4 + O(13^35), 8 + O(13^35), 8 + O(13^33) ],
inf := false>
] (6 pts)
ratpts = [
rec<recformat<x, b, inf, xt, bt, index> | 
x := 1 + O(13^35),
b := [ 1 + O(13^35), 2 + O(13^35), 4 + O(13^35), 8 + O(13^35), 8 + O(13^35) ],
inf := false>,
rec<recformat<x, b, inf, xt, bt, index> | 
x := 1 + O(13^35),
b := [ 1 + O(13^35), 1 + O(13^35), 1 + O(13^35), 1 + O(13^35), 24 + O(13^35) ],
inf := false>,
rec<recformat<x, b, inf, xt, bt, index> | 
x := 1 + O(13^35),
b := [ 1 + O(13^35), 0, 0, 0, 32 + O(13^35) ],
inf := false>,
rec<recformat<x, b, inf, xt, bt, index> | 
x := 0,
b := [ 1 + O(13^35), 0, 0, 0, 194557208503543802834915216630176252437 + O(13^35) ],
inf := true>
] (4 pts)
have to exclude 2 residue discs.
Time: 110.510
Time: 2032.440
found 4 residue disks.
L = [
rec<recformat<x, b, inf, xt, bt, index> | 
x := O(17^35),
b := [ 1 + O(17^35), O(17^32), O(17^35), O(17^35), 947164637904186898337642518928380498910 + O(17^32) ],
inf := true>,
rec<recformat<x, b, inf, xt, bt, index> | 
x := 1 + O(17^32),
b := [ 1 + O(17^35), O(17^32), O(17^64), O(17^96), 32 + O(17^32) ],
inf := false>,
rec<recformat<x, b, inf, xt, bt, index> | 
x := 1 + O(17^32),
b := [ 1 + O(17^35), 1 + O(17^35), 1 + O(17^35), 1 + O(17^35), 24 + O(17^32) ],
inf := false>,
rec<recformat<x, b, inf, xt, bt, index> | 
x := 1 + O(17^32),
b := [ 1 + O(17^35), 2 + O(17^35), 4 + O(17^35), 8 + O(17^35), 8 + O(17^32) ],
inf := false>
] (4 pts)
ratpts = [
rec<recformat<x, b, inf, xt, bt, index> | 
x := 1 + O(17^35),
b := [ 1 + O(17^35), 2 + O(17^35), 4 + O(17^35), 8 + O(17^35), 8 + O(17^35) ],
inf := false>,
rec<recformat<x, b, inf, xt, bt, index> | 
x := 1 + O(17^35),
b := [ 1 + O(17^35), 1 + O(17^35), 1 + O(17^35), 1 + O(17^35), 24 + O(17^35) ],
inf := false>,
rec<recformat<x, b, inf, xt, bt, index> | 
x := 1 + O(17^35),
b := [ 1 + O(17^35), 0, 0, 0, 32 + O(17^35) ],
inf := false>,
rec<recformat<x, b, inf, xt, bt, index> | 
x := 0,
b := [ 1 + O(17^35), 0, 0, 0, -2326709933011635115766418847747566695656953 + O(17^35) ],
inf := true>
] (4 pts)
found all Q-points!
