264
g = 4
r = 1
4 small points: [ (-1 : 1 : 1 : 1), (-2 : 2 : 1 : 1), (0 : 0 : 1 : 0), (0 : 0 : 
0 : 1) ]
checking: differences of 3 points generate rank 1 subgroup of J_0(N)^*(Q).
finite index subgroup certified by: p = 5: ell = 3
found 4 plane models:
[
y^5 + (23/6*x - 7/12)*y^4 + (7/2*x^2 - 25/6*x - 11/12)*y^3 + (4/3*x^3 - 13/4*x^2
- x - 1/12)*y^2 + (1/2*x^4 - 1/3*x^3 - 23/12*x^2 - 5/6*x)*y - 1/6*x^5 - 2/3*x^4 
- 2*x^3 - x^2 - 1/12*x,
y^5 + (131/36*x - 49/36)*y^4 + (43/9*x^2 - 5*x - 4/9)*y^3 + (53/18*x^3 - 
11/2*x^2 - 7/18*x + 1/18)*y^2 + (8/9*x^4 - 7/3*x^3 - 2/3*x^2 - 5/9*x)*y + 
1/12*x^5 - 17/36*x^4 - 25/36*x^3 - 19/36*x^2 + 1/18*x,
y^4 + (x^2 - 4/3*x)*y^3 + (2/3*x^3 - 5/3*x^2 - 1/3*x - 4/3)*y^2 + (-7/3*x^4 + 
16/3*x^3 + 8/3*x^2)*y - 7/3*x^5 + 8/3*x^4 - 4/3*x^3 - 8/3*x^2 - 4/3*x,
y^4 + (x^2 - 4/3*x)*y^3 + (2/3*x^3 - 5/3*x^2 - 1/3*x - 4/3)*y^2 + (-7/3*x^4 + 
16/3*x^3 + 8/3*x^2)*y - 7/3*x^5 + 8/3*x^4 - 4/3*x^3 - 8/3*x^2 - 4/3*x
]

trying model #1:
y^5 + (23/6*x - 7/12)*y^4 + (7/2*x^2 - 25/6*x - 11/12)*y^3 + (4/3*x^3 - 13/4*x^2
- x - 1/12)*y^2 + (1/2*x^4 - 1/3*x^3 - 23/12*x^2 - 5/6*x)*y - 1/6*x^5 - 2/3*x^4 
- 2*x^3 - x^2 - 1/12*x
p = 2 fails: 
rational_points(
    N: 264,
    X: Curve over Rational Field defined by x[1]^3 + 2*x[1]^2*x[2] ...
)
coleman_data(
    Q: y^5 + (23/6*x - 7/12)*y^4 + (7/2*x^2 - 25/6*x - 11/12)*y^3 +...,
    p: 2,
    N: 35
)
genus(
    Q: y^5 + (23/6*x - 7/12)*y^4 + (7/2*x^2 - 25/6*x - 11/12)*y^3 +...,
    p: 2
)
In file "Coleman/auxpolys.m", line 64, column 25:
>>         Qmodp:=Qmodp+(Fp!D[j])*Fpxy.1^(j-1)*Fpxy.2^(i-1);
                           ^
Runtime error in '!': Division by zero
LHS: FldFin
RHS: FldRatElt.
p = 3 fails: 
rational_points(
    N: 264,
    X: Curve over Rational Field defined by x[1]^3 + 2*x[1]^2*x[2] ...
)
coleman_data(
    Q: y^5 + (23/6*x - 7/12)*y^4 + (7/2*x^2 - 25/6*x - 11/12)*y^3 +...,
    p: 3,
    N: 35
)
genus(
    Q: y^5 + (23/6*x - 7/12)*y^4 + (7/2*x^2 - 25/6*x - 11/12)*y^3 +...,
    p: 3
)
In file "Coleman/auxpolys.m", line 64, column 25:
>>         Qmodp:=Qmodp+(Fp!D[j])*Fpxy.1^(j-1)*Fpxy.2^(i-1);
                           ^
Runtime error in '!': Division by zero
LHS: FldFin
RHS: FldRatElt.
p = 5 fails: Runtime error: bad prime.
Time: 49.220
p = 7 fails: 
rational_points(
    N: 264,
    X: Curve over Rational Field defined by x[1]^3 + 2*x[1]^2*x[2] ...
)
effective_chabauty(
    data: rec<recformat<Q, p, N, g, W0, Winf, r, Delta, s, G0, Ginf, e...
)
Qp_points(
    data: rec<recformat<Q, p, N, g, W0, Winf, r, Delta, s, G0, Ginf, e...
)
In file "Coleman/applications.m", line 299, column 20:
>>                   b[j]:=zeros[k];
                      ^
Runtime error in :=: Variable 'b' has not been initialized.
p = 11 fails: Runtime error: bad prime.
Time: 100.730
p = 13 fails: 
rational_points(
    N: 264,
    X: Curve over Rational Field defined by x[1]^3 + 2*x[1]^2*x[2] ...
)
effective_chabauty(
    data: rec<recformat<Q, p, N, g, W0, Winf, r, Delta, s, G0, Ginf, e...
)
Qp_points(
    data: rec<recformat<Q, p, N, g, W0, Winf, r, Delta, s, G0, Ginf, e...
)
In file "Coleman/applications.m", line 299, column 20:
>>                   b[j]:=zeros[k];
                      ^
Runtime error in :=: Variable 'b' has not been initialized.
Time: 139.430
p = 17 fails: Runtime error: In Hensel lift of power series, derivative has 
leading term divisible by p.
Time: 158.100
Time: 2760.860
found 4 residue disks.
L = [
rec<recformat<x, b, inf, xt, bt, index> | 
x := O(19^7),
b := [ 1 + O(19^35), -12 + O(19^14), 144 + O(19^14), -1728 + O(19^14), -2355840 
+ O(19^7) ],
inf := true>,
rec<recformat<x, b, inf, xt, bt, index> | 
x := O(19^14),
b := [ 1 + O(19^35), O(19^7), O(19^14), O(19^21), -406118970 + O(19^7) ],
inf := false>,
rec<recformat<x, b, inf, xt, bt, index> | 
x := 446935869 + O(19^7),
b := [ 1 + O(19^35), 6 + O(19^7), 36 + O(19^7), 216 + O(19^7), 57404363832964319
+ O(19^14) ],
inf := false>,
rec<recformat<x, b, inf, xt, bt, index> | 
x := -1 + O(19^14),
b := [ 1 + O(19^35), 12 + O(19^7), 144 + O(19^7), 1728 + O(19^7), -406118970 + 
O(19^7) ],
inf := false>
] (4 pts)
ratpts = [
rec<recformat<x, b, inf, xt, bt, index> | 
x := 285329081054313587389485537745756010928461349 + O(19^35),
b := [ 1 + O(19^35), 6 + O(19^35), 36 + O(19^35), 216 + O(19^35), 
125212373433543438349560643748623026155033353 + O(19^35) ],
inf := false>,
rec<recformat<x, b, inf, xt, bt, index> | 
x := 0,
b := [ 1 + O(19^35), 0, 0, 0, 239344005855268873305354858846925430526427224 + 
O(19^35) ],
inf := false>,
rec<recformat<x, b, inf, xt, bt, index> | 
x := -1 + O(19^35),
b := [ 1 + O(19^35), 12 + O(19^35), 144 + O(19^35), 1728 + O(19^35), 
239344005855268873305354858846925430526427224 + O(19^35) ],
inf := false>,
rec<recformat<x, b, inf, xt, bt, index> | 
x := 0,
b := [ 1 + O(19^35), -12 + O(19^35), 144 + O(19^35), -1728 + O(19^35), -2355840 
+ O(19^35) ],
inf := true>
] (4 pts)
found all Q-points!
