308
g = 4
r = 3
6 small points: [ (1 : 0 : 0 : 0), (1 : -2 : -1 : 1), (1 : 0 : 1 : 1), (1/4 : 
1/2 : 1 : 1), (0 : 0 : 0 : 1), (1/4 : -1/2 : 0 : 1) ]
checking: differences of 5 points generate rank 3 subgroup of J_0(N)^*(Q).
finite index subgroup certified by: p = 13: ell = 5
found 6 plane models:
[
y^5 + (-x - 3/2)*y^4 + (x^2 - 1/2*x + 5/4)*y^3 + (x^2 + 1/2*x - 3/4)*y^2 + 
(-3/2*x^3 - x^2 - 1/2*x)*y + 1/2*x^4 - 1/4*x^3 + 5/4*x^2 + 3/4*x,
y^5 + (7*x + 5)*y^4 + (13*x^2 + 9*x - 21)*y^3 + (10*x^3 + 18*x^2 - 39*x + 
31)*y^2 + (16*x^3 - 56*x^2 + 26*x - 25)*y + 20*x^4 - 6*x^3 + 33*x^2 - 2*x + 9,
y^5 + (5/3*x - 11/3)*y^4 + (5/3*x^2 - 3*x + 11/3)*y^3 + (2/3*x^3 - 2/3*x^2 - x -
1)*y^2 + (8/3*x^3 - 16/3*x^2 + 16/3*x - 5/3)*y + 4/3*x^4 - 14/3*x^3 + 7*x^2 - 
16/3*x + 5/3,
y^5 + (2/3*x - 25/9)*y^4 + (4/3*x^2 + 4/9*x + 31/9)*y^3 + (8/9*x^3 - 32/9*x^2 - 
4/3*x - 7/3)*y^2 + (16/9*x^3 + 4/3*x^2 + 22/9*x + 5/9)*y + 16/9*x^4 - 64/9*x^3 +
28/9*x^2 - 16/9*x + 1/9,
y^5 + (3*x - 1)*y^4 + (5*x^2 + x + 1)*y^3 + (6*x^3 + 2*x^2 - 2*x)*y^2 + (4*x^3 -
4*x^2 + 3*x)*y + 12*x^4 - 10*x^3 - x^2 - x,
y^5 + (18/5*x - 1)*y^4 + (28/5*x^2 - 8/5*x - 3/5)*y^3 + (24/5*x^3 + 8/5*x^2 - 
24/5*x + 11/5)*y^2 + (32/5*x^3 - 68/5*x^2 + 26/5*x - 11/5)*y + 48/5*x^4 - 
48/5*x^3 + 28/5*x^2 - 12/5*x + 3/5
]

trying model #1:
y^5 + (-x - 3/2)*y^4 + (x^2 - 1/2*x + 5/4)*y^3 + (x^2 + 1/2*x - 3/4)*y^2 + 
(-3/2*x^3 - x^2 - 1/2*x)*y + 1/2*x^4 - 1/4*x^3 + 5/4*x^2 + 3/4*x
p = 2 fails: 
rational_points(
    N: 308,
    X: Curve over Rational Field defined by x[1]*x[2]^2 + 2*x[1]^2*...
)
coleman_data(
    Q: y^5 + (-x - 3/2)*y^4 + (x^2 - 1/2*x + 5/4)*y^3 + (x^2 + 1/2*...,
    p: 2,
    N: 35
)
genus(
    Q: y^5 + (-x - 3/2)*y^4 + (x^2 - 1/2*x + 5/4)*y^3 + (x^2 + 1/2*...,
    p: 2
)
In file "Coleman/auxpolys.m", line 64, column 25:
>>         Qmodp:=Qmodp+(Fp!D[j])*Fpxy.1^(j-1)*Fpxy.2^(i-1);
                           ^
Runtime error in '!': Division by zero
LHS: FldFin
RHS: FldRatElt.
p = 3 fails: Runtime error: bad prime.
p = 5 fails: Runtime error: bad prime.
p = 7 fails: Runtime error: bad prime.
p = 11 fails: Runtime error: bad prime.
Time: 88.530
p = 13 fails: 
rational_points(
    N: 308,
    X: Curve over Rational Field defined by x[1]*x[2]^2 + 2*x[1]^2*...
)
effective_chabauty(
    data: rec<recformat<Q, p, N, g, W0, Winf, r, Delta, s, G0, Ginf, e...
)
Qp_points(
    data: rec<recformat<Q, p, N, g, W0, Winf, r, Delta, s, G0, Ginf, e...
)
set_bad_point(
    x: O(13^53),
    b: [ 1 + O(13^53), -4567312342434356461719153041397760498496332...,
    inf: true,
    data: rec<recformat<Q, p, N, g, W0, Winf, r, Delta, s, G0, Ginf, e...
)
In file "Coleman/singleintegrals.m", line 231, column 13:
>>   P`b:=[Qp!b[i]:i in [1..d]];
               ^
Runtime error in '[]': Sequence index 5 should be in the range 1 to 4
.
Time: 125.860
Time: 3817.390
found 16 residue disks.
L = [
rec<recformat<x, b, inf, xt, bt, index> | 
x := O(17^24),
b := [ 1 + O(17^35), O(17^8), O(17^16), O(17^24), -1550168310 + O(17^8) ],
inf := true>,
rec<recformat<x, b, inf, xt, bt, index> | 
x := O(17^16),
b := [ 1 + O(17^35), O(17^8), O(17^16), O(17^24), 28 + O(17^8) ],
inf := false>,
rec<recformat<x, b, inf, xt, bt, index> | 
x := O(17^8),
b := [ 1 + O(17^35), 2 + O(17^8), 4 + O(17^8), 8 + O(17^8), -4 + O(17^8) ],
inf := false>,
rec<recformat<x, b, inf, xt, bt, index> | 
x := -3487878720 + O(17^8),
b := [ 1 + O(17^35), 2 + O(17^8), 4 + O(17^8), 8 + O(17^8), -8 + O(17^8) ],
inf := false>,
rec<recformat<x, b, inf, xt, bt, index> | 
x := 1353512210 + O(17^8),
b := [ 1 + O(17^35), -1734005909 + O(17^8), -2559130379 + O(17^8), 854302788 + 
O(17^8), -3178389194 + O(17^8) ],
inf := false>,
rec<recformat<x, b, inf, xt, bt, index> | 
x := -2 + O(17^8),
b := [ 1 + O(17^35), -2 + O(17^8), 4 + O(17^8), -8 + O(17^8), 28 + O(17^8) ],
inf := false>,
rec<recformat<x, b, inf, xt, bt, index> | 
x := -2298580121 + O(17^8),
b := [ 1 + O(17^35), 2298580120 + O(17^8), 3034309030 + O(17^8), -1715707943 + 
O(17^8), 640136660 + O(17^8) ],
inf := false>,
rec<recformat<x, b, inf, xt, bt, index> | 
x := -1374288875 + O(17^8),
b := [ 1 + O(17^35), 1825290984 + O(17^8), -3178950883 + O(17^8), -738818631 + 
O(17^8), 2765967572 + O(17^8) ],
inf := false>,
rec<recformat<x, b, inf, xt, bt, index> | 
x := 3071753629 + O(17^8),
b := [ 1 + O(17^35), 623960924 + O(17^8), -612169848 + O(17^8), 357482515 + 
O(17^8), 161532122 + O(17^8) ],
inf := false>,
rec<recformat<x, b, inf, xt, bt, index> | 
x := -1286163835 + O(17^8),
b := [ 1 + O(17^35), 1882924584 + O(17^8), 1170137338 + O(17^8), -1242364398 + 
O(17^8), -1567816524 + O(17^8) ],
inf := false>,
rec<recformat<x, b, inf, xt, bt, index> | 
x := 3487878720 + O(17^8),
b := [ 1 + O(17^35), O(17^8), O(17^16), O(17^24), 24 + O(17^8) ],
inf := false>,
rec<recformat<x, b, inf, xt, bt, index> | 
x := 3272518049 + O(17^8),
b := [ 1 + O(17^35), -287847376 + O(17^8), -2729301467 + O(17^8), -3095066475 + 
O(17^8), 504075479 + O(17^8) ],
inf := false>,
rec<recformat<x, b, inf, xt, bt, index> | 
x := 2330761637 + O(17^8),
b := [ 1 + O(17^35), -2275914957 + O(17^8), -125453899 + O(17^8), 257724196 + 
O(17^8), -2291511251 + O(17^8) ],
inf := false>,
rec<recformat<x, b, inf, xt, bt, index> | 
x := 1573284535 + O(17^8),
b := [ 1 + O(17^35), -2044586510 + O(17^8), 3314456858 + O(17^8), 795662566 + 
O(17^8), 852539365 + O(17^8) ],
inf := false>,
rec<recformat<x, b, inf, xt, bt, index> | 
x := 1949541102 + O(17^8),
b := [ 1 + O(17^35), 2493517445 + O(17^8), 219273717 + O(17^8), -1328756801 + 
O(17^8), 2777187656 + O(17^8) ],
inf := false>,
rec<recformat<x, b, inf, xt, bt, index> | 
x := 1951485035 + O(17^8),
b := [ 1 + O(17^35), 1073316273 + O(17^8), 638049731 + O(17^8), 489031192 + 
O(17^8), -1478760018 + O(17^8) ],
inf := false>
] (16 pts)
ratpts = [
rec<recformat<x, b, inf, xt, bt, index> | 
x := 0,
b := [ 1 + O(17^35), 2 + O(17^35), 4 + O(17^35), 8 + O(17^35), -4 + O(17^35) ],
inf := false>,
rec<recformat<x, b, inf, xt, bt, index> | 
x := 0,
b := [ 1 + O(17^35), 0, 0, 0, 28 + O(17^35) ],
inf := false>,
rec<recformat<x, b, inf, xt, bt, index> | 
x := -2 + O(17^35),
b := [ 1 + O(17^35), -2 + O(17^35), 4 + O(17^35), -8 + O(17^35), 28 + O(17^35) 
],
inf := false>,
rec<recformat<x, b, inf, xt, bt, index> | 
x := -5816774832529087789416047119368916739142296 + O(17^35),
b := [ 1 + O(17^35), 2 + O(17^35), 4 + O(17^35), 8 + O(17^35), -8 + O(17^35) ],
inf := false>,
rec<recformat<x, b, inf, xt, bt, index> | 
x := 5816774832529087789416047119368916739142296 + O(17^35),
b := [ 1 + O(17^35), 0, 0, 0, 24 + O(17^35) ],
inf := false>,
rec<recformat<x, b, inf, xt, bt, index> | 
x := 0,
b := [ 1 + O(17^35), 0, 0, 0, 2585233258901816795296020941941740772952142 + 
O(17^35) ],
inf := true>
] (6 pts)
have to exclude 10 residue discs.
Time: 143.450
p = 19 fails: 
rational_points(
    N: 308,
    X: Curve over Rational Field defined by x[1]*x[2]^2 + 2*x[1]^2*...
)
effective_chabauty(
    data: rec<recformat<Q, p, N, g, W0, Winf, r, Delta, s, G0, Ginf, e...
)
Qp_points(
    data: rec<recformat<Q, p, N, g, W0, Winf, r, Delta, s, G0, Ginf, e...
)
set_bad_point(
    x: O(19^53),
    b: [ 1 + O(19^53), -2496247911719708881507908660104329257973845...,
    inf: true,
    data: rec<recformat<Q, p, N, g, W0, Winf, r, Delta, s, G0, Ginf, e...
)
In file "Coleman/singleintegrals.m", line 231, column 13:
>>   P`b:=[Qp!b[i]:i in [1..d]];
               ^
Runtime error in '[]': Sequence index 5 should be in the range 1 to 4
.

trying model #2:
y^5 + (7*x + 5)*y^4 + (13*x^2 + 9*x - 21)*y^3 + (10*x^3 + 18*x^2 - 39*x + 
31)*y^2 + (16*x^3 - 56*x^2 + 26*x - 25)*y + 20*x^4 - 6*x^3 + 33*x^2 - 2*x + 9
p = 2 fails: Runtime error: bad prime.
p = 3 fails: Runtime error: bad prime.
p = 5 fails: Runtime error: bad prime.
p = 7 fails: Runtime error: bad prime.
p = 11 fails: Runtime error: bad prime.
Time: 106.040
Time: 7841.930
found 18 residue disks.
L = [
rec<recformat<x, b, inf, xt, bt, index> | 
x := O(13^32),
b := [ 1 + O(13^35), O(13^16), O(13^32), O(13^35), 138628460246495879 + O(13^16)
],
inf := true>,
rec<recformat<x, b, inf, xt, bt, index> | 
x := -2810122447141177*13 + O(13^16),
b := [ 1 + O(13^35), 98376470259258617 + O(13^16), 280681841773940473 + 
O(13^16), 299403865386718481 + O(13^16), -326449766607289497 + O(13^16) ],
inf := false>,
rec<recformat<x, b, inf, xt, bt, index> | 
x := -16722175066823948*13 + O(13^16),
b := [ 1 + O(13^35), -525822447621218679 + O(13^17), 586541699138573831 + 
O(13^17), 222302920479752423 + O(13^17), -113986984633727425 + O(13^16) ],
inf := false>,
rec<recformat<x, b, inf, xt, bt, index> | 
x := O(13^16),
b := [ 1 + O(13^35), 1 + O(13^16), 1 + O(13^16), 1 + O(13^16), 46579162642822598
+ O(13^16) ],
inf := false>,
rec<recformat<x, b, inf, xt, bt, index> | 
x := 20415963533986802 + O(13^16),
b := [ 1 + O(13^35), -189984824820252465 + O(13^16), -129849149598661991 + 
O(13^16), -4647361319931682 + O(13^16), -142611975051020997 + O(13^16) ],
inf := false>,
rec<recformat<x, b, inf, xt, bt, index> | 
x := -91577572273657635 + O(13^16),
b := [ 1 + O(13^35), -16653717049810579*13 + O(13^16), -24319963182026898*13^2 +
O(13^17), -2163155349287054*13^3 + O(13^18), 328492987672509734 + O(13^16) ],
inf := false>,
rec<recformat<x, b, inf, xt, bt, index> | 
x := 271902882536246381 + O(13^16),
b := [ 1 + O(13^35), 1011398751577983488 + O(13^17), 2261424175691200376 + 
O(13^17), 4281982932758999905 + O(13^17), 298854751373097235 + O(13^16) ],
inf := false>,
rec<recformat<x, b, inf, xt, bt, index> | 
x := 200190314783479283 + O(13^16),
b := [ 1 + O(13^35), -197422968332430311 + O(13^16), 131293009489842391 + 
O(13^16), 70640497341047672 + O(13^16), -140062626743828206 + O(13^16) ],
inf := false>,
rec<recformat<x, b, inf, xt, bt, index> | 
x := -1 + O(13^16),
b := [ 1 + O(13^35), 2 + O(13^16), 4 + O(13^16), 8 + O(13^16), 
-286129141948767334 + O(13^16) ],
inf := false>,
rec<recformat<x, b, inf, xt, bt, index> | 
x := 249531228443692440 + O(13^16),
b := [ 1 + O(13^35), -166354152295794959 + O(13^16), 291119766517641182 + 
O(13^16), 31191403555461557 + O(13^16), 233727583975591930 + O(13^16) ],
inf := false>,
rec<recformat<x, b, inf, xt, bt, index> | 
x := -2 + O(13^17),
b := [ 1 + O(13^35), 3 + O(13^16), 9 + O(13^16), 27 + O(13^16), 
46579162642822554 + O(13^16) ],
inf := false>,
rec<recformat<x, b, inf, xt, bt, index> | 
x := -166354152295794961 + O(13^16),
b := [ 1 + O(13^35), -4325207959690668965 + O(13^17), -2162603979845334481 + 
O(13^17), 1081301989922667245 + O(13^17), 9981249137747698*13 + O(13^16) ],
inf := false>,
rec<recformat<x, b, inf, xt, bt, index> | 
x := -293455728751135656 + O(13^16),
b := [ 1 + O(13^35), 284413490165358961 + O(13^16), -83818920153499411 + 
O(13^16), -24011270588759065 + O(13^16), -156555715735838910 + O(13^16) ],
inf := false>,
rec<recformat<x, b, inf, xt, bt, index> | 
x := 38750288739871914 + O(13^16),
b := [ 1 + O(13^35), 3048556514800095447 + O(13^17), -3802046496862366845 + 
O(13^17), 4260363443808183460 + O(13^17), -330849175062262640 + O(13^16) ],
inf := false>,
rec<recformat<x, b, inf, xt, bt, index> | 
x := 318325487677539755 + O(13^16),
b := [ 1 + O(13^35), 86296901484300992 + O(13^16), -247469611042286240 + 
O(13^16), 286404110762833075 + O(13^16), -268887904895665376 + O(13^16) ],
inf := false>,
rec<recformat<x, b, inf, xt, bt, index> | 
x := -318325487677539751 + O(13^16),
b := [ 1 + O(13^35), -86296901484301018 + O(13^16), 247469611042286974 + 
O(13^16), -286404110762852913 + O(13^16), 29337925589717122 + O(13^16) ],
inf := false>,
rec<recformat<x, b, inf, xt, bt, index> | 
x := -173336732985063270 + O(13^16),
b := [ 1 + O(13^35), -167259487061263508 + O(13^16), -272537694291529273 + 
O(13^16), 26028943932955072 + O(13^16), -129797422061960391 + O(13^16) ],
inf := false>,
rec<recformat<x, b, inf, xt, bt, index> | 
x := -277475435066083851 + O(13^16),
b := [ 1 + O(13^35), 49452480544980055 + O(13^16), 196975474359788081 + 
O(13^16), 242298496114503477 + O(13^16), 2843774810833849227 + O(13^17) ],
inf := false>
] (18 pts)
ratpts = [
rec<recformat<x, b, inf, xt, bt, index> | 
x := -121598255314714876771822010393860157795 + O(13^35),
b := [ 1 + O(13^35), -243196510629429753543644020787720315588 + O(13^35), 
-303995638286787191929555025984650394485 + O(13^35), 
-136798037229054236368299761693092677517 + O(13^35), 
64447075316798884689065665508745883642 + O(13^35) ],
inf := false>,
rec<recformat<x, b, inf, xt, bt, index> | 
x := -2 + O(13^35),
b := [ 1 + O(13^35), 3 + O(13^35), 9 + O(13^35), 27 + O(13^35), 
-87550743826594711275711847483579313647 + O(13^35) ],
inf := false>,
rec<recformat<x, b, inf, xt, bt, index> | 
x := -243196510629429753543644020787720315590 + O(13^35),
b := [ 1 + O(13^35), -486393021258859507087288041575440631177 + O(13^35), 
-243196510629429753543644020787720315587 + O(13^35), 
121598255314714876771822010393860157798 + O(13^35), 
189693278290955207764042336214421846160*13 + O(13^36) ],
inf := false>,
rec<recformat<x, b, inf, xt, bt, index> | 
x := 0,
b := [ 1 + O(13^35), 1 + O(13^35), 1 + O(13^35), 1 + O(13^35), 
-87550743826594711275711847483579313603 + O(13^35) ],
inf := false>,
rec<recformat<x, b, inf, xt, bt, index> | 
x := -1 + O(13^35),
b := [ 1 + O(13^35), 2 + O(13^35), 4 + O(13^35), 8 + O(13^35), 
398842277432264795811576194091861317564 + O(13^35) ],
inf := false>,
rec<recformat<x, b, inf, xt, bt, index> | 
x := 0,
b := [ 1 + O(13^35), 0, 0, 0, -283729262401001379134251357585673701442 + 
O(13^35) ],
inf := true>
] (6 pts)
have to exclude 12 residue discs.
Time: 151.640
p = 17 fails: 
rational_points(
    N: 308,
    X: Curve over Rational Field defined by x[1]*x[2]^2 + 2*x[1]^2*...
)
effective_chabauty(
    data: rec<recformat<Q, p, N, g, W0, Winf, r, Delta, s, G0, Ginf, e...
)
zeros_on_disk(
    P1: rec<recformat<x, b, inf, xt, bt, index> | ...>,
    P2: rec<recformat<x, b, inf, xt, bt, index> | ...>,
    v: [ [ 1 + O(17^23), -5423251495571599534153764953 + O(17^23), ...,
    data: rec<recformat<Q, p, N, g, W0, Winf, r, Delta, s, G0, Ginf, e...
)
coleman_integrals_on_basis(
    P1: rec<recformat<x, b, inf, xt, bt, index> | ...>,
    P2: rec<recformat<x, b, inf, xt, bt, index> | ...>,
    data: rec<recformat<Q, p, N, g, W0, Winf, r, Delta, s, G0, Ginf, e...
)
In file "Coleman/singleintegrals.m", line 1973, column 3:
>>   assert Nround ge NIP1P2;                          // Check that rounding 
     ^
Runtime error in assert: Assertion failed.
p = 19 fails: Runtime error: bad prime.

trying model #3:
y^5 + (5/3*x - 11/3)*y^4 + (5/3*x^2 - 3*x + 11/3)*y^3 + (2/3*x^3 - 2/3*x^2 - x -
1)*y^2 + (8/3*x^3 - 16/3*x^2 + 16/3*x - 5/3)*y + 4/3*x^4 - 14/3*x^3 + 7*x^2 - 
16/3*x + 5/3
p = 2 fails: Runtime error: bad prime.
p = 3 fails: 
rational_points(
    N: 308,
    X: Curve over Rational Field defined by x[1]*x[2]^2 + 2*x[1]^2*...
)
coleman_data(
    Q: y^5 + (5/3*x - 11/3)*y^4 + (5/3*x^2 - 3*x + 11/3)*y^3 + (2/3...,
    p: 3,
    N: 35
)
genus(
    Q: y^5 + (5/3*x - 11/3)*y^4 + (5/3*x^2 - 3*x + 11/3)*y^3 + (2/3...,
    p: 3
)
In file "Coleman/auxpolys.m", line 64, column 25:
>>         Qmodp:=Qmodp+(Fp!D[j])*Fpxy.1^(j-1)*Fpxy.2^(i-1);
                           ^
Runtime error in '!': Division by zero
LHS: FldFin
RHS: FldRatElt.
p = 5 fails: Runtime error: bad prime.
p = 7 fails: Runtime error: bad prime.
p = 11 fails: Runtime error: bad prime.
Time: 104.810
p = 13 fails: Runtime error: something is wrong, number of approximate roots is 
different from 1.
Time: 149.940
Time: 3314.360
found 16 residue disks.
L = [
rec<recformat<x, b, inf, xt, bt, index> | 
x := O(17^22),
b := [ 1 + O(17^35), -2 + O(17^22), 4 + O(17^22), -8 + O(17^22), 
-293640719130287114743515334 + O(17^22) ],
inf := true>,
rec<recformat<x, b, inf, xt, bt, index> | 
x := O(17^35),
b := [ 1 + O(17^35), O(17^22), O(17^35), O(17^35), -293640719130287114743515523 
+ O(17^22) ],
inf := true>,
rec<recformat<x, b, inf, xt, bt, index> | 
x := -235867766644608003562757426*17 + O(17^23),
b := [ 1 + O(17^35), 581884718562767877975329915 + O(17^22), 
-533432000019221633251077228 + O(17^22), 307310227334848906400245065 + O(17^22),
-20870008524139919270610992 + O(17^22) ],
inf := false>,
rec<recformat<x, b, inf, xt, bt, index> | 
x := O(17^22),
b := [ 1 + O(17^35), 3 + O(17^22), 9 + O(17^22), 27 + O(17^22), 
-587281438260574229487031061 + O(17^22) ],
inf := false>,
rec<recformat<x, b, inf, xt, bt, index> | 
x := 247241796274466748914102538 + O(17^22),
b := [ 1 + O(17^35), 13886978787800227522869952 + O(17^22), 
84172635016941554415778045 + O(17^22), -134243133998809834747339430 + O(17^22), 
542007130678984091795405870 + O(17^22) ],
inf := false>,
rec<recformat<x, b, inf, xt, bt, index> | 
x := 465951525183833012397378436 + O(17^22),
b := [ 1 + O(17^35), -156007887926636215385821528 + O(17^22), 
-206426279598301577940534791 + O(17^22), -476718651913652372109234351 + 
O(17^22), -23996115837377667828429833 + O(17^22) ],
inf := false>,
rec<recformat<x, b, inf, xt, bt, index> | 
x := -512082783403849997858158152 + O(17^22),
b := [ 1 + O(17^35), -443859410708559764434978795 + O(17^22), 
33037775301165394917143715 + O(17^22), 370137468878228724516785226 + O(17^22), 
-24558741660770269192200997*17 + O(17^22) ],
inf := false>,
rec<recformat<x, b, inf, xt, bt, index> | 
x := 293640719130287114743515673 + O(17^22),
b := [ 1 + O(17^35), -587281438260574229487031343 + O(17^22), 
-293640719130287114743515670 + O(17^22), -440461078695430672115273505 + 
O(17^22), 293640719130287114743515949 + O(17^22) ],
inf := false>,
rec<recformat<x, b, inf, xt, bt, index> | 
x := -323640936055187258716440433 + O(17^22),
b := [ 1 + O(17^35), -131468182137708384236643717 + O(17^22), 
-94937797650732358455276720 + O(17^22), -341684247722561763320442313 + O(17^22),
394443018534027452147896336 + O(17^22) ],
inf := false>,
rec<recformat<x, b, inf, xt, bt, index> | 
x := 524457567760255609361758192 + O(17^22),
b := [ 1 + O(17^35), -152757968417661780405088264 + O(17^22), 
-535218744908430446375452033 + O(17^22), -37401531910212595061739680 + O(17^22),
7924963096875735701505392698 + O(17^23) ],
inf := false>,
rec<recformat<x, b, inf, xt, bt, index> | 
x := 234483263086429621790745059 + O(17^22),
b := [ 1 + O(17^35), 27092161827266613928162817 + O(17^22), 
330220062620496082864536510 + O(17^22), 27449637037792105900469454 + O(17^22), 
-86745649368042121156837682 + O(17^22) ],
inf := false>,
rec<recformat<x, b, inf, xt, bt, index> | 
x := 53548430942895936670896754 + O(17^22),
b := [ 1 + O(17^35), -125252840698418023123772334 + O(17^22), 
-143731300213687820141623381 + O(17^22), 32836247163213027589408366 + O(17^22), 
-123821172910274571775129187 + O(17^22) ],
inf := false>,
rec<recformat<x, b, inf, xt, bt, index> | 
x := 391520958840382819658020897 + O(17^22),
b := [ 1 + O(17^35), 5 + O(17^22), 25 + O(17^22), 125 + O(17^22), 
587281438260574229487031328 + O(17^22) ],
inf := false>,
rec<recformat<x, b, inf, xt, bt, index> | 
x := -383589280544765835938959005 + O(17^22),
b := [ 1 + O(17^35), -429182338357532515485222165 + O(17^22), 
-443282188318810318256980805 + O(17^22), -233374877951603920210635063 + 
O(17^22), 188214769425199849682748239 + O(17^22) ],
inf := false>,
rec<recformat<x, b, inf, xt, bt, index> | 
x := -393569720494069352283667682 + O(17^22),
b := [ 1 + O(17^35), -71018631006075996483890224 + O(17^22), 
-546929291003225828142189285 + O(17^22), 445033058108370108909175922 + O(17^22),
360718816226792000195475744 + O(17^22) ],
inf := false>,
rec<recformat<x, b, inf, xt, bt, index> | 
x := 1 + O(17^22),
b := [ 1 + O(17^35), O(17^44), O(17^88), O(17^132), -587281438260574229487031034
+ O(17^22) ],
inf := false>
] (16 pts)
ratpts = [
rec<recformat<x, b, inf, xt, bt, index> | 
x := 2908387416264543894708023559684458369571149 + O(17^35),
b := [ 1 + O(17^35), -5816774832529087789416047119368916739142295 + O(17^35), 
-2908387416264543894708023559684458369571146 + O(17^35), 
-4362581124396815842062035339526687554356719 + O(17^35), 
2908387416264543894708023559684458369571425 + O(17^35) ],
inf := false>,
rec<recformat<x, b, inf, xt, bt, index> | 
x := 0,
b := [ 1 + O(17^35), 3 + O(17^35), 9 + O(17^35), 27 + O(17^35), 
-5816774832529087789416047119368916739142013 + O(17^35) ],
inf := false>,
rec<recformat<x, b, inf, xt, bt, index> | 
x := 1 + O(17^35),
b := [ 1 + O(17^35), 0, 0, 0, -5816774832529087789416047119368916739141986 + 
O(17^35) ],
inf := false>,
rec<recformat<x, b, inf, xt, bt, index> | 
x := -3877849888352725192944031412912611159428197 + O(17^35),
b := [ 1 + O(17^35), 5 + O(17^35), 25 + O(17^35), 125 + O(17^35), 
5816774832529087789416047119368916739142280 + O(17^35) ],
inf := false>,
rec<recformat<x, b, inf, xt, bt, index> | 
x := 0,
b := [ 1 + O(17^35), -2 + O(17^35), 4 + O(17^35), -8 + O(17^35), 
-2908387416264543894708023559684458369570810 + O(17^35) ],
inf := true>,
rec<recformat<x, b, inf, xt, bt, index> | 
x := 0,
b := [ 1 + O(17^35), 0, 0, 0, -2908387416264543894708023559684458369570999 + 
O(17^35) ],
inf := true>
] (6 pts)
have to exclude 10 residue discs.
Time: 173.580
p = 19 fails: Runtime error: In Hensel lift of power series, derivative has 
leading term divisible by p.

trying model #4:
y^5 + (2/3*x - 25/9)*y^4 + (4/3*x^2 + 4/9*x + 31/9)*y^3 + (8/9*x^3 - 32/9*x^2 - 
4/3*x - 7/3)*y^2 + (16/9*x^3 + 4/3*x^2 + 22/9*x + 5/9)*y + 16/9*x^4 - 64/9*x^3 +
28/9*x^2 - 16/9*x + 1/9
p = 2 fails: Runtime error: bad prime.
p = 3 fails: 
rational_points(
    N: 308,
    X: Curve over Rational Field defined by x[1]*x[2]^2 + 2*x[1]^2*...
)
coleman_data(
    Q: y^5 + (2/3*x - 25/9)*y^4 + (4/3*x^2 + 4/9*x + 31/9)*y^3 + (8...,
    p: 3,
    N: 35
)
genus(
    Q: y^5 + (2/3*x - 25/9)*y^4 + (4/3*x^2 + 4/9*x + 31/9)*y^3 + (8...,
    p: 3
)
In file "Coleman/auxpolys.m", line 64, column 25:
>>         Qmodp:=Qmodp+(Fp!D[j])*Fpxy.1^(j-1)*Fpxy.2^(i-1);
                           ^
Runtime error in '!': Division by zero
LHS: FldFin
RHS: FldRatElt.
Time: 33.790
p = 5 fails: Runtime error: In Hensel lift of power series, derivative has 
leading term divisible by p.
p = 7 fails: Runtime error: bad prime.
p = 11 fails: Runtime error: bad prime.
p = 13 fails: Runtime error: bad prime.
Time: 145.210
Time: 29810.010
found 16 residue disks.
L = [
rec<recformat<x, b, inf, xt, bt, index> | 
x := O(17^10),
b := [ 1 + O(17^35), -6 + O(17^10), 36 + O(17^10), -216 + O(17^10), 32967 + 
O(17^10) ],
inf := true>,
rec<recformat<x, b, inf, xt, bt, index> | 
x := O(17^20),
b := [ 1 + O(17^35), O(17^10), O(17^20), O(17^30), 14985 + O(17^10) ],
inf := true>,
rec<recformat<x, b, inf, xt, bt, index> | 
x := 667968911762*17 + O(17^11),
b := [ 1 + O(17^35), 695517472444 + O(17^10), -994654578578 + O(17^10), 
247415536813 + O(17^10), 2116560652645 + O(17^11) ],
inf := false>,
rec<recformat<x, b, inf, xt, bt, index> | 
x := O(17^10),
b := [ 1 + O(17^35), 9 + O(17^10), 81 + O(17^10), 729 + O(17^10), 5832 + 
O(17^10) ],
inf := false>,
rec<recformat<x, b, inf, xt, bt, index> | 
x := -281838418718 + O(17^10),
b := [ 1 + O(17^35), -546957642564 + O(17^10), 819494400730 + O(17^10), 
975086993995 + O(17^10), 11490858150401 + O(17^11) ],
inf := false>,
rec<recformat<x, b, inf, xt, bt, index> | 
x := 130948952013 + O(17^10),
b := [ 1 + O(17^35), 253954254954 + O(17^10), 398541278995 + O(17^10), 
742835511705 + O(17^10), 488721568481 + O(17^10) ],
inf := false>,
rec<recformat<x, b, inf, xt, bt, index> | 
x := 810363844370 + O(17^10),
b := [ 1 + O(17^35), -319659246636 + O(17^10), 686237370617 + O(17^10), 
411481777977 + O(17^10), -372898895880 + O(17^10) ],
inf := false>,
rec<recformat<x, b, inf, xt, bt, index> | 
x := -908248789229 + O(17^10),
b := [ 1 + O(17^35), -943025081173 + O(17^10), -125092623355 + O(17^10), 
335502882013 + O(17^10), -187407835173 + O(17^10) ],
inf := false>,
rec<recformat<x, b, inf, xt, bt, index> | 
x := -503998475112 + O(17^10),
b := [ 1 + O(17^35), -1007996950220 + O(17^10), -503998475092 + O(17^10), 
-251999237465 + O(17^10), 1007996949860 + O(17^10) ],
inf := false>,
rec<recformat<x, b, inf, xt, bt, index> | 
x := -860036012409 + O(17^10),
b := [ 1 + O(17^35), -28363568700 + O(17^10), 766681387943 + O(17^10), 
-741249120757 + O(17^10), 723182783539 + O(17^10) ],
inf := false>,
rec<recformat<x, b, inf, xt, bt, index> | 
x := 508714960981 + O(17^10),
b := [ 1 + O(17^35), 363766480601 + O(17^10), -733175694134 + O(17^10), 
-692577730308 + O(17^10), -646612227452 + O(17^10) ],
inf := false>,
rec<recformat<x, b, inf, xt, bt, index> | 
x := -1389586069282 + O(17^11),
b := [ 1 + O(17^35), 347368055964 + O(17^10), 933607036345 + O(17^10), 
-137426360373 + O(17^10), -41250728663*17 + O(17^10) ],
inf := false>,
rec<recformat<x, b, inf, xt, bt, index> | 
x := -271595651321 + O(17^10),
b := [ 1 + O(17^35), 834735001972 + O(17^10), -917276173001 + O(17^10), 
260002246445 + O(17^10), -639480401447 + O(17^10) ],
inf := false>,
rec<recformat<x, b, inf, xt, bt, index> | 
x := -83694801895 + O(17^10),
b := [ 1 + O(17^35), 13868784546717 + O(17^11), 13366081583379 + O(17^11), 
-11302637271290 + O(17^11), -487055405145 + O(17^10) ],
inf := false>,
rec<recformat<x, b, inf, xt, bt, index> | 
x := 755997712668 + O(17^10),
b := [ 1 + O(17^35), -503998475101 + O(17^10), 881997331573 + O(17^10), 
-661497997161 + O(17^10), 251999247671 + O(17^10) ],
inf := false>,
rec<recformat<x, b, inf, xt, bt, index> | 
x := 1 + O(17^11),
b := [ 1 + O(17^35), 9 + O(17^10), 81 + O(17^10), 729 + O(17^10), -8748 + 
O(17^10) ],
inf := false>
] (16 pts)
ratpts = [
rec<recformat<x, b, inf, xt, bt, index> | 
x := 1 + O(17^35),
b := [ 1 + O(17^35), 9 + O(17^35), 81 + O(17^35), 729 + O(17^35), -8748 + 
O(17^35) ],
inf := false>,
rec<recformat<x, b, inf, xt, bt, index> | 
x := 4362581124396815842062035339526687554356722 + O(17^35),
b := [ 1 + O(17^35), -2908387416264543894708023559684458369571137 + O(17^35), 
5089677978462951815739041229447802146749636 + O(17^35), 
-908871067582669967096257362401393240489560 + O(17^35), 
1454193708132271947354011779842229184795689 + O(17^35) ],
inf := false>,
rec<recformat<x, b, inf, xt, bt, index> | 
x := -2908387416264543894708023559684458369571148 + O(17^35),
b := [ 1 + O(17^35), -5816774832529087789416047119368916739142292 + O(17^35), 
-2908387416264543894708023559684458369571128 + O(17^35), 
-1454193708132271947354011779842229184785483 + O(17^35), 
5816774832529087789416047119368916739141932 + O(17^35) ],
inf := false>,
rec<recformat<x, b, inf, xt, bt, index> | 
x := 0,
b := [ 1 + O(17^35), 9 + O(17^35), 81 + O(17^35), 729 + O(17^35), 5832 + 
O(17^35) ],
inf := false>,
rec<recformat<x, b, inf, xt, bt, index> | 
x := 0,
b := [ 1 + O(17^35), -6 + O(17^35), 36 + O(17^35), -216 + O(17^35), 32967 + 
O(17^35) ],
inf := true>,
rec<recformat<x, b, inf, xt, bt, index> | 
x := 0,
b := [ 1 + O(17^35), 0, 0, 0, 14985 + O(17^35) ],
inf := true>
] (6 pts)
have to exclude 10 residue discs.
p = 19 fails: Runtime error: bad prime.

trying model #5:
y^5 + (3*x - 1)*y^4 + (5*x^2 + x + 1)*y^3 + (6*x^3 + 2*x^2 - 2*x)*y^2 + (4*x^3 -
4*x^2 + 3*x)*y + 12*x^4 - 10*x^3 - x^2 - x
p = 2 fails: Runtime error: bad prime.
p = 3 fails: Runtime error: bad prime.
p = 5 fails: Runtime error: bad prime.
p = 7 fails: Runtime error: bad prime.
p = 11 fails: Runtime error: bad prime.
Time: 90.260
p = 13 fails: 
rational_points(
    N: 308,
    X: Curve over Rational Field defined by x[1]*x[2]^2 + 2*x[1]^2*...
)
effective_chabauty(
    data: rec<recformat<Q, p, N, g, W0, Winf, r, Delta, s, G0, Ginf, e...
)
Qp_points(
    data: rec<recformat<Q, p, N, g, W0, Winf, r, Delta, s, G0, Ginf, e...
)
In file "Coleman/applications.m", line 299, column 20:
>>                   b[j]:=zeros[k];
                      ^
Runtime error in :=: Variable 'b' has not been initialized.
Time: 127.160
p = 17 fails: 
rational_points(
    N: 308,
    X: Curve over Rational Field defined by x[1]*x[2]^2 + 2*x[1]^2*...
)
effective_chabauty(
    data: rec<recformat<Q, p, N, g, W0, Winf, r, Delta, s, G0, Ginf, e...
)
vanishing_differentials(
    points: [ rec<recformat<x, b, inf, xt, bt, index> | ...>, rec<recfor...,
    data: rec<recformat<Q, p, N, g, W0, Winf, r, Delta, s, G0, Ginf, e...
)
In file "Coleman/applications.m", line 655, column 16:
>>   K:=pAdicField(p,Nint);
                  ^
Runtime error in 'pAdicField': Precision must be small and positive
.
Time: 144.840
p = 19 fails: 
rational_points(
    N: 308,
    X: Curve over Rational Field defined by x[1]*x[2]^2 + 2*x[1]^2*...
)
effective_chabauty(
    data: rec<recformat<Q, p, N, g, W0, Winf, r, Delta, s, G0, Ginf, e...
)
vanishing_differentials(
    points: [ rec<recformat<x, b, inf, xt, bt, index> | ...>, rec<recfor...,
    data: rec<recformat<Q, p, N, g, W0, Winf, r, Delta, s, G0, Ginf, e...
)
In file "Coleman/applications.m", line 655, column 16:
>>   K:=pAdicField(p,Nint);
                  ^
Runtime error in 'pAdicField': Precision must be small and positive
.

trying model #6:
y^5 + (18/5*x - 1)*y^4 + (28/5*x^2 - 8/5*x - 3/5)*y^3 + (24/5*x^3 + 8/5*x^2 - 
24/5*x + 11/5)*y^2 + (32/5*x^3 - 68/5*x^2 + 26/5*x - 11/5)*y + 48/5*x^4 - 
48/5*x^3 + 28/5*x^2 - 12/5*x + 3/5
p = 2 fails: Runtime error: bad prime.
p = 3 fails: Runtime error: bad prime.
p = 5 fails: 
rational_points(
    N: 308,
    X: Curve over Rational Field defined by x[1]*x[2]^2 + 2*x[1]^2*...
)
coleman_data(
    Q: y^5 + (18/5*x - 1)*y^4 + (28/5*x^2 - 8/5*x - 3/5)*y^3 + (24/...,
    p: 5,
    N: 35
)
genus(
    Q: y^5 + (18/5*x - 1)*y^4 + (28/5*x^2 - 8/5*x - 3/5)*y^3 + (24/...,
    p: 5
)
In file "Coleman/auxpolys.m", line 64, column 25:
>>         Qmodp:=Qmodp+(Fp!D[j])*Fpxy.1^(j-1)*Fpxy.2^(i-1);
                           ^
Runtime error in '!': Division by zero
LHS: FldFin
RHS: FldRatElt.
p = 7 fails: Runtime error: bad prime.
p = 11 fails: Runtime error: bad prime.
Time: 111.970
Time: 1001.820
found 18 residue disks.
L = [
rec<recformat<x, b, inf, xt, bt, index> | 
x := O(13^33),
b := [ 1 + O(13^35), -10 + O(13^35), 100 + O(13^35), -1000 + O(13^35), 
-12471615929714346335571488245524116519 + O(13^34) ],
inf := true>,
rec<recformat<x, b, inf, xt, bt, index> | 
x := O(13^35),
b := [ 1 + O(13^35), O(13^33), O(13^35), O(13^35), 
959355071516488179659345249655710338 + O(13^33) ],
inf := true>,
rec<recformat<x, b, inf, xt, bt, index> | 
x := -211655553568049631556073642058844242*13 + O(13^33),
b := [ 1 + O(13^35), -2844741239498047783228992645191009406 + O(13^33), 
2149622946956218483044266051855221074 + O(13^33), 
2034379641165117120899949345884983148 + O(13^33), 
2450642297869160227253647098930387061 + O(13^33) ],
inf := false>,
rec<recformat<x, b, inf, xt, bt, index> | 
x := 185399299924959359768965911620565019*13 + O(13^33),
b := [ 1 + O(13^35), -167930419482601254269476232513668526 + O(13^33), 
630279881014499797236524068561891052 + O(13^33), 
2665273816290615025079769228143504305 + O(13^33), 
286534656052460184423303107682951697 + O(13^33) ],
inf := false>,
rec<recformat<x, b, inf, xt, bt, index> | 
x := O(13^33),
b := [ 1 + O(13^35), 5 + O(13^35), 25 + O(13^35), 125 + O(13^35), 
-1279140095355317572879126999540930784 + O(13^33) ],
inf := false>,
rec<recformat<x, b, inf, xt, bt, index> | 
x := 1439032607274732269489017874483552164 + O(13^33),
b := [ 1 + O(13^35), -2878065214549464538978035748967104324 + O(13^33), 
-1439032607274732269489017874483552157 + O(13^33), 
-719516303637366134744508937241776066 + O(13^33), 
159892511919414696609890874942619723 + O(13^33) ],
inf := false>,
rec<recformat<x, b, inf, xt, bt, index> | 
x := -1511306404102147472195877349487795317 + O(13^33),
b := [ 1 + O(13^35), -2535953761346371139138732196105102426 + O(13^33), 
245960372349148260461417048683239291 + O(13^33), 
-1409253403524941312543082303909525102 + O(13^33), 
-36952318276219617314048221265275037751 + O(13^34) ],
inf := false>,
rec<recformat<x, b, inf, xt, bt, index> | 
x := -2302452171639571631182428599173683461 + O(13^33),
b := [ 1 + O(13^35), 1 + O(13^34), 1 + O(13^34), 1 + O(13^34), 
-1279140095355317572879126999540930694 + O(13^33) ],
inf := false>,
rec<recformat<x, b, inf, xt, bt, index> | 
x := 2302035726264419120903532616724988634 + O(13^33),
b := [ 1 + O(13^35), -4164453751525102788959824486948277 + O(13^33), 
-2850302189539297187051636919054115809 + O(13^33), 
756916347484017905196020448206826838 + O(13^33), 
31177764233731103723763232599095636045 + O(13^34) ],
inf := false>,
rec<recformat<x, b, inf, xt, bt, index> | 
x := -2666031115756221155308942268332174009 + O(13^33),
b := [ 1 + O(13^35), -1403476603953067027378790186922812702 + O(13^33), 
-2737682661291269972868604871780542020 + O(13^33), 
-341694360463599904555381857372391947 + O(13^33), 
-2839440442257428921669063748119432544 + O(13^33) ],
inf := false>,
rec<recformat<x, b, inf, xt, bt, index> | 
x := 685381716311034723829407734854504578 + O(13^33),
b := [ 1 + O(13^35), -205360078298517844663449906359199094 + O(13^33), 
1705606793473523273459182999503827486 + O(13^33), 
-474930230124941971898441431314633900 + O(13^33), 
-19157336041350364579920203904791250325 + O(13^34) ],
inf := false>,
rec<recformat<x, b, inf, xt, bt, index> | 
x := 1763046335649695885857854936799462358 + O(13^33),
b := [ 1 + O(13^35), 1008477676539831450706501693103179625 + O(13^33), 
-344014168328583597130262827832526210 + O(13^33), 
-2743180385619287913351830152786223038 + O(13^33), 
2639204656638159948777357059862290984 + O(13^33) ],
inf := false>,
rec<recformat<x, b, inf, xt, bt, index> | 
x := 1805582656155794236782919088665932107 + O(13^33),
b := [ 1 + O(13^35), 37252912197141767124035401096784258 + O(13^33), 
2378432379395636184631547011562254844 + O(13^33), 
2402873939483903572628425331770255748 + O(13^33), 
181027405024570684018791291117596322*13 + O(13^33) ],
inf := false>,
rec<recformat<x, b, inf, xt, bt, index> | 
x := 1580183589057205341021704737957437935 + O(13^33),
b := [ 1 + O(13^35), 1854357521700384035773806707460899837 + O(13^33), 
2680270852922727759641702478756536747 + O(13^33), 
-2257280744060550734564017479191408751 + O(13^33), 
2760058659608071085537789084533443116 + O(13^33) ],
inf := false>,
rec<recformat<x, b, inf, xt, bt, index> | 
x := -1439032607274732269489017874483552164 + O(13^33),
b := [ 1 + O(13^35), -2878065214549464538978035748967104319 + O(13^33), 
-1439032607274732269489017874483552107 + O(13^33), 
-2158548910912098404233526811725327823 + O(13^33), 
159892511919414696609890874942619598 + O(13^33) ],
inf := false>,
rec<recformat<x, b, inf, xt, bt, index> | 
x := 1597545715722160571347023905299303485 + O(13^33),
b := [ 1 + O(13^35), -1433756267861985710252798907133900619 + O(13^33), 
-455246640608313144093996547590614101 + O(13^33), 
-266995672201164583596271413472597107 + O(13^33), 
-2601770453542895300315836209192283050 + O(13^33) ],
inf := false>,
rec<recformat<x, b, inf, xt, bt, index> | 
x := 1946170623518252980010431738563129378 + O(13^33),
b := [ 1 + O(13^35), 2150855047102725994687382370321588794 + O(13^33), 
-2808173689622065721524068981275292223 + O(13^33), 
2327551341188462224426938786186133996 + O(13^33), 
1302907610241777331547194107038529137 + O(13^33) ],
inf := false>,
rec<recformat<x, b, inf, xt, bt, index> | 
x := 1535384559801533597733848381897817135 + O(13^33),
b := [ 1 + O(13^35), 9597715168916406899382412321043962692 + O(13^34), 
-1626688144204314318025307579339157535 + O(13^34), 
948603779656405525309482217847753124 + O(13^34), 
161168102474176811775378889657286913 + O(13^33) ],
inf := false>
] (18 pts)
ratpts = [
rec<recformat<x, b, inf, xt, bt, index> | 
x := 389114417007087605669830433260352504943 + O(13^35),
b := [ 1 + O(13^35), 1 + O(13^35), 1 + O(13^35), 1 + O(13^35), 
108087338057524334908286231461209033713 + O(13^35) ],
inf := false>,
rec<recformat<x, b, inf, xt, bt, index> | 
x := -243196510629429753543644020787720315590 + O(13^35),
b := [ 1 + O(13^35), -486393021258859507087288041575440631171 + O(13^35), 
-243196510629429753543644020787720315533 + O(13^35), 
-364794765944144630315466031181580472962 + O(13^35), 
351283848686954088451930252248929347431 + O(13^35) ],
inf := false>,
rec<recformat<x, b, inf, xt, bt, index> | 
x := 0,
b := [ 1 + O(13^35), 5 + O(13^35), 25 + O(13^35), 125 + O(13^35), 
108087338057524334908286231461209033623 + O(13^35) ],
inf := false>,
rec<recformat<x, b, inf, xt, bt, index> | 
x := 243196510629429753543644020787720315590 + O(13^35),
b := [ 1 + O(13^35), -486393021258859507087288041575440631176 + O(13^35), 
-243196510629429753543644020787720315583 + O(13^35), 
-121598255314714876771822010393860157779 + O(13^35), 
351283848686954088451930252248929347556 + O(13^35) ],
inf := false>,
rec<recformat<x, b, inf, xt, bt, index> | 
x := 0,
b := [ 1 + O(13^35), -10 + O(13^35), 100 + O(13^35), -1000 + O(13^35), 
-162131007086286502362429347191813541497 + O(13^35) ],
inf := true>,
rec<recformat<x, b, inf, xt, bt, index> | 
x := 0,
b := [ 1 + O(13^35), 0, 0, 0, 162131007086286502362429347191813552622 + O(13^35)
],
inf := true>
] (6 pts)
have to exclude 12 residue discs.
Time: 159.090
p = 17 fails: Runtime error: In Hensel lift of power series, derivative has 
leading term divisible by p.
Time: 187.140
p = 19 fails: Runtime error: In Hensel lift of power series, derivative has 
leading term divisible by p.
> quit;

Total time: 192353.040 seconds, Total memory usage: 384.09MB
