342
Curve over Rational Field defined by
z[1]^2*z[3] - z[1]*z[2]^2 + z[1]*z[2]*z[3] - 2*z[1]*z[2]*z[4] + z[1]*z[3]^2 + 
    2*z[1]*z[3]*z[4] - 13*z[1]*z[4]^2 - z[2]^3 + 2*z[2]^2*z[3] - 6*z[2]^2*z[4] +
    3*z[2]*z[3]^2 + 14*z[2]*z[3]*z[4] + 3*z[2]*z[4]^2 - 2*z[3]^2*z[4] + 
    6*z[3]*z[4]^2 + 8*z[4]^3,
2*z[1]^2*z[4] + 3*z[1]*z[2]*z[3] - 12*z[1]*z[2]*z[4] + 3*z[1]*z[3]^2 + 
    4*z[1]*z[3]*z[4] - 28*z[1]*z[4]^2 - 5*z[2]^3 + 10*z[2]^2*z[3] - 
    10*z[2]^2*z[4] + 4*z[2]*z[3]^2 + 30*z[2]*z[3]*z[4] + 11*z[2]*z[4]^2 - z[3]^3
    - 5*z[3]^2*z[4] + 10*z[3]*z[4]^2 + 16*z[4]^3,
5*z[1]*z[2]*z[3] - 12*z[1]*z[2]*z[4] - 5*z[2]^3 + 12*z[2]^2*z[3] + 2*z[2]^2*z[4]
    - 3*z[2]*z[3]^2 + 2*z[2]*z[3]*z[4] + 7*z[2]*z[4]^2,
5*z[1]*z[3]^2 + 3*z[1]*z[3]*z[4] - 36*z[1]*z[4]^2 - 5*z[2]^2*z[3] - 
    15*z[2]^2*z[4] + 12*z[2]*z[3]^2 + 38*z[2]*z[3]*z[4] + 6*z[2]*z[4]^2 - 
    3*z[3]^3 - 7*z[3]^2*z[4] + 13*z[3]*z[4]^2 + 21*z[4]^3,
5*z[1]*z[3]*z[4] - 12*z[1]*z[4]^2 - 5*z[2]^2*z[4] + 12*z[2]*z[3]*z[4] + 
    2*z[2]*z[4]^2 - 3*z[3]^2*z[4] + 2*z[3]*z[4]^2 + 7*z[4]^3
g = 4
r = 2
4 small points: [ (1 : 0 : 0 : 0), (2 : 2 : 1 : 1), (0 : -1 : 0 : 1), (2 : 5 : 2
: 1) ]
checking: differences of 3 points generate rank 2 subgroup of J_0(N)^*(Q).
finite index subgroup certified by: p = 5: ell = 3
found 4 plane models:
{
y^5 + (-25/21*x - 113/21)*y^4 + (-2/21*x^2 + 4*x + 86/7)*y^3 + (2/3*x^3 - 
20/21*x^2 - 2/21*x - 134/7)*y^2 + (-4/7*x^3 - 38/21*x^2 + 4/7*x + 99/7)*y - 
2/3*x^4 + 82/21*x^3 - 60/7*x^2 + 73/7*x - 9,
y^5 + (-7/4*x - 13/4)*y^4 + (29/4*x^2 - 3/2*x + 9/4)*y^3 + (-5/2*x^3 - 3*x^2 + 
13/2*x - 5)*y^2 + (-6*x^3 + 11*x^2 + 4*x + 11)*y + 5/2*x^4 - 2*x^3 - 9*x^2 - 2*x
+ 5/2,
y^5 + (-x - 5)*y^4 + (-6*x^2 + 16*x + 2)*y^3 + (6*x^3 - 11*x^2 + x - 8)*y^2 + 
(6*x^3 + 13*x^2 - 10*x + 10)*y - 6*x^4 - 6*x^3 - 11*x^2 - 3*x - 4,
y^5 + (-7/4*x - 35/4)*y^4 + (5/2*x^2 + 8*x + 33)*y^3 + (1/4*x^3 - 59/4*x^2 - 
23/4*x - 69)*y^2 + (-3*x^3 + 139/4*x^2 - 21*x + 81)*y - 1/4*x^4 + 13*x^3 - 
105/2*x^2 + 48*x - 189/4
}

trying model #
y^5 + (-25/21*x - 113/21)*y^4 + (-2/21*x^2 + 4*x + 86/7)*y^3 + (2/3*x^3 - 
20/21*x^2 - 2/21*x - 134/7)*y^2 + (-4/7*x^3 - 38/21*x^2 + 4/7*x + 99/7)*y - 
2/3*x^4 + 82/21*x^3 - 60/7*x^2 + 73/7*x - 9p = 2 fails: Runtime error: bad prime.
p = 3 fails: 
rational_points(
    N: 342,
    X: Curve over Rational Field defined by z[1]^2*z[3] - z[1]*z[2]...
)
coleman_data(
    Q: y^5 + (-25/21*x - 113/21)*y^4 + (-2/21*x^2 + 4*x + 86/7)*y^3...,
    p: 3,
    N: 35
)
genus(
    Q: y^5 + (-25/21*x - 113/21)*y^4 + (-2/21*x^2 + 4*x + 86/7)*y^3...,
    p: 3
)
In file "Coleman/auxpolys.m", line 64, column 25:
>>         Qmodp:=Qmodp+(Fp!D[j])*Fpxy.1^(j-1)*Fpxy.2^(i-1);
                           ^
Runtime error in '!': Division by zero
LHS: FldFin
RHS: FldRatElt.
p = 5 fails: Runtime error: bad prime.
p = 7 fails: 
rational_points(
    N: 342,
    X: Curve over Rational Field defined by z[1]^2*z[3] - z[1]*z[2]...
)
coleman_data(
    Q: y^5 + (-25/21*x - 113/21)*y^4 + (-2/21*x^2 + 4*x + 86/7)*y^3...,
    p: 7,
    N: 35
)
genus(
    Q: y^5 + (-25/21*x - 113/21)*y^4 + (-2/21*x^2 + 4*x + 86/7)*y^3...,
    p: 7
)
In file "Coleman/auxpolys.m", line 64, column 25:
>>         Qmodp:=Qmodp+(Fp!D[j])*Fpxy.1^(j-1)*Fpxy.2^(i-1);
                           ^
Runtime error in '!': Division by zero
LHS: FldFin
RHS: FldRatElt.
Time: 82.910
Time: 997.970
found 4 residue disks.
L = [
rec<recformat<x, b, inf, xt, bt, index> | 
x := O(11^35),
b := [ 1 + O(11^35), O(11^31), O(11^35), O(11^35), 
-69695720264719519196899340126164 + O(11^31) ],
inf := true>,
rec<recformat<x, b, inf, xt, bt, index> | 
x := O(11^30),
b := [ 1 + O(11^35), 63 + O(11^30), 3969 + O(11^30), 250047 + O(11^30), 
6979760907554562927423521286640 + O(11^30) ],
inf := false>,
rec<recformat<x, b, inf, xt, bt, index> | 
x := 2 + O(11^31),
b := [ 1 + O(11^35), 63 + O(11^31), 3969 + O(11^31), 250047 + O(11^31), 
76777369983100192201658735443658 + O(11^31) ],
inf := false>,
rec<recformat<x, b, inf, xt, bt, index> | 
x := 5816467422962135772852934584603 + O(11^30),
b := [ 1 + O(11^35), 5816467422962135772852934584640 + O(11^30), 
-7755289897282847697137246111227 + O(11^30), 646274158106903974761437238480 + 
O(11^30), 458267130293986454830837332623*11 + O(11^30) ],
inf := false>
] (4 pts)
ratpts = [
rec<recformat<x, b, inf, xt, bt, index> | 
x := -936747894935474928353737967784468281 + O(11^35),
b := [ 1 + O(11^35), -936747894935474928353737967784468244 + O(11^35), 
312249298311824976117912655928157668 + O(11^35), 
-728581696060924944275129530498968474 + O(11^35), 
811848175610744937906572905413268167*11 + O(11^36) ],
inf := false>,
rec<recformat<x, b, inf, xt, bt, index> | 
x := 2 + O(11^35),
b := [ 1 + O(11^35), 63 + O(11^35), 3969 + O(11^35), 250047 + O(11^35), 
1124097473922569914024485561340288874 + O(11^35) ],
inf := false>,
rec<recformat<x, b, inf, xt, bt, index> | 
x := 0,
b := [ 1 + O(11^35), 63 + O(11^35), 3969 + O(11^35), 250047 + O(11^35), 
1124097473922569914024485561341147060 + O(11^35) ],
inf := false>,
rec<recformat<x, b, inf, xt, bt, index> | 
x := 0,
b := [ 1 + O(11^35), 0, 0, 0, 331224655756812609830960548729539622 + O(11^35) ],
inf := true>
] (4 pts)
found all Q-points!
