128
Curve over Rational Field defined by
x^3*z - x^2*y^2 - x^2*y*z - x^2*z^2 + 3*x*y^2*z + x*z^3 - y^3*z - y*z^3
g = 3
r = 1
4 small points: [ (1 : 1 : 1), (0 : 0 : 1), (1 : 0 : 0), (0 : 1 : 0) ]
checking: differences of 3 points generate rank 1 subgroup of J_0(N)^*(Q).
finite index subgroup certified by: p = 3: ell = 2
found 4 plane models:
[
y^3 + (x^2 - 3*x)*y^2 + (x^2 + 1)*y - x^3 + x^2 - x,
y^3 + (x^2 - 3*x)*y^2 + (x^2 + 1)*y - x^3 + x^2 - x,
y^3 + (x^2 - 3*x)*y^2 + (x^2 + 1)*y - x^3 + x^2 - x,
y^3 + (x^2 - 3*x)*y^2 + (x^2 + 1)*y - x^3 + x^2 - x
]

trying model #1:
y^3 + (x^2 - 3*x)*y^2 + (x^2 + 1)*y - x^3 + x^2 - x
p = 2 fails: Runtime error: bad prime.
Time: 1.570
p = 3 fails: Runtime error: In Hensel lift of power series, derivative has leading term divisible by p.
Time: 3.090
Time: 59.340
found 8 residue disks.
L = [
rec<recformat<x, b, inf, xt, bt, index> | 
x := O(5^32),
b := [ 1 + O(5^35), -1 + O(5^32), -3 + O(5^32) ],
inf := true>,
rec<recformat<x, b, inf, xt, bt, index> | 
x := O(5^35),
b := [ 1 + O(5^35), O(5^35), O(5^32) ],
inf := true>,
rec<recformat<x, b, inf, xt, bt, index> | 
x := O(5^32),
b := [ 1 + O(5^35), O(5^32), O(5^64) ],
inf := false>,
rec<recformat<x, b, inf, xt, bt, index> | 
x := O(5^32),
b := [ 1 + O(5^35), 8032510391590452844818 + O(5^32), -1 + O(5^32) ],
inf := false>,
rec<recformat<x, b, inf, xt, bt, index> | 
x := O(5^32),
b := [ 1 + O(5^35), -8032510391590452844818 + O(5^32), -1 + O(5^32) ],
inf := false>,
rec<recformat<x, b, inf, xt, bt, index> | 
x := 8032510391590452844819 + O(5^32),
b := [ 1 + O(5^35), 1 + O(5^32), 1 + O(5^32) ],
inf := false>,
rec<recformat<x, b, inf, xt, bt, index> | 
x := -8032510391590452844817 + O(5^32),
b := [ 1 + O(5^35), 1 + O(5^32), 1 + O(5^32) ],
inf := false>,
rec<recformat<x, b, inf, xt, bt, index> | 
x := 1 + O(5^32),
b := [ 1 + O(5^35), 1 + O(5^32), 1 + O(5^32) ],
inf := false>
] (8 pts)
ratpts = [
rec<recformat<x, b, inf, xt, bt, index> | 
x := 0,
b := [ 1 + O(5^35), 0, 0 ],
inf := false>,
rec<recformat<x, b, inf, xt, bt, index> | 
x := 1 + O(5^35),
b := [ 1 + O(5^35), 1 + O(5^35), 1 + O(5^35) ],
inf := false>,
rec<recformat<x, b, inf, xt, bt, index> | 
x := 0,
b := [ 1 + O(5^35), -1 + O(5^35), -3 + O(5^35) ],
inf := true>,
rec<recformat<x, b, inf, xt, bt, index> | 
x := 0,
b := [ 1 + O(5^35), 0, 0 ],
inf := true>
] (4 pts)
have to exclude 4 residue discs.
Time: 4.820
Time: 75.000
found 6 residue disks.
L = [
rec<recformat<x, b, inf, xt, bt, index> | 
x := O(7^33),
b := [ 1 + O(7^35), -1 + O(7^33), -3 + O(7^33) ],
inf := true>,
rec<recformat<x, b, inf, xt, bt, index> | 
x := O(7^35),
b := [ 1 + O(7^35), O(7^35), O(7^33) ],
inf := true>,
rec<recformat<x, b, inf, xt, bt, index> | 
x := O(7^33),
b := [ 1 + O(7^35), O(7^33), O(7^66) ],
inf := false>,
rec<recformat<x, b, inf, xt, bt, index> | 
x := -349545959900970348432863559 + O(7^32),
b := [ 1 + O(7^35), -349545959900970348432863560 + O(7^32), -212592920650722919549662199 + O(7^32) ],
inf := false>,
rec<recformat<x, b, inf, xt, bt, index> | 
x := -754881714342950297872435640 + O(7^33),
b := [ 1 + O(7^35), -754881714342950297872435641 + O(7^33), 891834753593197726755637002 + O(7^33) ],
inf := false>,
rec<recformat<x, b, inf, xt, bt, index> | 
x := 1 + O(7^33),
b := [ 1 + O(7^35), 1 + O(7^33), 1 + O(7^33) ],
inf := false>
] (6 pts)
ratpts = [
rec<recformat<x, b, inf, xt, bt, index> | 
x := 0,
b := [ 1 + O(7^35), 0, 0 ],
inf := false>,
rec<recformat<x, b, inf, xt, bt, index> | 
x := 1 + O(7^35),
b := [ 1 + O(7^35), 1 + O(7^35), 1 + O(7^35) ],
inf := false>,
rec<recformat<x, b, inf, xt, bt, index> | 
x := 0,
b := [ 1 + O(7^35), -1 + O(7^35), -3 + O(7^35) ],
inf := true>,
rec<recformat<x, b, inf, xt, bt, index> | 
x := 0,
b := [ 1 + O(7^35), 0, 0 ],
inf := true>
] (4 pts)
have to exclude 2 residue discs.
p = 11 fails: Runtime error: bad prime.
Time: 9.200
Time: 778.670
found 8 residue disks.
L = [
rec<recformat<x, b, inf, xt, bt, index> | 
x := O(13^33),
b := [ 1 + O(13^35), -1 + O(13^33), -3 + O(13^33) ],
inf := true>,
rec<recformat<x, b, inf, xt, bt, index> | 
x := O(13^35),
b := [ 1 + O(13^35), O(13^35), O(13^33) ],
inf := true>,
rec<recformat<x, b, inf, xt, bt, index> | 
x := O(13^33),
b := [ 1 + O(13^35), O(13^33), O(13^66) ],
inf := false>,
rec<recformat<x, b, inf, xt, bt, index> | 
x := O(13^33),
b := [ 1 + O(13^35), 2778717641346349766682485329421928861 + O(13^33), -1 + O(13^33) ],
inf := false>,
rec<recformat<x, b, inf, xt, bt, index> | 
x := O(13^33),
b := [ 1 + O(13^35), -2778717641346349766682485329421928861 + O(13^33), -1 + O(13^33) ],
inf := false>,
rec<recformat<x, b, inf, xt, bt, index> | 
x := -2778717641346349766682485329421928860 + O(13^33),
b := [ 1 + O(13^35), 1 + O(13^33), 1 + O(13^33) ],
inf := false>,
rec<recformat<x, b, inf, xt, bt, index> | 
x := 2778717641346349766682485329421928862 + O(13^33),
b := [ 1 + O(13^35), 1 + O(13^33), 1 + O(13^33) ],
inf := false>,
rec<recformat<x, b, inf, xt, bt, index> | 
x := 1 + O(13^33),
b := [ 1 + O(13^35), 1 + O(13^33), 1 + O(13^33) ],
inf := false>
] (8 pts)
ratpts = [
rec<recformat<x, b, inf, xt, bt, index> | 
x := 0,
b := [ 1 + O(13^35), 0, 0 ],
inf := false>,
rec<recformat<x, b, inf, xt, bt, index> | 
x := 1 + O(13^35),
b := [ 1 + O(13^35), 1 + O(13^35), 1 + O(13^35) ],
inf := false>,
rec<recformat<x, b, inf, xt, bt, index> | 
x := 0,
b := [ 1 + O(13^35), -1 + O(13^35), -3 + O(13^35) ],
inf := true>,
rec<recformat<x, b, inf, xt, bt, index> | 
x := 0,
b := [ 1 + O(13^35), 0, 0 ],
inf := true>
] (4 pts)
have to exclude 4 residue discs.
Time: 12.360
Time: 177.160
found 16 residue disks.
L = [
rec<recformat<x, b, inf, xt, bt, index> | 
x := O(17^32),
b := [ 1 + O(17^35), -1 + O(17^32), -3 + O(17^32) ],
inf := true>,
rec<recformat<x, b, inf, xt, bt, index> | 
x := O(17^35),
b := [ 1 + O(17^35), O(17^35), O(17^32) ],
inf := true>,
rec<recformat<x, b, inf, xt, bt, index> | 
x := O(17^32),
b := [ 1 + O(17^35), O(17^32), O(17^64) ],
inf := false>,
rec<recformat<x, b, inf, xt, bt, index> | 
x := O(17^32),
b := [ 1 + O(17^35), 141546038810126843305352826287105376405 + O(17^32), -1 + O(17^32) ],
inf := false>,
rec<recformat<x, b, inf, xt, bt, index> | 
x := O(17^32),
b := [ 1 + O(17^35), -141546038810126843305352826287105376405 + O(17^32), -1 + O(17^32) ],
inf := false>,
rec<recformat<x, b, inf, xt, bt, index> | 
x := -1075100714271714000129293277820758033453 + O(17^32),
b := [ 1 + O(17^35), 1157336724353711085302594821193183800553 + O(17^32), -129402273459957477519083570326913450305 + O(17^32) ],
inf := false>,
rec<recformat<x, b, inf, xt, bt, index> | 
x := -1015790685543584241997241994906078424146 + O(17^32),
b := [ 1 + O(17^35), 933554675461587156823940451533652657050 + O(17^32), -978678506320718537351200528049545708735 + O(17^32) ],
inf := false>,
rec<recformat<x, b, inf, xt, bt, index> | 
x := 1015790685543584241997241994906078424148 + O(17^32),
b := [ 1 + O(17^35), 1151264841678626402409460193213087837503 + O(17^32), 129402273459957477519083570326913450305 + O(17^32) ],
inf := false>,
rec<recformat<x, b, inf, xt, bt, index> | 
x := 874244646733457398691889168618973047742 + O(17^32),
b := [ 1 + O(17^35), -1075100714271714000129293277820758033454 + O(17^32), -141546038810126843305352826287105376405 + O(17^32) ],
inf := false>,
rec<recformat<x, b, inf, xt, bt, index> | 
x := -141546038810126843305352826287105376404 + O(17^32),
b := [ 1 + O(17^35), 1 + O(17^32), 1 + O(17^32) ],
inf := false>,
rec<recformat<x, b, inf, xt, bt, index> | 
x := -933554675461587156823940451533652657049 + O(17^32),
b := [ 1 + O(17^35), 1015790685543584241997241994906078424147 + O(17^32), 141546038810126843305352826287105376405 + O(17^32) ],
inf := false>,
rec<recformat<x, b, inf, xt, bt, index> | 
x := -1151264841678626402409460193213087837502 + O(17^32),
b := [ 1 + O(17^35), -1015790685543584241997241994906078424147 + O(17^32), 141546038810126843305352826287105376405 + O(17^32) ],
inf := false>,
rec<recformat<x, b, inf, xt, bt, index> | 
x := 1075100714271714000129293277820758033455 + O(17^32),
b := [ 1 + O(17^35), -874244646733457398691889168618973047741 + O(17^32), 978678506320718537351200528049545708735 + O(17^32) ],
inf := false>,
rec<recformat<x, b, inf, xt, bt, index> | 
x := 141546038810126843305352826287105376406 + O(17^32),
b := [ 1 + O(17^35), 1 + O(17^32), 1 + O(17^32) ],
inf := false>,
rec<recformat<x, b, inf, xt, bt, index> | 
x := -1157336724353711085302594821193183800552 + O(17^32),
b := [ 1 + O(17^35), 1075100714271714000129293277820758033454 + O(17^32), -141546038810126843305352826287105376405 + O(17^32) ],
inf := false>,
rec<recformat<x, b, inf, xt, bt, index> | 
x := 1 + O(17^32),
b := [ 1 + O(17^35), 1 + O(17^32), 1 + O(17^32) ],
inf := false>
] (16 pts)
ratpts = [
rec<recformat<x, b, inf, xt, bt, index> | 
x := 0,
b := [ 1 + O(17^35), 0, 0 ],
inf := false>,
rec<recformat<x, b, inf, xt, bt, index> | 
x := 1 + O(17^35),
b := [ 1 + O(17^35), 1 + O(17^35), 1 + O(17^35) ],
inf := false>,
rec<recformat<x, b, inf, xt, bt, index> | 
x := 0,
b := [ 1 + O(17^35), -1 + O(17^35), -3 + O(17^35) ],
inf := true>,
rec<recformat<x, b, inf, xt, bt, index> | 
x := 0,
b := [ 1 + O(17^35), 0, 0 ],
inf := true>
] (4 pts)
have to exclude 12 residue discs.
Time: 13.820

[Interrupted]
debug> q;
Unknown command "q;"
debug> q
> quit;

Total time: 1249.390 seconds, Total memory usage: 172.97MB
