136
Hyperelliptic Curve defined by y^2 = x^8 - 6*x^6 + 4*x^5 + x^4 - 4*x^3 + 20*x^2 - 16*x over Rational Field
g = 3
r = 0
4 small points: {@ (1 : -1 : 0), (1 : 1 : 0), (0 : 0 : 1), (1 : 0 : 1) @}
checking: differences of 3 points generate rank 0 subgroup of J_0(N)^*(Q).
finite index subgroup certified by: p = 17: ell = 2

rational_points(
N: 136,
X: X
)
In file "X0NstarCCsolver.m", line 87, column 37:
>>             Append(~denoms, Lcm([Lcm([Denominator(Coefficient(Qx, j)) : j i
                                       ^
Runtime error in 'Lcm': Illegal null set/sequence

found 1 plane models:
[
y^2 - x^8 + 6*x^6 - 4*x^5 - x^4 + 4*x^3 - 20*x^2 + 16*x
]

trying model #1:
y^2 - x^8 + 6*x^6 - 4*x^5 - x^4 + 4*x^3 - 20*x^2 + 16*x
p = 2 fails: Runtime error: bad prime.
Time: 0.580
Time: 493.560
found 4 residue disks.
L = [
rec<recformat<x, b, inf, xt, bt, index> | 
x := O(3^26),
b := [ 1 + O(3^35), -1 + O(3^35) ],
inf := true>,
rec<recformat<x, b, inf, xt, bt, index> | 
x := O(3^26),
b := [ 1 + O(3^35), 1 + O(3^35) ],
inf := true>,
rec<recformat<x, b, inf, xt, bt, index> | 
x := O(3^35),
b := [ 1 + O(3^35), O(3^27) ],
inf := false>,
rec<recformat<x, b, inf, xt, bt, index> | 
x := 1 + O(3^35),
b := [ 1 + O(3^35), O(3^27) ],
inf := false>
] (4 pts)
ratpts = [
rec<recformat<x, b, inf, xt, bt, index> | 
x := 0,
b := [ 1 + O(3^35), 0 ],
inf := false>,
rec<recformat<x, b, inf, xt, bt, index> | 
x := 1 + O(3^35),
b := [ 1 + O(3^35), 0 ],
inf := false>,
rec<recformat<x, b, inf, xt, bt, index> | 
x := 0,
b := [ 1 + O(3^35), 1 + O(3^35) ],
inf := true>,
rec<recformat<x, b, inf, xt, bt, index> | 
x := 0,
b := [ 1 + O(3^35), -1 + O(3^35) ],
inf := true>
] (4 pts)
found all Q-points!

In file "X0NstarCCsolver.m", line 128, (unexpanded) column 1:
<Source not available>
User error: bad syntax
> quit;

Total time: 499.069 seconds, Total memory usage: 118.25MB
