144
Curve over Rational Field defined by
x^4 - 2*x^3*y - 2*x^3*z + x^2*y^2 + 6*x^2*y*z + x^2*z^2 - 4*x*y^2*z - 4*x*y*z^2 + y^3*z + 5*y^2*z^2 + y*z^3
g = 3
r = 0
6 small points: [ (1 : 1 : 0), (-1 : -1 : 1), (0 : 0 : 1), (1 : -1 : 1), (1 : 0 : 1), (0 : 1 : 0) ]
checking: differences of 5 points generate rank 0 subgroup of J_0(N)^*(Q).
finite index subgroup certified by: p = 17: ell = 3
found 6 plane models:
[
y^3 + (x^2 - 4*x + 5)*y^2 + (-2*x^3 + 6*x^2 - 4*x + 1)*y + x^4 - 2*x^3 + x^2,
y^3 + (x^2 - 4*x + 5)*y^2 + (-2*x^3 + 6*x^2 - 4*x + 1)*y + x^4 - 2*x^3 + x^2,
y^3 + (x^2 - 4*x + 5)*y^2 + (-2*x^3 + 6*x^2 - 4*x + 1)*y + x^4 - 2*x^3 + x^2,
y^3 + (x^2 - 4*x + 5)*y^2 + (-2*x^3 + 6*x^2 - 4*x + 1)*y + x^4 - 2*x^3 + x^2,
y^3 + (x^2 - 4*x + 5)*y^2 + (-2*x^3 + 6*x^2 - 4*x + 1)*y + x^4 - 2*x^3 + x^2,
y^3 + (x^2 - 4*x + 5)*y^2 + (-2*x^3 + 6*x^2 - 4*x + 1)*y + x^4 - 2*x^3 + x^2
]

trying model #1:
y^3 + (x^2 - 4*x + 5)*y^2 + (-2*x^3 + 6*x^2 - 4*x + 1)*y + x^4 - 2*x^3 + x^2
p = 2 fails: Runtime error: bad prime.
p = 3 fails: Runtime error: bad prime.
Time: 3.070
Time: 900.870
found 6 residue disks.
L = [
rec<recformat<x, b, inf, xt, bt, index> | 
x := O(5^23),
b := [ 1 + O(5^35), -1 + O(5^23), -2 + O(5^23) ],
inf := true>,
rec<recformat<x, b, inf, xt, bt, index> | 
x := O(5^35),
b := [ 1 + O(5^35), O(5^35), 1 + O(5^24) ],
inf := true>,
rec<recformat<x, b, inf, xt, bt, index> | 
x := O(5^24),
b := [ 1 + O(5^35), O(5^48), O(5^96) ],
inf := false>,
rec<recformat<x, b, inf, xt, bt, index> | 
x := -1 + O(5^24),
b := [ 1 + O(5^35), -1 + O(5^24), 1 + O(5^24) ],
inf := false>,
rec<recformat<x, b, inf, xt, bt, index> | 
x := 1 + O(5^24),
b := [ 1 + O(5^35), O(5^35), O(5^35) ],
inf := false>,
rec<recformat<x, b, inf, xt, bt, index> | 
x := 1 + O(5^35),
b := [ 1 + O(5^35), -1 + O(5^24), 1 + O(5^24) ],
inf := false>
] (6 pts)
ratpts = [
rec<recformat<x, b, inf, xt, bt, index> | 
x := 0,
b := [ 1 + O(5^35), 0, 0 ],
inf := false>,
rec<recformat<x, b, inf, xt, bt, index> | 
x := -1 + O(5^35),
b := [ 1 + O(5^35), -1 + O(5^35), 1 + O(5^35) ],
inf := false>,
rec<recformat<x, b, inf, xt, bt, index> | 
x := 1 + O(5^35),
b := [ 1 + O(5^35), 0, 0 ],
inf := false>,
rec<recformat<x, b, inf, xt, bt, index> | 
x := 1 + O(5^35),
b := [ 1 + O(5^35), -1 + O(5^35), 1 + O(5^35) ],
inf := false>,
rec<recformat<x, b, inf, xt, bt, index> | 
x := 0,
b := [ 1 + O(5^35), -1 + O(5^35), -2 + O(5^35) ],
inf := true>,
rec<recformat<x, b, inf, xt, bt, index> | 
x := 0,
b := [ 1 + O(5^35), 0, 1 + O(5^35) ],
inf := true>
] (6 pts)
found all Q-points!
> quit;

Total time: 911.009 seconds, Total memory usage: 278.31MB
