152
Curve over Rational Field defined by
x^4 - x^3*y + x^3*z + x^2*y^2 + 3*x^2*y*z + x^2*z^2 - 2*x*y^2*z + 2*x*y*z^2 + y^3*z + 2*y^2*z^2 + y*z^3
g = 3
r = 1
3 small points: [ (0 : 0 : 1), (0 : 1 : 0), (0 : -1 : 1) ]
checking: differences of 2 points generate rank 1 subgroup of J_0(N)^*(Q).
finite index subgroup certified by: p = 3: ell = 2
found 3 plane models:
[
y^3 + (x^2 - 2*x + 2)*y^2 + (-x^3 + 3*x^2 + 2*x + 1)*y + x^4 + x^3 + x^2,
y^3 + (x^2 - 2*x + 2)*y^2 + (-x^3 + 3*x^2 + 2*x + 1)*y + x^4 + x^3 + x^2,
y^3 + (x^2 - 2*x + 2)*y^2 + (-x^3 + 3*x^2 + 2*x + 1)*y + x^4 + x^3 + x^2
]

trying model #1:
y^3 + (x^2 - 2*x + 2)*y^2 + (-x^3 + 3*x^2 + 2*x + 1)*y + x^4 + x^3 + x^2
p = 2 fails: Runtime error: bad prime.
p = 3 fails: Runtime error: bad prime.
Time: 3.340
Time: 1578.580
found 4 residue disks.
L = [
rec<recformat<x, b, inf, xt, bt, index> | 
x := O(5^26),
b := [ 1 + O(5^35), -1 + O(5^26), -1 + O(5^26) ],
inf := true>,
rec<recformat<x, b, inf, xt, bt, index> | 
x := O(5^26),
b := [ 1 + O(5^35), O(5^35), O(5^35) ],
inf := false>,
rec<recformat<x, b, inf, xt, bt, index> | 
x := O(5^35),
b := [ 1 + O(5^35), -1 + O(5^26), 1 + O(5^26) ],
inf := false>,
rec<recformat<x, b, inf, xt, bt, index> | 
x := 433258168384090137 + O(5^26),
b := [ 1 + O(5^35), -1 + O(5^26), 1 + O(5^26) ],
inf := false>
] (4 pts)
ratpts = [
rec<recformat<x, b, inf, xt, bt, index> | 
x := 0,
b := [ 1 + O(5^35), 0, 0 ],
inf := false>,
rec<recformat<x, b, inf, xt, bt, index> | 
x := 0,
b := [ 1 + O(5^35), -1 + O(5^35), 1 + O(5^35) ],
inf := false>,
rec<recformat<x, b, inf, xt, bt, index> | 
x := 0,
b := [ 1 + O(5^35), -1 + O(5^35), -1 + O(5^35) ],
inf := true>
] (3 pts)
have to exclude 1 residue discs.
Time: 2.780
p = 7 fails: Runtime error: In Hensel lift of power series, derivative has leading term divisible by p.
Time: 5.100
Time: 447.710
found 4 residue disks.
L = [
rec<recformat<x, b, inf, xt, bt, index> | 
x := O(11^19),
b := [ 1 + O(11^35), -1 + O(11^19), -1 + O(11^19) ],
inf := true>,
rec<recformat<x, b, inf, xt, bt, index> | 
x := O(11^19),
b := [ 1 + O(11^35), O(11^35), O(11^35) ],
inf := false>,
rec<recformat<x, b, inf, xt, bt, index> | 
x := O(11^35),
b := [ 1 + O(11^35), -1 + O(11^19), 1 + O(11^19) ],
inf := false>,
rec<recformat<x, b, inf, xt, bt, index> | 
x := -4715152324928210194 + O(11^19),
b := [ 1 + O(11^35), -1 + O(11^19), 1 + O(11^19) ],
inf := false>
] (4 pts)
ratpts = [
rec<recformat<x, b, inf, xt, bt, index> | 
x := 0,
b := [ 1 + O(11^35), 0, 0 ],
inf := false>,
rec<recformat<x, b, inf, xt, bt, index> | 
x := 0,
b := [ 1 + O(11^35), -1 + O(11^35), 1 + O(11^35) ],
inf := false>,
rec<recformat<x, b, inf, xt, bt, index> | 
x := 0,
b := [ 1 + O(11^35), -1 + O(11^35), -1 + O(11^35) ],
inf := true>
] (3 pts)
have to exclude 1 residue discs.
Time: 6.370
Time: 862.890
found 3 residue disks.
L = [
rec<recformat<x, b, inf, xt, bt, index> | 
x := O(13^16),
b := [ 1 + O(13^35), -1 + O(13^16), -1 + O(13^16) ],
inf := true>,
rec<recformat<x, b, inf, xt, bt, index> | 
x := O(13^16),
b := [ 1 + O(13^35), O(13^32), O(13^35) ],
inf := false>,
rec<recformat<x, b, inf, xt, bt, index> | 
x := O(13^32),
b := [ 1 + O(13^35), -1 + O(13^16), 1 + O(13^16) ],
inf := false>
] (3 pts)
ratpts = [
rec<recformat<x, b, inf, xt, bt, index> | 
x := 0,
b := [ 1 + O(13^35), 0, 0 ],
inf := false>,
rec<recformat<x, b, inf, xt, bt, index> | 
x := 0,
b := [ 1 + O(13^35), -1 + O(13^35), 1 + O(13^35) ],
inf := false>,
rec<recformat<x, b, inf, xt, bt, index> | 
x := 0,
b := [ 1 + O(13^35), -1 + O(13^35), -1 + O(13^35) ],
inf := true>
] (3 pts)
found all Q-points!
> quit;

Total time: 3144.849 seconds, Total memory usage: 396.03MB
