175
g = 3
r = 1
4 small points: [ (1 : 0 : 1), (0 : 0 : 1), (1/2 : 1 : 0), (0 : 1 : 0) ]
checking: differences of 3 points generate rank 1 subgroup of J_0(N)^*(Q).
finite index subgroup certified by: p = 11: ell = 2
found 4 plane models:
[
y^3 + (-x^2 - 2*x)*y^2 + (-3*x^4 - 2*x^3 - x^2 - x)*y + 2*x^6 + 2*x^5 - 3*x^4 - x^3,
y^3 + (-x^2 - 2*x)*y^2 + (-3*x^4 - 2*x^3 - x^2 - x)*y + 2*x^6 + 2*x^5 - 3*x^4 - x^3,
y^3 + (-x^2 - 2*x)*y^2 + (-3*x^4 - 2*x^3 - x^2 - x)*y + 2*x^6 + 2*x^5 - 3*x^4 - x^3,
y^3 + (-x^2 - 2*x)*y^2 + (-3*x^4 - 2*x^3 - x^2 - x)*y + 2*x^6 + 2*x^5 - 3*x^4 - x^3
]

trying model #1:
y^3 + (-x^2 - 2*x)*y^2 + (-3*x^4 - 2*x^3 - x^2 - x)*y + 2*x^6 + 2*x^5 - 3*x^4 - x^3
p = 2 fails: Runtime error: bad prime.
Time: 0.940
Time: 159.810
found 4 residue disks.
L = [
rec<recformat<x, b, inf, xt, bt, index> | 
x := O(3^28),
b := [ 1 + O(3^35), 2 + O(3^28), 4 + O(3^28) ],
inf := true>,
rec<recformat<x, b, inf, xt, bt, index> | 
x := O(3^28),
b := [ 1 + O(3^35), O(3^35), O(3^35) ],
inf := false>,
rec<recformat<x, b, inf, xt, bt, index> | 
x := O(3^35),
b := [ 1 + O(3^35), O(3^28), 1 + O(3^28) ],
inf := false>,
rec<recformat<x, b, inf, xt, bt, index> | 
x := 1 + O(3^28),
b := [ 1 + O(3^35), O(3^28), O(3^56) ],
inf := false>
] (4 pts)
ratpts = [
rec<recformat<x, b, inf, xt, bt, index> | 
x := 0,
b := [ 1 + O(3^35), 0, 0 ],
inf := false>,
rec<recformat<x, b, inf, xt, bt, index> | 
x := 0,
b := [ 1 + O(3^35), 0, 1 + O(3^35) ],
inf := false>,
rec<recformat<x, b, inf, xt, bt, index> | 
x := 1 + O(3^35),
b := [ 1 + O(3^35), 0, 0 ],
inf := false>,
rec<recformat<x, b, inf, xt, bt, index> | 
x := 0,
b := [ 1 + O(3^35), 2 + O(3^35), 4 + O(3^35) ],
inf := true>
] (4 pts)
found all Q-points!
> quit;

Total time: 163.180 seconds, Total memory usage: 64.12MB
