> print N;
189
> print X;
Curve over Rational Field defined by
x^4 + 1/2*x^3*y + 1/2*x^3*z + 1/2*x^2*y^2 + 2*x^2*y*z + 1/2*x^2*z^2 + 
    1/2*x*y^2*z + 1/2*x*y*z^2 + 1/2*y^3*z + 3/2*y^2*z^2 + 1/2*y*z^3
> rational_points(N, X);
g = 3
r = 1
4 small points: [ (0 : 0 : 1), (-1 : -2 : 1), (1/2 : -1/2 : 1), (0 : 1 : 0) ]
checking: differences of 3 points generate rank 1 subgroup of J_0(N)^*(Q).
finite index subgroup certified by: p = 5: ell = 3
found 1 plane models:
{
y^3 + (x^2 + x + 3)*y^2 + (x^3 + 4*x^2 + x + 1)*y + 2*x^4 + x^3 + x^2
}

trying model #
y^3 + (x^2 + x + 3)*y^2 + (x^3 + 4*x^2 + x + 1)*y + 2*x^4 + x^3 + x^2p = 2 fails: Runtime error: bad prime.
p = 3 fails: Runtime error: bad prime.
Time: 3.430
> print N;
189
> X := X0NQuotient(N, [p^Valuation(N,p) : p in PrimeDivisors(N)]);
> print X;
Curve over Rational Field defined by
2*x[1]^4 + x[1]^3*x[2] + x[1]^2*x[2]^2 + x[1]^3*x[3] + 4*x[1]^2*x[2]*x[3] + 
    x[1]*x[2]^2*x[3] + x[2]^3*x[3] + x[1]^2*x[3]^2 + x[1]*x[2]*x[3]^2 + 
    3*x[2]^2*x[3]^2 + x[2]*x[3]^3
> rational_points(N, X);
g = 3
r = 1
4 small points: [ (0 : 0 : 1), (-1 : -2 : 1), (1/2 : -1/2 : 1), (0 : 1 : 0) ]
checking: differences of 3 points generate rank 1 subgroup of J_0(N)^*(Q).
finite index subgroup certified by: p = 5: ell = 3
found 1 plane models:
{
y^3 + (x^2 + x + 3)*y^2 + (x^3 + 4*x^2 + x + 1)*y + 2*x^4 + x^3 + x^2
}

trying model #
y^3 + (x^2 + x + 3)*y^2 + (x^3 + 4*x^2 + x + 1)*y + 2*x^4 + x^3 + x^2p = 2 fails: Runtime error: bad prime.
p = 3 fails: Runtime error: bad prime.
Time: 3.450
189
Curve over Rational Field defined by
2*x[1]^4 + x[1]^3*x[2] + x[1]^2*x[2]^2 + x[1]^3*x[3] + 4*x[1]^2*x[2]*x[3] + 
    x[1]*x[2]^2*x[3] + x[2]^3*x[3] + x[1]^2*x[3]^2 + x[1]*x[2]*x[3]^2 + 
    3*x[2]^2*x[3]^2 + x[2]*x[3]^3
g = 3
r = 1
checking: differences of 3 points generate rank 1 subgroup of J_0(N)^*(Q).
finite index subgroup certified by: p = 5: ell = 3
4 small points: [ (0 : 0 : 1), (-1 : -2 : 1), (1/2 : -1/2 : 1), (0 : 1 : 0) ]
found 1 plane models:
{
y^3 + (x^2 + x + 3)*y^2 + (x^3 + 4*x^2 + x + 1)*y + 2*x^4 + x^3 + x^2
}

trying model #
y^3 + (x^2 + x + 3)*y^2 + (x^3 + 4*x^2 + x + 1)*y + 2*x^4 + x^3 + x^2Time: 1.740
Time: 208.000
found 4 residue disks.
L = [
rec<recformat<x, b, inf, xt, bt, index> | 
x := O(5^16),
b := [ 1 + O(5^20), -1 + O(5^20), O(5^16) ],
inf := true>,
rec<recformat<x, b, inf, xt, bt, index> | 
x := O(5^15),
b := [ 1 + O(5^20), O(5^16), O(5^18) ],
inf := false>,
rec<recformat<x, b, inf, xt, bt, index> | 
x := -1 + O(5^16),
b := [ 1 + O(5^20), -2 + O(5^16), 4 + O(5^16) ],
inf := false>,
rec<recformat<x, b, inf, xt, bt, index> | 
x := -15258789062 + O(5^15),
b := [ 1 + O(5^20), 15258789062 + O(5^15), -7629394531 + O(5^15) ],
inf := false>
] (4 pts)
ratpts = [
rec<recformat<x, b, inf, xt, bt, index> | 
x := -1 + O(5^20),
b := [ 1 + O(5^20), -2 + O(5^20), 4 + O(5^20) ],
inf := false>,
rec<recformat<x, b, inf, xt, bt, index> | 
x := 0,
b := [ 1 + O(5^20), 0, 0 ],
inf := false>,
rec<recformat<x, b, inf, xt, bt, index> | 
x := -47683715820312 + O(5^20),
b := [ 1 + O(5^20), 47683715820312 + O(5^20), -23841857910156 + O(5^20) ],
inf := false>,
rec<recformat<x, b, inf, xt, bt, index> | 
x := 0,
b := [ 1 + O(5^20), -1 + O(5^20), 0 ],
inf := true>
] (4 pts)
found all Q-points!

[Interrupted]

> quit;

Total time: 342642.049 seconds, Total memory usage: 64.12MB
> load "X0NstarCCsolver.m";
Loading "X0NstarCCsolver.m"
Loading "QuadraticPoints/models_and_maps.m"
Loading "J0wplusminus.m"
Loading "gonal_maps.m"
Loading "Coleman/coleman.m"
Loading "Coleman/auxpolys.m"
Loading "Coleman/coho.m"
Loading "Coleman/froblift.m"
Loading "Coleman/reductions.m"
Loading "Coleman/singleintegrals.m"
Loading "Coleman/applications.m"
Loading "modelsX0Nstar.m"
Loading "QuadraticPoints/models_and_maps.m"
Loading "J0wplusminus.m"
189
Curve over Rational Field defined by
2*x[1]^4 + x[1]^3*x[2] + x[1]^2*x[2]^2 + x[1]^3*x[3] + 4*x[1]^2*x[2]*x[3] + 
    x[1]*x[2]^2*x[3] + x[2]^3*x[3] + x[1]^2*x[3]^2 + x[1]*x[2]*x[3]^2 + 
    3*x[2]^2*x[3]^2 + x[2]*x[3]^3
g = 3
r = 1
checking: differences of 3 points generate rank 1 subgroup of J_0(N)^*(Q).
finite index subgroup certified by: p = 5: ell = 5
4 small points: [ (0 : 0 : 1), (-1 : -2 : 1), (1/2 : -1/2 : 1), (0 : 1 : 0) ]
found 1 plane models:
{
y^3 + (x^2 + x + 3)*y^2 + (x^3 + 4*x^2 + x + 1)*y + 2*x^4 + x^3 + x^2
}

trying model #
y^3 + (x^2 + x + 3)*y^2 + (x^3 + 4*x^2 + x + 1)*y + 2*x^4 + x^3 + x^2Time: 1.760
Time: 209.840
found 4 residue disks.
L = [
rec<recformat<x, b, inf, xt, bt, index> | 
x := O(5^16),
b := [ 1 + O(5^20), -1 + O(5^20), O(5^16) ],
inf := true>,
rec<recformat<x, b, inf, xt, bt, index> | 
x := O(5^15),
b := [ 1 + O(5^20), O(5^16), O(5^18) ],
inf := false>,
rec<recformat<x, b, inf, xt, bt, index> | 
x := -1 + O(5^16),
b := [ 1 + O(5^20), -2 + O(5^16), 4 + O(5^16) ],
inf := false>,
rec<recformat<x, b, inf, xt, bt, index> | 
x := -15258789062 + O(5^15),
b := [ 1 + O(5^20), 15258789062 + O(5^15), -7629394531 + O(5^15) ],
inf := false>
] (4 pts)
ratpts = [
rec<recformat<x, b, inf, xt, bt, index> | 
x := -1 + O(5^20),
b := [ 1 + O(5^20), -2 + O(5^20), 4 + O(5^20) ],
inf := false>,
rec<recformat<x, b, inf, xt, bt, index> | 
x := 0,
b := [ 1 + O(5^20), 0, 0 ],
inf := false>,
rec<recformat<x, b, inf, xt, bt, index> | 
x := -47683715820312 + O(5^20),
b := [ 1 + O(5^20), 47683715820312 + O(5^20), -23841857910156 + O(5^20) ],
inf := false>,
rec<recformat<x, b, inf, xt, bt, index> | 
x := 0,
b := [ 1 + O(5^20), -1 + O(5^20), 0 ],
inf := true>
] (4 pts)
found all Q-points!
> quit;

Total time: 430.930 seconds, Total memory usage: 85.19MB
