236
Curve over Rational Field defined by
x^3*y - x^3*z - x^2*y^2 + 3/2*x^2*y*z - x^2*z^2 + 1/2*x*y^3 - x*y^2*z + x*y*z^2 - 1/2*x*z^3 - 1/2*y^2*z^2
g = 3
r = 1
3 small points: [ (0 : 1 : 0), (1 : 0 : 0), (0 : 0 : 1) ]
checking: differences of 2 points generate rank 1 subgroup of J_0(N)^*(Q).
finite index subgroup certified by: p = 3: ell = 2
found 3 plane models:
[
y^3 + (-2*x^2 - 2*x - 1)*y^2 + (2*x^4 + 3*x^3 + 2*x^2)*y - 2*x^5 - 2*x^4 - x^3,
y^3 + (-2*x^2 - 2*x - 1)*y^2 + (2*x^4 + 3*x^3 + 2*x^2)*y - 2*x^5 - 2*x^4 - x^3,
y^3 + (-2*x^2 - 2*x - 1)*y^2 + (2*x^4 + 3*x^3 + 2*x^2)*y - 2*x^5 - 2*x^4 - x^3
]

trying model #1:
y^3 + (-2*x^2 - 2*x - 1)*y^2 + (2*x^4 + 3*x^3 + 2*x^2)*y - 2*x^5 - 2*x^4 - x^3
p = 2 fails: Runtime error: bad prime.
Time: 1.360
Time: 225.500
found 4 residue disks.
L = [
rec<recformat<x, b, inf, xt, bt, index> | 
x := O(3^28),
b := [ 1 + O(3^35), O(3^28), O(3^35) ],
inf := true>,
rec<recformat<x, b, inf, xt, bt, index> | 
x := O(3^28),
b := [ 1 + O(3^35), 1 + O(3^28), 2 + O(3^28) ],
inf := false>,
rec<recformat<x, b, inf, xt, bt, index> | 
x := O(3^35),
b := [ 1 + O(3^35), O(3^35), O(3^28) ],
inf := false>,
rec<recformat<x, b, inf, xt, bt, index> | 
x := 8387208532720 + O(3^28),
b := [ 1 + O(3^35), 14489583922241 + O(3^29), 8387208532721 + O(3^28) ],
inf := false>
] (4 pts)
ratpts = [
rec<recformat<x, b, inf, xt, bt, index> | 
x := 0,
b := [ 1 + O(3^35), 1 + O(3^35), 2 + O(3^35) ],
inf := false>,
rec<recformat<x, b, inf, xt, bt, index> | 
x := 0,
b := [ 1 + O(3^35), 0, 0 ],
inf := false>,
rec<recformat<x, b, inf, xt, bt, index> | 
x := 0,
b := [ 1 + O(3^35), 0, 0 ],
inf := true>
] (3 pts)
have to exclude 1 residue discs.
Time: 3.200
Time: 375.420
found 4 residue disks.
L = [
rec<recformat<x, b, inf, xt, bt, index> | 
x := O(5^25),
b := [ 1 + O(5^35), O(5^25), O(5^35) ],
inf := true>,
rec<recformat<x, b, inf, xt, bt, index> | 
x := O(5^25),
b := [ 1 + O(5^35), 1 + O(5^25), 2 + O(5^25) ],
inf := false>,
rec<recformat<x, b, inf, xt, bt, index> | 
x := O(5^35),
b := [ 1 + O(5^35), O(5^35), O(5^25) ],
inf := false>,
rec<recformat<x, b, inf, xt, bt, index> | 
x := 119135037717256963 + O(5^25),
b := [ 1 + O(5^35), -119135037717256963 + O(5^25), 119135037717256964 + O(5^25) ],
inf := false>
] (4 pts)
ratpts = [
rec<recformat<x, b, inf, xt, bt, index> | 
x := 0,
b := [ 1 + O(5^35), 1 + O(5^35), 2 + O(5^35) ],
inf := false>,
rec<recformat<x, b, inf, xt, bt, index> | 
x := 0,
b := [ 1 + O(5^35), 0, 0 ],
inf := false>,
rec<recformat<x, b, inf, xt, bt, index> | 
x := 0,
b := [ 1 + O(5^35), 0, 0 ],
inf := true>
] (3 pts)
have to exclude 1 residue discs.
Time: 4.880
Time: 349.410
found 3 residue disks.
L = [
rec<recformat<x, b, inf, xt, bt, index> | 
x := O(7^23),
b := [ 1 + O(7^35), O(7^23), O(7^35) ],
inf := true>,
rec<recformat<x, b, inf, xt, bt, index> | 
x := O(7^22),
b := [ 1 + O(7^35), 1 + O(7^22), 2 + O(7^22) ],
inf := false>,
rec<recformat<x, b, inf, xt, bt, index> | 
x := O(7^35),
b := [ 1 + O(7^35), O(7^35), O(7^22) ],
inf := false>
] (3 pts)
ratpts = [
rec<recformat<x, b, inf, xt, bt, index> | 
x := 0,
b := [ 1 + O(7^35), 1 + O(7^35), 2 + O(7^35) ],
inf := false>,
rec<recformat<x, b, inf, xt, bt, index> | 
x := 0,
b := [ 1 + O(7^35), 0, 0 ],
inf := false>,
rec<recformat<x, b, inf, xt, bt, index> | 
x := 0,
b := [ 1 + O(7^35), 0, 0 ],
inf := true>
] (3 pts)
found all Q-points!
> quit;

Total time: 965.750 seconds, Total memory usage: 96.16MB
