248
Curve over Rational Field defined by
x^4 + x^3*y - x^3*z + x^2*y^2 + x^2*y*z + x^2*z^2 + y^3*z + y*z^3
g = 3
r = 1
2 small points: [ (0 : 1 : 0), (0 : 0 : 1) ]
checking: differences of 1 points generate rank 1 subgroup of J_0(N)^*(Q).
finite index subgroup certified by: p = 3: ell = 2
found 2 plane models:
[
y^3 + x^2*y^2 + (x^3 + x^2 + 1)*y + x^4 - x^3 + x^2,
y^3 + x^2*y^2 + (x^3 + x^2 + 1)*y + x^4 - x^3 + x^2
]

trying model #1:
y^3 + x^2*y^2 + (x^3 + x^2 + 1)*y + x^4 - x^3 + x^2
p = 2 fails: Runtime error: bad prime.
p = 3 fails: Runtime error: bad prime.
Time: 2.410
Time: 16.250
found 2 residue disks.
L = [
rec<recformat<x, b, inf, xt, bt, index> | 
x := O(5^31),
b := [ 1 + O(5^35), -1 + O(5^31), -1 + O(5^35) ],
inf := true>,
rec<recformat<x, b, inf, xt, bt, index> | 
x := O(5^31),
b := [ 1 + O(5^35), O(5^62), O(5^124) ],
inf := false>
] (2 pts)
ratpts = [
rec<recformat<x, b, inf, xt, bt, index> | 
x := 0,
b := [ 1 + O(5^35), 0, 0 ],
inf := false>,
rec<recformat<x, b, inf, xt, bt, index> | 
x := 0,
b := [ 1 + O(5^35), -1 + O(5^35), -1 + O(5^35) ],
inf := true>
] (2 pts)
found all Q-points!
> quit;

Total time: 23.709 seconds, Total memory usage: 96.16MB
