245
Curve over Rational Field defined by
x^4 - x^3*y + x^3*z - x^2*y^2 - x^2*z^2 + 2*x*y^2*z - 2*x*y*z^2 + y^3*z - y^2*z^2 + y*z^3
g = 3
r = 2
4 small points: [ (1 : 1 : 1), (0 : 1 : 0), (0 : 0 : 1), (-1 : 1 : 1) ]
checking: differences of 3 points generate rank 2 subgroup of J_0(N)^*(Q).
finite index subgroup certified by: p = 19: ell = 13
found 1 plane models:
{
y^3 + (-x^2 + 2*x - 1)*y^2 + (-x^3 - 2*x + 1)*y + x^4 + x^3 - x^2
}

trying model #
y^3 + (-x^2 + 2*x - 1)*y^2 + (-x^3 - 2*x + 1)*y + x^4 + x^3 - x^2p = 2 fails: Runtime error: bad prime.
Time: 0.970
Time: 275.750
found 4 residue disks.
L = [
rec<recformat<x, b, inf, xt, bt, index> | 
x := O(3^30),
b := [ 1 + O(3^35), 1 + O(3^30), -1 + O(3^30) ],
inf := true>,
rec<recformat<x, b, inf, xt, bt, index> | 
x := O(3^30),
b := [ 1 + O(3^35), O(3^31), O(3^33) ],
inf := false>,
rec<recformat<x, b, inf, xt, bt, index> | 
x := -1 + O(3^30),
b := [ 1 + O(3^35), 1 + O(3^35), 1 + O(3^35) ],
inf := false>,
rec<recformat<x, b, inf, xt, bt, index> | 
x := 1 + O(3^30),
b := [ 1 + O(3^35), 1 + O(3^35), 1 + O(3^35) ],
inf := false>
] (4 pts)
ratpts = [
rec<recformat<x, b, inf, xt, bt, index> | 
x := 0,
b := [ 1 + O(3^35), 0, 0 ],
inf := false>,
rec<recformat<x, b, inf, xt, bt, index> | 
x := 1 + O(3^35),
b := [ 1 + O(3^35), 1 + O(3^35), 1 + O(3^35) ],
inf := false>,
rec<recformat<x, b, inf, xt, bt, index> | 
x := -1 + O(3^35),
b := [ 1 + O(3^35), 1 + O(3^35), 1 + O(3^35) ],
inf := false>,
rec<recformat<x, b, inf, xt, bt, index> | 
x := 0,
b := [ 1 + O(3^35), 1 + O(3^35), -1 + O(3^35) ],
inf := true>
] (4 pts)
found all Q-points!
> quit;

Total time: 287.889 seconds, Total memory usage: 209.97MB
245
Curve over Rational Field defined by
x^4 - x^3*y + x^3*z - x^2*y^2 - x^2*z^2 + 2*x*y^2*z - 2*x*y*z^2 + y^3*z - y^2*z^2 + y*z^3
g = 3
r = 2
4 small points: [ (1 : 1 : 1), (0 : 1 : 0), (0 : 0 : 1), (-1 : 1 : 1) ]
checking: differences of 3 points generate rank 2 subgroup of J_0(N)^*(Q).
finite index subgroup certified by: p = 19: ell = 13
found 1 plane models:
{
y^3 + (-x^2 + 2*x - 1)*y^2 + (-x^3 - 2*x + 1)*y + x^4 + x^3 - x^2
}

trying model #
y^3 + (-x^2 + 2*x - 1)*y^2 + (-x^3 - 2*x + 1)*y + x^4 + x^3 - x^2p = 2 fails: Runtime error: bad prime.
Time: 1.110
Time: 288.330
found 4 residue disks.
L = [
rec<recformat<x, b, inf, xt, bt, index> | 
x := O(3^30),
b := [ 1 + O(3^35), 1 + O(3^30), -1 + O(3^30) ],
inf := true>,
rec<recformat<x, b, inf, xt, bt, index> | 
x := O(3^30),
b := [ 1 + O(3^35), O(3^31), O(3^33) ],
inf := false>,
rec<recformat<x, b, inf, xt, bt, index> | 
x := -1 + O(3^30),
b := [ 1 + O(3^35), 1 + O(3^35), 1 + O(3^35) ],
inf := false>,
rec<recformat<x, b, inf, xt, bt, index> | 
x := 1 + O(3^30),
b := [ 1 + O(3^35), 1 + O(3^35), 1 + O(3^35) ],
inf := false>
] (4 pts)
ratpts = [
rec<recformat<x, b, inf, xt, bt, index> | 
x := 0,
b := [ 1 + O(3^35), 0, 0 ],
inf := false>,
rec<recformat<x, b, inf, xt, bt, index> | 
x := 1 + O(3^35),
b := [ 1 + O(3^35), 1 + O(3^35), 1 + O(3^35) ],
inf := false>,
rec<recformat<x, b, inf, xt, bt, index> | 
x := -1 + O(3^35),
b := [ 1 + O(3^35), 1 + O(3^35), 1 + O(3^35) ],
inf := false>,
rec<recformat<x, b, inf, xt, bt, index> | 
x := 0,
b := [ 1 + O(3^35), 1 + O(3^35), -1 + O(3^35) ],
inf := true>
] (4 pts)
found all Q-points!
> quit;

Total time: 294.310 seconds, Total memory usage: 200.28MB
