252
Hyperelliptic Curve defined by y^2 = x^8 - 6*x^7 + 17*x^6 - 38*x^5 + 64*x^4 - 74*x^3 + 73*x^2 - 42*x + 21 over Rational Field
g = 3
r = 0
4 small points: {@ (1 : -1 : 0), (1 : 1 : 0), (1 : -4 : 1), (1 : 4 : 1) @}
checking: differences of 3 points generate rank 0 subgroup of J_0(N)^*(Q).
finite index subgroup certified by: p = 7: ell = 2

rational_points(
N: 252,
X: X
)
In file "X0NstarCCsolver.m", line 87, column 37:
>>             Append(~denoms, Lcm([Lcm([Denominator(Coefficient(Qx, j)) : j i
                                       ^
Runtime error in 'Lcm': Illegal null set/sequence

found 1 plane models:
[
y^2 - x^8 + 6*x^7 - 17*x^6 + 38*x^5 - 64*x^4 + 74*x^3 - 73*x^2 + 42*x - 21
]

trying model #1:
y^2 - x^8 + 6*x^7 - 17*x^6 + 38*x^5 - 64*x^4 + 74*x^3 - 73*x^2 + 42*x - 21
p = 2 fails: Runtime error: bad prime.
p = 3 fails: Runtime error: bad prime.
Time: 0.570
Time: 15.870
found 4 residue disks.
L = [
rec<recformat<x, b, inf, xt, bt, index> | 
x := O(5^31),
b := [ 1 + O(5^35), -1 + O(5^31) ],
inf := true>,
rec<recformat<x, b, inf, xt, bt, index> | 
x := O(5^31),
b := [ 1 + O(5^35), 1 + O(5^31) ],
inf := true>,
rec<recformat<x, b, inf, xt, bt, index> | 
x := 1 + O(5^33),
b := [ 1 + O(5^35), 4 + O(5^33) ],
inf := false>,
rec<recformat<x, b, inf, xt, bt, index> | 
x := 1 + O(5^33),
b := [ 1 + O(5^35), -4 + O(5^33) ],
inf := false>
] (4 pts)
ratpts = [
rec<recformat<x, b, inf, xt, bt, index> | 
x := 1 + O(5^35),
b := [ 1 + O(5^35), 4 + O(5^35) ],
inf := false>,
rec<recformat<x, b, inf, xt, bt, index> | 
x := 1 + O(5^35),
b := [ 1 + O(5^35), -4 + O(5^35) ],
inf := false>,
rec<recformat<x, b, inf, xt, bt, index> | 
x := 0,
b := [ 1 + O(5^35), 1 + O(5^35) ],
inf := true>,
rec<recformat<x, b, inf, xt, bt, index> | 
x := 0,
b := [ 1 + O(5^35), -1 + O(5^35) ],
inf := true>
] (4 pts)
found all Q-points!
> quit;

Total time: 31.980 seconds, Total memory usage: 205.00MB
