270
Curve over Rational Field defined by
x^4 - x^3*y + x^3*z + x^2*y^2 + 2*x^2*y*z + 2*x*y^3 + 2*x*y^2*z + 2*x*y*z^2 + y^4 - y*z^3
g = 3
r = 1
4 small points: [ (0 : 1 : 1), (0 : 0 : 1), (-1 : 0 : 1), (-3/2 : -1/2 : 1) ]
checking: differences of 3 points generate rank 1 subgroup of J_0(N)^*(Q).
finite index subgroup certified by: p = 7: ell = 3
found 1 plane models:
{
y^4 + 2*x*y^3 + (x^2 + 2*x)*y^2 + (-x^3 + 2*x^2 + 2*x - 1)*y + x^4 + x^3
}

trying model #
y^4 + 2*x*y^3 + (x^2 + 2*x)*y^2 + (-x^3 + 2*x^2 + 2*x - 1)*y + x^4 + x^3p = 2 fails: Runtime error: bad prime.
p = 3 fails: Runtime error: bad prime.
p = 5 fails: Runtime error: bad prime.
Time: 7.520
p = 7 fails: Runtime error: something is wrong, number of approximate roots is different from 1.
Time: 12.870
Time: 189.360
found 4 residue disks.
L = [
rec<recformat<x, b, inf, xt, bt, index> | 
x := O(11^19),
b := [ 1 + O(11^35), O(11^57), O(11^114), O(11^171) ],
inf := false>,
rec<recformat<x, b, inf, xt, bt, index> | 
x := O(11^19),
b := [ 1 + O(11^35), 1 + O(11^19), 1 + O(11^19), 1 + O(11^19) ],
inf := false>,
rec<recformat<x, b, inf, xt, bt, index> | 
x := 30579545224207273144 + O(11^19),
b := [ 1 + O(11^35), 30579545224207273145 + O(11^19), 15289772612103636573 + O(11^19), 22934658918155454859 + O(11^19) ],
inf := false>,
rec<recformat<x, b, inf, xt, bt, index> | 
x := -1 + O(11^35),
b := [ 1 + O(11^35), O(11^19), O(11^35), O(11^35) ],
inf := false>
] (4 pts)
ratpts = [
rec<recformat<x, b, inf, xt, bt, index> | 
x := 1405121842403212392530606951676702424 + O(11^35),
b := [ 1 + O(11^35), 1405121842403212392530606951676702425 + O(11^35), 702560921201606196265303475838351213 + O(11^35), 1053841381802409294397955213757526819 + O(11^35) ],
inf := false>,
rec<recformat<x, b, inf, xt, bt, index> | 
x := 0,
b := [ 1 + O(11^35), 1 + O(11^35), 1 + O(11^35), 1 + O(11^35) ],
inf := false>,
rec<recformat<x, b, inf, xt, bt, index> | 
x := 0,
b := [ 1 + O(11^35), 0, 0, 0 ],
inf := false>,
rec<recformat<x, b, inf, xt, bt, index> | 
x := -1 + O(11^35),
b := [ 1 + O(11^35), 0, 0, 0 ],
inf := false>
] (4 pts)
found all Q-points!
> quit;

Total time: 406.660 seconds, Total memory usage: 273.06MB
