312
Curve over Rational Field defined by
x^3*y - 4*x^2*y^2 - 2*x^2*y*z - x^2*z^2 + x*y^3 - 2*x*y^2*z + 3*x*y*z^2 + x*z^3 - y^2*z^2 + y*z^3 - z^4
g = 3
r = 1
3 small points: [ (0 : 1 : 0), (-1 : -1 : 1), (1 : 0 : 0) ]
checking: differences of 2 points generate rank 1 subgroup of J_0(N)^*(Q).
finite index subgroup certified by: p = 3: ell = 3
found 3 plane models:
[
y^3 + (-4*x^2 - 2*x - 1)*y^2 + (x^4 - 2*x^3 + 3*x^2 + x)*y - x^4 + x^3 - x^2,
y^3 + (-4*x^2 - 2*x - 1)*y^2 + (x^4 - 2*x^3 + 3*x^2 + x)*y - x^4 + x^3 - x^2,
y^3 + (-4*x^2 - 2*x - 1)*y^2 + (x^4 - 2*x^3 + 3*x^2 + x)*y - x^4 + x^3 - x^2
]

trying model #1:
y^3 + (-4*x^2 - 2*x - 1)*y^2 + (x^4 - 2*x^3 + 3*x^2 + x)*y - x^4 + x^3 - x^2
p = 2 fails: Runtime error: bad prime.
p = 3 fails: Runtime error: bad prime.
Time: 3.070
Time: 86.460
found 3 residue disks.
L = [
rec<recformat<x, b, inf, xt, bt, index> | 
x := O(5^30),
b := [ 1 + O(5^35), O(5^35), O(5^35) ],
inf := true>,
rec<recformat<x, b, inf, xt, bt, index> | 
x := O(5^30),
b := [ 1 + O(5^35), 1 + O(5^30), 1 + O(5^30) ],
inf := false>,
rec<recformat<x, b, inf, xt, bt, index> | 
x := -1 + O(5^30),
b := [ 1 + O(5^35), 1 + O(5^35), O(5^35) ],
inf := false>
] (3 pts)
ratpts = [
rec<recformat<x, b, inf, xt, bt, index> | 
x := 0,
b := [ 1 + O(5^35), 1 + O(5^35), 1 + O(5^35) ],
inf := false>,
rec<recformat<x, b, inf, xt, bt, index> | 
x := -1 + O(5^35),
b := [ 1 + O(5^35), 1 + O(5^35), 0 ],
inf := false>,
rec<recformat<x, b, inf, xt, bt, index> | 
x := 0,
b := [ 1 + O(5^35), 0, 0 ],
inf := true>
] (3 pts)
found all Q-points!
> quit;

Total time: 119.189 seconds, Total memory usage: 273.06MB
