420
Curve over Rational Field defined by
x^3*y - x^3*z + x^2*y^2 - 3/2*x^2*y*z + x^2*z^2 - 1/2*x*y^3 + x*y^2*z - x*y*z^2 + 1/2*x*z^3 + 1/2*y^2*z^2
g = 3
r = 1
4 small points: [ (0 : 0 : 1), (-1/4 : -1 : 1), (1 : 0 : 0), (0 : 1 : 0) ]
checking: differences of 3 points generate rank 1 subgroup of J_0(N)^*(Q).
finite index subgroup certified by: p = 3: ell = 2
found 4 plane models:
[
y^3 + (-2*x^2 - 2*x - 1)*y^2 + (-2*x^4 + 3*x^3 + 2*x^2)*y + 2*x^5 - 2*x^4 - x^3,
y^3 + (-2*x^2 - 2*x - 1)*y^2 + (-2*x^4 + 3*x^3 + 2*x^2)*y + 2*x^5 - 2*x^4 - x^3,
y^3 + (-2*x^2 - 2*x - 1)*y^2 + (-2*x^4 + 3*x^3 + 2*x^2)*y + 2*x^5 - 2*x^4 - x^3,
y^3 + (-2*x^2 - 2*x - 1)*y^2 + (-2*x^4 + 3*x^3 + 2*x^2)*y + 2*x^5 - 2*x^4 - x^3
]

trying model #1:
y^3 + (-2*x^2 - 2*x - 1)*y^2 + (-2*x^4 + 3*x^3 + 2*x^2)*y + 2*x^5 - 2*x^4 - x^3
p = 2 fails: Runtime error: bad prime.
p = 3 fails: Runtime error: bad prime.
p = 5 fails: Runtime error: bad prime.
p = 7 fails: Runtime error: bad prime.
Time: 7.590
Time: 2177.970
found 4 residue disks.
L = [
rec<recformat<x, b, inf, xt, bt, index> | 
x := O(11^19),
b := [ 1 + O(11^35), O(11^19), O(11^35) ],
inf := true>,
rec<recformat<x, b, inf, xt, bt, index> | 
x := O(11^19),
b := [ 1 + O(11^35), 1 + O(11^19), 2 + O(11^19) ],
inf := false>,
rec<recformat<x, b, inf, xt, bt, index> | 
x := O(11^35),
b := [ 1 + O(11^35), O(11^35), O(11^19) ],
inf := false>,
rec<recformat<x, b, inf, xt, bt, index> | 
x := -15289772612103636573 + O(11^19),
b := [ 1 + O(11^35), 15289772612103636573 + O(11^19), -15289772612103636572 + O(11^19) ],
inf := false>
] (4 pts)
ratpts = [
rec<recformat<x, b, inf, xt, bt, index> | 
x := 0,
b := [ 1 + O(11^35), 1 + O(11^35), 2 + O(11^35) ],
inf := false>,
rec<recformat<x, b, inf, xt, bt, index> | 
x := 0,
b := [ 1 + O(11^35), 0, 0 ],
inf := false>,
rec<recformat<x, b, inf, xt, bt, index> | 
x := -702560921201606196265303475838351213 + O(11^35),
b := [ 1 + O(11^35), 702560921201606196265303475838351213 + O(11^35), -702560921201606196265303475838351212 + O(11^35) ],
inf := false>,
rec<recformat<x, b, inf, xt, bt, index> | 
x := 0,
b := [ 1 + O(11^35), 0, 0 ],
inf := true>
] (4 pts)
found all Q-points!
> quit;

Total time: 2483.629 seconds, Total memory usage: 1354.12MB
