117
Hyperelliptic Curve defined by y^2 = x^6 + 4*x^4 - 6*x^3 + 16*x^2 - 12*x + 9 over Rational Field
204
Hyperelliptic Curve defined by y^2 = x^6 - 4*x^5 - 6*x^3 - 4*x + 1 over Rational Field
276
Hyperelliptic Curve defined by y^2 = x^6 + 8*x^4 - 6*x^3 + 8*x^2 + 1 over Rational Field
116
Hyperelliptic Curve defined by y^2 = x^6 - 4*x^5 + 16*x^4 - 22*x^3 + 16*x^2 - 4*x + 1 over Rational Field
180
Hyperelliptic Curve defined by y^2 = x^6 - 4*x^5 + 8*x^4 + 2*x^3 + 8*x^2 - 4*x + 1 over Rational Field
168
Hyperelliptic Curve defined by y^2 = x^6 + 2*x^4 + 4*x^3 - 7*x^2 + 12*x - 12 over Rational Field
112
Hyperelliptic Curve defined by y^2 = x^6 - 4*x^5 + 16*x^4 - 40*x^3 + 60*x^2 - 48*x + 16 over Rational Field
104
Hyperelliptic Curve defined by y^2 = x^6 - 4*x^5 + 10*x^4 - 8*x^3 - 7*x^2 + 28*x - 20 over Rational Field
153
Hyperelliptic Curve defined by y^2 = x^6 - 4*x^5 + 4*x^4 + 12*x^3 - 36*x^2 + 36*x - 12 over Rational Field
121
Hyperelliptic Curve defined by y^2 = x^6 - 4*x^4 + 4*x^3 + 8*x^2 - 12*x + 4 over Rational Field
198
Hyperelliptic Curve defined by y^2 = x^6 + 4*x^5 - 4*x^4 + 10*x^3 - 4*x^2 + 4*x + 1 over Rational Field
125
Hyperelliptic Curve defined by y^2 = x^6 - 4*x^5 + 10*x^4 - 10*x^3 + 5*x^2 + 2*x - 3 over Rational Field
380
Hyperelliptic Curve defined by y^2 = x^6 + 8*x^4 + 2*x^3 + 8*x^2 + 1 over Rational Field
284
Hyperelliptic Curve defined by y^2 = x^6 - 4*x^5 + 2*x^3 - 4*x + 1 over Rational Field
117
Hyperelliptic Curve defined by y^2 = x^6 + 4*x^4 - 6*x^3 + 16*x^2 - 12*x + 9 over Rational Field
204
Hyperelliptic Curve defined by y^2 = x^6 - 4*x^5 - 6*x^3 - 4*x + 1 over Rational Field
276
Hyperelliptic Curve defined by y^2 = x^6 + 8*x^4 - 6*x^3 + 8*x^2 + 1 over Rational Field
116
Hyperelliptic Curve defined by y^2 = x^6 - 4*x^5 + 16*x^4 - 22*x^3 + 16*x^2 - 4*x + 1 over Rational Field
180
Hyperelliptic Curve defined by y^2 = x^6 - 4*x^5 + 8*x^4 + 2*x^3 + 8*x^2 - 4*x + 1 over Rational Field
168
Hyperelliptic Curve defined by y^2 = x^6 + 2*x^4 + 4*x^3 - 7*x^2 + 12*x - 12 over Rational Field
112
Hyperelliptic Curve defined by y^2 = x^6 - 4*x^5 + 16*x^4 - 40*x^3 + 60*x^2 - 48*x + 16 over Rational Field
104
Hyperelliptic Curve defined by y^2 = x^6 - 4*x^5 + 10*x^4 - 8*x^3 - 7*x^2 + 28*x - 20 over Rational Field
153
Hyperelliptic Curve defined by y^2 = x^6 - 4*x^5 + 4*x^4 + 12*x^3 - 36*x^2 + 36*x - 12 over Rational Field
121
Hyperelliptic Curve defined by y^2 = x^6 - 4*x^4 + 4*x^3 + 8*x^2 - 12*x + 4 over Rational Field
198
Hyperelliptic Curve defined by y^2 = x^6 + 4*x^5 - 4*x^4 + 10*x^3 - 4*x^2 + 4*x + 1 over Rational Field
125
Hyperelliptic Curve defined by y^2 = x^6 - 4*x^5 + 10*x^4 - 10*x^3 + 5*x^2 + 2*x - 3 over Rational Field
380
Hyperelliptic Curve defined by y^2 = x^6 + 8*x^4 + 2*x^3 + 8*x^2 + 1 over Rational Field
284
Hyperelliptic Curve defined by y^2 = x^6 - 4*x^5 + 2*x^3 - 4*x + 1 over Rational Field
> quit;

Total time: 12.910 seconds, Total memory usage: 32.09MB
