Loading "heegner.m"
Level
220
-160
Level
108
-32
Level
68
-16
-32
-64
Level
124
-12
-48
Level
48
-15
-48
-48
-60
-192
Level
64
-7
-28
Level
84
-12
-48
-96
-192
-672
Level
156
-12
-48
-192
-1248
Level
140
-160
-1120
Level
52
-12
-16
-48
-64
Level
80
-15
-60
-64
Level
188
Level
132
-32
-96
Level
96
-15
-60
Level
76
-12
-32
-48
Level
72
-32
-288
Level
100
-16
-64
Level
204
-15
-32
-240
-1632
Level
276
-15
-240
Level
116
-7
-16
-64
-112
-928
Level
180
Level
168
-96
-672
Level
112
-7
-28
-448
Level
104
-16
Level
380
-15
-160
-240
-3040
Level
284
-7
-112
Level
420
-96
-3360
Level
348
-96
Level
312
-1248
Level
476
Level
152
-32
Level
144
Level
240
-15
-60
-960
Level
196
-12
-48
Level
136
-16
-32
Level
248
Level
252
Level
128
-7
-28
Level
164
-16
-32
-64
Level
236
-32
Level
300
-96
Level
264
-32
-96
Level
172
-7
-12
-32
-48
-112
Level
148
-7
-12
-16
-48
-64
-112
Level
280
-160
-1120
Level
200
-16
Level
176
-7
-28
Level
224
-7
-28
-112
-112
Level
260
-16
-64
-160
-2080
Level
228
-12
-15
-32
-48
-192
-240
Level
308
-7
-112
-448
Level
396
-32
-288
Level
316
-7
-12
-48
-112
Level
444
-12
-48
-192
Level
376
Level
364
-12
-48
Level
216
-32
Level
440
-160
Level
208
-64
Level
572
-352
Level
212
-7
-16
-64
-112
> quit;

Total time: 1912.990 seconds, Total memory usage: 193.16MB
