Loading "../heegner.m"
Level
63
-27
-35
-315
Level
75
-11
-24
-51
-75
-75
-75
Level
81
-8
-11
Level
90
-20
-36
-36
-180
Level
98
-20
-24
-40
-52
Level
117
-27
Level
121
-7
-8
-19
-28
-43
Level
125
-4
-11
-16
-19
Level
126
-20
-180
Level
150
-24
-84
Level
153
-8
-72
Level
162
-8
-20
-72
-72
Level
171
-8
-27
-72
Level
175
-19
-75
-91
Level
189
-27
-27
-35
Level
198
-8
-72
Level
207
-11
-99
Level
225
-11
-99
Level
234
-36
-36
Level
242
-7
-8
-24
-40
-52
-72
Level
245
-19
-40
-115
Level
261
Level
270
-20
-180
-180
Level
275
-11
-19
-99
Level
279
-11
-27
-99
Level
294
-20
-24
-132
Level
306
-8
-36
-36
-72
Level
315
-35
-315
Level
342
-8
-72
Level
350
-24
-84
Level
378
-20
Level
414
-20
-180
Level
495
-11
-35
-99
-315
Level
630
-20
-180
> quit
> ;

Total time: 1514.349 seconds, Total memory usage: 123.78MB
