X_0(116)^*:
Time: 7.130
X_0(116)/[ 1, 4, 29, 116 ]: Hyperelliptic Curve defined by y^2 = x^6 + 4*x^5 + 16*x^4 + 22*x^3 + 16*x^2 + 4*x + 1 over Rational Field
Time: 265.830
computed j: X_0(116) -> X(1).
8 small points: {@ (1 : -1 : 0), (1 : 1 : 0), (-1 : -2 : 1), (-1 : 2 : 1), (0 : -1 : 1), (0 : 1 : 1), (1 : -8 : 1), (1 : 8 : 1) @}

Remaining points are cusp, -16, -64, and then -64 -> -4 I think (but all have to be CM)

pt = (1 : -1 : 0): 
 j's = { 287496, x^2 - 82226316240*x - 7367066619912, cusp, 1728 }

 This is the -7 point
pt = (1 : 1 : 0): 
 j's = { 287496, -3375, x^2 - 82226316240*x - 7367066619912, cusp, 1728 }

pt = (-1 : -2 : 1): 
 j's = { 287496, x^2 - 82226316240*x - 7367066619912, cusp, 1728 }
pt = (-1 : 2 : 1): 
 j's = { 287496, x^2 - 82226316240*x - 7367066619912, cusp, 1728 }

This point is a cusp (a cusp is given by the models code).
pt = (0 : -1 : 1): 
 j's = { 287496, x^2 - 82226316240*x - 7367066619912, cusp, 1728 }

This is the -112 point
pt = (0 : 1 : 1): 
 j's = { 287496, x^2 - 274917323970000*x + 1337635747140890625, x^2 - 82226316240*x - 7367066619912, cusp, 1728 }

 This is the -928 point:
pt = (1 : -8 : 1): 
 j's = { 287496, x^2 - 82226316240*x - 7367066619912, cusp, 1728, x^4 - 365698321891389219219142531076614125108000*x^3 - 8992980876865725569995845414882451608653638542000000*x^2 + 13390564998216290984073146179239751905642859284000000000*x + 221147287295840631009155378215919896241234993293617000000000000 }

pt = (1 : 8 : 1): 
 j's = { 287496, x^2 - 82226316240*x - 7367066619912, cusp, 1728 }

> load "X084star.m";
Loading "X084star.m"
Loading "QuadraticPoints/models_and_maps.m"
Loading "J0wplusminus.m"
Loading "gonal_maps.m"
Loading "Coleman/coleman.m"
Loading "Coleman/auxpolys.m"
Loading "Coleman/coho.m"
Loading "Coleman/froblift.m"
Loading "Coleman/reductions.m"
Loading "Coleman/singleintegrals.m"
Loading "Coleman/applications.m"
Loading "modelsX0Nstar.m"
Loading "QuadraticPoints/models_and_maps.m"
Loading "J0wplusminus.m"
