Loading "heegner.m"
Level
40
-15
-16
-60
-160
Level
48
-15
-48
-48
-60
-192
Level
72
-32
-288
Level
80
-15
-60
-64
Level
88
-7
-28
-32
-352
Level
96
-15
-60
Level
100
-16
-64
Level
108
-32
Level
112
-7
-28
-448
Level
120
-15
-60
-96
-480
Level
135
-11
-35
Level
144
Level
147
-3
-12
-24
-48
-75
-147
-147
-147
Level
162
-8
-20
-72
-72
Level
176
-7
-28
Level
180
Level
184
-7
-28
Level
196
-12
-48
Level
200
-16
Level
216
-32
Level
224
-7
-28
-112
-112
Level
225
-11
-99
Level
240
-15
-60
-960
Level
396
-32
-288


