X_0(147)^*:
Time: 1.910
X_0(147)/[ 1, 3, 49, 147 ]: Hyperelliptic Curve defined by y^2 = x^6 + 6*x^5 + 
11*x^4 + 6*x^3 + 5*x^2 + 4 over Rational Field
Time: 483.070
computed j: X_0(147) -> X(1).
12 small points: {@ (1 : -1 : 0), (1 : 1 : 0), (-1 : -3 : 1), (-1 : 3 : 1), (0 :
-2 : 1), (0 : 2 : 1), (1 : -21 : 2), (1 : 21 : 2), (-3 : -7 : 1), (-3 : 7 : 1), 
(-8 : -154 : 3), (-8 : 154 : 3) @}
pt = (1 : -1 : 0): j's = [ 0, 0, x^2 - 4834944*x + 14670139392, x^2 - 4834944*x 
+ 14670139392, x^2 - 4834944*x + 14670139392, x^2 - 4834944*x + 14670139392, 
-12288000, 0, -12288000, 0, 54000, 54000, x^2 + 34848505552896000*x + 
11356800389480448000000, x^2 + 34848505552896000*x + 11356800389480448000000 ]
pt = (1 : 1 : 0): j's = [ 0, 0, x^2 - 4834944*x + 14670139392, x^2 - 4834944*x +
14670139392, x^2 - 4834944*x + 14670139392, x^2 - 4834944*x + 14670139392, 
54000, 54000, cusp, cusp, cusp, cusp, x^2 + 34848505552896000*x + 
11356800389480448000000, x^2 + 34848505552896000*x + 11356800389480448000000 ]
pt = (-1 : -3 : 1): j's = [ 0, 0, x^2 - 4834944*x + 14670139392, x^2 - 4834944*x
+ 14670139392, x^2 - 4834944*x + 14670139392, x^2 - 4834944*x + 14670139392, 
54000, 54000, x^2 + 34848505552896000*x + 11356800389480448000000, x^2 + 
34848505552896000*x + 11356800389480448000000 ]
pt = (-1 : 3 : 1): j's = [ 0, 0, x^2 - 4834944*x + 14670139392, x^2 - 4834944*x 
+ 14670139392, x^2 - 4834944*x + 14670139392, x^2 - 4834944*x + 14670139392, x^2
+ 654403829760*x + 5209253090426880, x^2 + 654403829760*x + 5209253090426880, 
x^2 + 654403829760*x + 5209253090426880, x^2 + 654403829760*x + 
5209253090426880, 54000, 54000, x^2 + 34848505552896000*x + 
11356800389480448000000, x^2 + 34848505552896000*x + 11356800389480448000000 ]
pt = (0 : -2 : 1): j's = [ 0, 0, x^2 - 4834944*x + 14670139392, x^2 - 4834944*x 
+ 14670139392, x^2 - 4834944*x + 14670139392, x^2 - 4834944*x + 14670139392, x^2
- 2835810000*x + 6549518250000, x^2 - 2835810000*x + 6549518250000, x^2 - 
2835810000*x + 6549518250000, x^2 - 2835810000*x + 6549518250000, 54000, 54000, 
x^2 + 34848505552896000*x + 11356800389480448000000, x^2 + 34848505552896000*x +
11356800389480448000000 ]
pt = (0 : 2 : 1): j's = [ 0, 0, x^2 - 4834944*x + 14670139392, x^2 - 4834944*x +
14670139392, x^2 - 4834944*x + 14670139392, x^2 - 4834944*x + 14670139392, 
54000, 54000, x^2 + 34848505552896000*x + 11356800389480448000000, x^2 + 
34848505552896000*x + 11356800389480448000000 ]
pt = (1 : -21 : 2): j's = [ 0, 0, x^2 - 4834944*x + 14670139392, x^2 - 4834944*x
+ 14670139392, x^2 - 4834944*x + 14670139392, x^2 - 4834944*x + 14670139392, x^4
- 2185834256476398919667661699680057386538756568156375/178405961588244985132285\
746181186892047843328*x^3 + 406865276083285421065170458830646687104515105851058\
3281739967466905718625/10043362776618689222137263077132266265763768711142455220\
6336*x^2 + 44064730702332004899105898918731351025051912387969264916500774010723\
62078125/803469022129495137770981046170581301261101496891396417650688*x + 
2235837537492274292081138826498765155100228727086319246963199330645437211390625\
/1606938044258990275541962092341162602522202993782792835301376, x^4 - 
2185834256476398919667661699680057386538756568156375/17840596158824498513228574\
6181186892047843328*x^3 + 40686527608328542106517045883064668710451510585105832\
81739967466905718625/1004336277661868922213726307713226626576376871114245522063\
36*x^2 + 4406473070233200489910589891873135102505191238796926491650077401072362\
078125/803469022129495137770981046170581301261101496891396417650688*x + 
2235837537492274292081138826498765155100228727086319246963199330645437211390625\
/1606938044258990275541962092341162602522202993782792835301376, x^4 - 
2185834256476398919667661699680057386538756568156375/17840596158824498513228574\
6181186892047843328*x^3 + 40686527608328542106517045883064668710451510585105832\
81739967466905718625/1004336277661868922213726307713226626576376871114245522063\
36*x^2 + 4406473070233200489910589891873135102505191238796926491650077401072362\
078125/803469022129495137770981046170581301261101496891396417650688*x + 
2235837537492274292081138826498765155100228727086319246963199330645437211390625\
/1606938044258990275541962092341162602522202993782792835301376, x^4 - 
2185834256476398919667661699680057386538756568156375/17840596158824498513228574\
6181186892047843328*x^3 + 40686527608328542106517045883064668710451510585105832\
81739967466905718625/1004336277661868922213726307713226626576376871114245522063\
36*x^2 + 4406473070233200489910589891873135102505191238796926491650077401072362\
078125/803469022129495137770981046170581301261101496891396417650688*x + 
2235837537492274292081138826498765155100228727086319246963199330645437211390625\
/1606938044258990275541962092341162602522202993782792835301376, 54000, 54000, 
x^2 + 34848505552896000*x + 11356800389480448000000, x^2 + 34848505552896000*x +
11356800389480448000000 ]
pt = (1 : 21 : 2): j's = [ 0, 0, x^2 - 4834944*x + 14670139392, x^2 - 4834944*x 
+ 14670139392, x^2 - 4834944*x + 14670139392, x^2 - 4834944*x + 14670139392, 
54000, 54000, x^2 + 34848505552896000*x + 11356800389480448000000, x^2 + 
34848505552896000*x + 11356800389480448000000, x^2 + 34848505552896000*x + 
11356800389480448000000, x^2 + 34848505552896000*x + 11356800389480448000000, 
x^2 + 34848505552896000*x + 11356800389480448000000, x^2 + 34848505552896000*x +
11356800389480448000000 ]
pt = (-3 : -7 : 1): j's = [ 0, 0, x^2 - 4834944*x + 14670139392, x^2 - 4834944*x
+ 14670139392, x^2 - 4834944*x + 14670139392, x^2 - 4834944*x + 14670139392, 
54000, 54000, x^2 + 34848505552896000*x + 11356800389480448000000, x^2 + 
34848505552896000*x + 11356800389480448000000 ]
pt = (-3 : 7 : 1): j's = [ 0, 0, x^2 - 4834944*x + 14670139392, x^2 - 4834944*x 
+ 14670139392, x^2 - 4834944*x + 14670139392, x^2 - 4834944*x + 14670139392, x^2
+ 34848505552896000*x + 11356800389480448000000, x^2 + 34848505552896000*x + 
11356800389480448000000, x^2 + 34848505552896000*x + 11356800389480448000000, 
x^2 + 34848505552896000*x + 11356800389480448000000, 54000, 54000, x^2 + 
34848505552896000*x + 11356800389480448000000, x^2 + 34848505552896000*x + 
11356800389480448000000 ]
pt = (-8 : -154 : 3): j's = [ 0, 0, x^2 - 4834944*x + 14670139392, x^2 - 
4834944*x + 14670139392, x^2 - 4834944*x + 14670139392, x^2 - 4834944*x + 
14670139392, 54000, 54000, x^2 + 34848505552896000*x + 11356800389480448000000, 
x^2 + 34848505552896000*x + 11356800389480448000000 ]
pt = (-8 : 154 : 3): j's = [ 0, 0, x^2 - 4834944*x + 14670139392, x^2 - 
4834944*x + 14670139392, x^2 - 4834944*x + 14670139392, x^2 - 4834944*x + 
14670139392, x^4 - 436294632387445525302369131483180799074870132944408913417997\
1468956402113673030000749471339072/78353557738066720913961439368780840403500331\
35279204815883809094602619483369*x^3 + 1853081114889740152670552404166064400785\
6662444565819017957888116899731738856012669137986882240199311147839804664293632\
19239891148132478178080/1072097983890221107211208872565694053982136723636614571\
100951920025404796771555197981220937479831904933449*x^2 - 
8189217496839325517974396470367512796932199346585652705349468517824131873308270\
602350546943331888928626122481366563437367420620580048419464389305918464/240257\
1581897985501260319083419720374973968397669653253837233252776932149565055198675\
916120892303298955859209*x + 12424705924401909477932826665174410665909253960233\
8608324551530837920070424137428796981374268229284981398361952272218833829858351\
8352281391790751711497675809024/59824032389259838981381945177151037336851813101\
9743660205471079941456105241698744470303114102183521440008943041, x^4 - 
4362946323874455253023691314831807990748701329444089134179971468956402113673030\
000749471339072/783535577380667209139614393687808404035003313527920481588380909\
4602619483369*x^3 + 18530811148897401526705524041660644007856662444565819017957\
8881168997317388560126691379868822401993111478398046642936321923989114813247817\
8080/10720979838902211072112088725656940539821367236366145711009519200254047967\
71555197981220937479831904933449*x^2 - 8189217496839325517974396470367512796932\
1993465856527053494685178241318733082706023505469433318889286261224813665634373\
67420620580048419464389305918464/2402571581897985501260319083419720374973968397\
669653253837233252776932149565055198675916120892303298955859209*x + 
1242470592440190947793282666517441066590925396023386083245515308379200704241374\
2879698137426822928498139836195227221883382985835183522813917907517114976758090\
24/5982403238925983898138194517715103733685181310197436602054710799414561052416\
98744470303114102183521440008943041, x^4 - 
4362946323874455253023691314831807990748701329444089134179971468956402113673030\
000749471339072/783535577380667209139614393687808404035003313527920481588380909\
4602619483369*x^3 + 18530811148897401526705524041660644007856662444565819017957\
8881168997317388560126691379868822401993111478398046642936321923989114813247817\
8080/10720979838902211072112088725656940539821367236366145711009519200254047967\
71555197981220937479831904933449*x^2 - 8189217496839325517974396470367512796932\
1993465856527053494685178241318733082706023505469433318889286261224813665634373\
67420620580048419464389305918464/2402571581897985501260319083419720374973968397\
669653253837233252776932149565055198675916120892303298955859209*x + 
1242470592440190947793282666517441066590925396023386083245515308379200704241374\
2879698137426822928498139836195227221883382985835183522813917907517114976758090\
24/5982403238925983898138194517715103733685181310197436602054710799414561052416\
98744470303114102183521440008943041, x^4 - 
4362946323874455253023691314831807990748701329444089134179971468956402113673030\
000749471339072/783535577380667209139614393687808404035003313527920481588380909\
4602619483369*x^3 + 18530811148897401526705524041660644007856662444565819017957\
8881168997317388560126691379868822401993111478398046642936321923989114813247817\
8080/10720979838902211072112088725656940539821367236366145711009519200254047967\
71555197981220937479831904933449*x^2 - 8189217496839325517974396470367512796932\
1993465856527053494685178241318733082706023505469433318889286261224813665634373\
67420620580048419464389305918464/2402571581897985501260319083419720374973968397\
669653253837233252776932149565055198675916120892303298955859209*x + 
1242470592440190947793282666517441066590925396023386083245515308379200704241374\
2879698137426822928498139836195227221883382985835183522813917907517114976758090\
24/5982403238925983898138194517715103733685181310197436602054710799414561052416\
98744470303114102183521440008943041, 54000, 54000, x^2 + 34848505552896000*x + 
11356800389480448000000, x^2 + 34848505552896000*x + 11356800389480448000000 ]

Total time: 485.949 seconds, Total memory usage: 218.72MB
