g = 4
r = 2
6 small points: [ (-1 : 2 : -1 : 1), (1/3 : -2/3 : -1 : 1), (-1 : 1 : 0 : 1), (0
: 0 : 1 : 0), (0 : 0 : 0 : 1), (1 : -1 : 1 : 0) ]
checking: differences of 5 points generate rank 2 subgroup of J_0(N)^*(Q).
finite index subgroup certified by: p = 5: ell = 2
found 6 plane models:
[
y^5 + (6*x + 2)*y^4 + (18*x^2 + 6*x + 3)*y^3 + (24*x^3 + 18*x^2 + 4*x + 2)*y^2 +
(6*x^4 + 36*x^3 - 5*x^2 + 7*x)*y - 4*x^5 + 16*x^4 + 2*x^3 + 2*x,
y^5 + (86/17*x - 14/17)*y^4 + (98/17*x^2 - 82/17*x + 11/17)*y^3 + (-8/17*x^3 - 
6*x^2 + 60/17*x - 2/17)*y^2 + (22/17*x^4 + 20/17*x^3 + 27/17*x^2 - 29/17*x)*y + 
28/17*x^5 + 16/17*x^4 + 10/17*x^3 + 4/17*x^2 + 6/17*x,
y^5 + 4*x*y^4 + (6*x^2 + 3*x + 1)*y^3 + (3*x^3 + 10*x^2 - 2*x + 2)*y^2 + (-x^4 +
10*x^3 + x)*y - x^5 + 2*x^4 + 3*x^3 - 2*x^2 + 2*x,
y^4 + (x^2 + 1)*y^3 + (x^4 + 2*x^3 + 2*x^2)*y^2 + (2*x^6 - 2*x^5 + 2*x^4 + 
2*x^3)*y + x^8 + 2*x^6 + x^4,
y^4 + (x^2 + 1)*y^3 + (x^4 - 2*x^3 + 2*x^2)*y^2 + (2*x^6 + 2*x^5 + 2*x^4 - 
2*x^3)*y + x^8 + 2*x^6 + x^4,
y^5 + 4*x*y^4 + (6*x^2 - 3*x + 1)*y^3 + (3*x^3 - 10*x^2 - 2*x - 2)*y^2 + (-x^4 -
10*x^3 - x)*y - x^5 - 2*x^4 + 3*x^3 + 2*x^2 + 2*x
]

trying model #1:
y^5 + (6*x + 2)*y^4 + (18*x^2 + 6*x + 3)*y^3 + (24*x^3 + 18*x^2 + 4*x + 2)*y^2 +
(6*x^4 + 36*x^3 - 5*x^2 + 7*x)*y - 4*x^5 + 16*x^4 + 2*x^3 + 2*x
p = 2 fails: Runtime error: bad prime.
p = 3 fails: Runtime error: bad prime.
p = 5 fails: Runtime error: bad prime.
p = 7 fails: Runtime error: bad prime.
Time: 55.490
p = 11 fails: 
rational_points(
    N: 224
)
effective_chabauty(
    data: rec<recformat<Q, p, N, g, W0, Winf, r, Delta, s, G0, Ginf, e...
)
Qp_points(
    data: rec<recformat<Q, p, N, g, W0, Winf, r, Delta, s, G0, Ginf, e...
)
In file "applications.m", line 299, column 20:
>>                   b[j]:=zeros[k];
                      ^
Runtime error in :=: Variable 'b' has not been initialized.
Time: 71.040
Time: 4506.530
found 8 residue disks.
L = [
rec<recformat<x, b, inf, xt, bt, index> | 
x := O(13^16),
b := [ 1 + O(13^35), -2 + O(13^32), 4 + O(13^32), -8 + O(13^32), 
166354152295794958 + O(13^16) ],
inf := true>,
rec<recformat<x, b, inf, xt, bt, index> | 
x := O(13^32),
b := [ 1 + O(13^35), O(13^16), O(13^32), O(13^35), -158432525995995210 + 
O(13^16) ],
inf := false>,
rec<recformat<x, b, inf, xt, bt, index> | 
x := O(13^16),
b := [ 1 + O(13^35), -1 + O(13^16), 1 + O(13^16), -1 + O(13^16), 
285178546792791360 + O(13^16) ],
inf := false>,
rec<recformat<x, b, inf, xt, bt, index> | 
x := -61021029342652788428303088264608587 + O(13^32),
b := [ 1 + O(13^35), -1 + O(13^16), 1 + O(13^16), -1 + O(13^16), 
285178546792791357 + O(13^16) ],
inf := false>,
rec<recformat<x, b, inf, xt, bt, index> | 
x := 61021029342652788428303088264608588 + O(13^32),
b := [ 1 + O(13^35), -1 + O(13^16), 1 + O(13^16), -1 + O(13^16), 
285178546792791357 + O(13^16) ],
inf := false>,
rec<recformat<x, b, inf, xt, bt, index> | 
x := -332708304591589920 + O(13^16),
b := [ 1 + O(13^35), -1 + O(13^16), 1 + O(13^16), -1 + O(13^16), 
-105423634232581118643884093368758401 + O(13^32) ],
inf := false>,
rec<recformat<x, b, inf, xt, bt, index> | 
x := 1 + O(13^16),
b := [ 1 + O(13^35), -1 + O(13^16), 1 + O(13^16), -1 + O(13^16), 
285178546792791360 + O(13^16) ],
inf := false>,
rec<recformat<x, b, inf, xt, bt, index> | 
x := 1 + O(13^32),
b := [ 1 + O(13^35), -2 + O(13^16), 4 + O(13^16), -8 + O(13^16), 
-158432525995995210 + O(13^16) ],
inf := false>
] (8 pts)
ratpts = {@ (1 : -2 : 1), (1/2 : -1 : 1), (0 : -1 : 1), (0 : 0 : 1), (-1/2 : 1 :
0), (1 : -1 : 1) @} (6 pts)
have to exclude 2 residue discs.
Time: 98.600
Time: 6131.690
found 10 residue disks.
L = [
rec<recformat<x, b, inf, xt, bt, index> | 
x := O(17^10),
b := [ 1 + O(17^35), -2 + O(17^20), 4 + O(17^20), -8 + O(17^20), 503998475110 + 
O(17^10) ],
inf := true>,
rec<recformat<x, b, inf, xt, bt, index> | 
x := O(17^10),
b := [ 1 + O(17^35), 775926868476 + O(17^10), -733475881572 + O(17^10), 
704805740359 + O(17^10), -910917806546 + O(17^10) ],
inf := true>,
rec<recformat<x, b, inf, xt, bt, index> | 
x := O(17^10),
b := [ 1 + O(17^35), -483832005382 + O(17^10), -698328292687 + O(17^10), 
669658151474 + O(17^10), 926151785646 + O(17^10) ],
inf := true>,
rec<recformat<x, b, inf, xt, bt, index> | 
x := O(17^20),
b := [ 1 + O(17^35), O(17^10), O(17^20), O(17^30), 383998838171 + O(17^10) ],
inf := false>,
rec<recformat<x, b, inf, xt, bt, index> | 
x := O(17^10),
b := [ 1 + O(17^35), -1 + O(17^10), 1 + O(17^10), -1 + O(17^10), -287999128636 +
O(17^10) ],
inf := false>,
rec<recformat<x, b, inf, xt, bt, index> | 
x := -1007996950224 + O(17^10),
b := [ 1 + O(17^35), -1 + O(17^10), 1 + O(17^10), -1 + O(17^10), 
193534828887979643923885 + O(17^20) ],
inf := false>,
rec<recformat<x, b, inf, xt, bt, index> | 
x := 699477446908214598901683 + O(17^20),
b := [ 1 + O(17^35), -1 + O(17^10), 1 + O(17^10), -1 + O(17^10), -287999128639 +
O(17^10) ],
inf := false>,
rec<recformat<x, b, inf, xt, bt, index> | 
x := -699477446908214598901682 + O(17^20),
b := [ 1 + O(17^35), -1 + O(17^10), 1 + O(17^10), -1 + O(17^10), -287999128639 +
O(17^10) ],
inf := false>,
rec<recformat<x, b, inf, xt, bt, index> | 
x := 1 + O(17^10),
b := [ 1 + O(17^35), -1 + O(17^10), 1 + O(17^10), -1 + O(17^10), -287999128636 +
O(17^10) ],
inf := false>,
rec<recformat<x, b, inf, xt, bt, index> | 
x := 1 + O(17^20),
b := [ 1 + O(17^35), -2 + O(17^10), 4 + O(17^10), -8 + O(17^10), 383998838171 + 
O(17^10) ],
inf := false>
] (10 pts)
ratpts = {@ (1 : -2 : 1), (1/2 : -1 : 1), (0 : -1 : 1), (0 : 0 : 1), (-1/2 : 1 :
0), (1 : -1 : 1) @} (6 pts)
have to exclude 4 residue discs.
Time: 112.330
Time: 4592.710
found 6 residue disks.
L = [
rec<recformat<x, b, inf, xt, bt, index> | 
x := O(19^7),
b := [ 1 + O(19^35), -2 + O(19^14), 4 + O(19^14), -8 + O(19^14), -223467937 + 
O(19^7) ],
inf := true>,
rec<recformat<x, b, inf, xt, bt, index> | 
x := O(19^14),
b := [ 1 + O(19^35), O(19^7), O(19^14), O(19^21), -340522577 + O(19^7) ],
inf := false>,
rec<recformat<x, b, inf, xt, bt, index> | 
x := O(19^7),
b := [ 1 + O(19^35), -1 + O(19^7), 1 + O(19^7), -1 + O(19^7), 255391925 + 
O(19^7) ],
inf := false>,
rec<recformat<x, b, inf, xt, bt, index> | 
x := -446935869 + O(19^7),
b := [ 1 + O(19^35), -1 + O(19^7), 1 + O(19^7), -1 + O(19^7), 152191749672930308
+ O(19^14) ],
inf := false>,
rec<recformat<x, b, inf, xt, bt, index> | 
x := 1 + O(19^7),
b := [ 1 + O(19^35), -1 + O(19^7), 1 + O(19^7), -1 + O(19^7), 255391925 + 
O(19^7) ],
inf := false>,
rec<recformat<x, b, inf, xt, bt, index> | 
x := 1 + O(19^14),
b := [ 1 + O(19^35), -2 + O(19^7), 4 + O(19^7), -8 + O(19^7), -340522577 + 
O(19^7) ],
inf := false>
] (6 pts)
ratpts = {@ (1 : -2 : 1), (1/2 : -1 : 1), (0 : -1 : 1), (0 : 0 : 1), (-1/2 : 1 :
0), (1 : -1 : 1) @} (6 pts)
found all Q-points!

Total time: 16886.259 seconds, Total memory usage: 642.22MB
