g = 4
r = 1
4 small points: [ (0 : 1 : 1 : 0), (0 : 0 : 0 : 1), (0 : 1 : 0 : 0), (0 : 0 : -1
: 1) ]
checking: differences of 3 points generate rank 1 subgroup of J_0(N)^*(Q).
finite index subgroup certified by: p = 2: ell = 3
found 4 plane models:
[
y^4 + (-x^2 + 3*x - 3)*y^3 + (-x^3 + 4*x^2 - 4*x)*y^2 + (-x^4 + 2*x^3 + 2*x^2 - 
x + 2)*y - x^4 + 2*x^3 + x^2 + 2*x,
y^4 + (-x^2 - 2*x + 1)*y^3 + (2/3*x^2 - 1/3*x - 1/3)*y^2 + (x^6 - 3*x^5 + 
11/3*x^4 - 2*x^3 - 1/3*x^2 + x - 1/3)*y + 1/3*x^8 - 5/3*x^7 + 11/3*x^6 - 
14/3*x^5 + 11/3*x^4 - 5/3*x^3 + 1/3*x^2,
y^4 + (-x^2 - x + 1)*y^3 + (2*x^3 - 2*x^2 + 2*x - 3)*y^2 + (-2*x^4 + 3*x^3 + 6*x
- 3)*y + x^5 - 3*x^4 + 3*x^2 + 3*x,
y^4 + (-1/2*x^2 - 1/2*x)*y^3 + (x^4 - 2*x^3 - x^2 + 7/2*x - 3/2)*y^2 + (1/2*x^6 
- 7/2*x^4 + 13/2*x^3 - 11/2*x^2 + 5/2*x - 1/2)*y + 1/2*x^7 - 2*x^6 + 7/2*x^5 - 
7/2*x^4 + 2*x^3 - 1/2*x^2
]

trying model #1:
y^4 + (-x^2 + 3*x - 3)*y^3 + (-x^3 + 4*x^2 - 4*x)*y^2 + (-x^4 + 2*x^3 + 2*x^2 - 
x + 2)*y - x^4 + 2*x^3 + x^2 + 2*x
p = 2 fails: Runtime error: bad prime.
p = 3 fails: Runtime error: bad prime.
p = 5 fails: Runtime error: bad prime.
Time: 10.390
p = 7 fails: Runtime error: In Hensel lift of power series, derivative has 
leading term divisible by p.
Time: 21.410
Time: 2348.600
found 12 residue disks.
L = [
rec<recformat<x, b, inf, xt, bt, index> | 
x := O(11^31),
b := [ 1 + O(11^35), 1 + O(11^31), -2 + O(11^31), -8 + O(11^31) ],
inf := true>,
rec<recformat<x, b, inf, xt, bt, index> | 
x := O(11^31),
b := [ 1 + O(11^35), O(11^35), O(11^31), -4 + O(11^31) ],
inf := true>,
rec<recformat<x, b, inf, xt, bt, index> | 
x := O(11^31),
b := [ 1 + O(11^35), O(11^31), O(11^62), -2 + O(11^31) ],
inf := false>,
rec<recformat<x, b, inf, xt, bt, index> | 
x := O(11^31),
b := [ 1 + O(11^35), 1 + O(11^35), 1 + O(11^35), -3 + O(11^31) ],
inf := false>,
rec<recformat<x, b, inf, xt, bt, index> | 
x := 445970024737383286000280995968663748 + O(11^35),
b := [ 1 + O(11^35), -85448560528919789147883647786793 + O(11^31), 
-85448560528919789147883647786792 + O(11^31), -21046303899910902208379545718224 
+ O(11^31) ],
inf := false>,
rec<recformat<x, b, inf, xt, bt, index> | 
x := 445970024737383286000280995968663748 + O(11^35),
b := [ 1 + O(11^35), 85448560528919789147883647786794 + O(11^31), 
85448560528919789147883647786795 + O(11^31), 64402256629008886939504102068572 + 
O(11^31) ],
inf := false>,
rec<recformat<x, b, inf, xt, bt, index> | 
x := -1 + O(11^31),
b := [ 1 + O(11^35), -21046303899910902208379545718221 + O(11^31), 
65665601558285067253869566982481 + O(11^31), 43355952729097984731124556350348 + 
O(11^31) ],
inf := false>,
rec<recformat<x, b, inf, xt, bt, index> | 
x := -1 + O(11^31),
b := [ 1 + O(11^35), -469335410444420750156177330370415 + O(11^32), 
-469335410444420750156177330370414 + O(11^32), 469335410444420750156177330370413
+ O(11^32) ],
inf := false>,
rec<recformat<x, b, inf, xt, bt, index> | 
x := -1 + O(11^31),
b := [ 1 + O(11^35), 21046303899910902208379545718227 + O(11^31), 
-65665601558285067253869566982453 + O(11^31), -43355952729097984731124556350343 
+ O(11^31) ],
inf := false>,
rec<recformat<x, b, inf, xt, bt, index> | 
x := -1 + O(11^31),
b := [ 1 + O(11^35), 469335410444420750156177330370416 + O(11^32), 
469335410444420750156177330370417 + O(11^32), -469335410444420750156177330370418
+ O(11^32) ],
inf := false>,
rec<recformat<x, b, inf, xt, bt, index> | 
x := -445970024737383286000280995968663745 + O(11^35),
b := [ 1 + O(11^35), -85448560528919789147883647786793 + O(11^31), 
-85448560528919789147883647786792 + O(11^31), -64402256629008886939504102068567 
+ O(11^31) ],
inf := false>,
rec<recformat<x, b, inf, xt, bt, index> | 
x := -445970024737383286000280995968663745 + O(11^35),
b := [ 1 + O(11^35), 85448560528919789147883647786794 + O(11^31), 
85448560528919789147883647786795 + O(11^31), 21046303899910902208379545718224 + 
O(11^31) ],
inf := false>
] (12 pts)
ratpts = {@ (0 : 1 : 0), (0 : 0 : 1), (1 : 0 : 0), (0 : 1 : 1) @} (4 pts)
have to exclude 8 residue discs.
Time: 21.780
Time: 1453.190
found 6 residue disks.
L = [
rec<recformat<x, b, inf, xt, bt, index> | 
x := O(13^33),
b := [ 1 + O(13^35), 1 + O(13^33), -2 + O(13^33), -8 + O(13^33) ],
inf := true>,
rec<recformat<x, b, inf, xt, bt, index> | 
x := O(13^33),
b := [ 1 + O(13^35), O(13^33), -2542819875797862911029409720705795865 + 
O(13^33), 2 + O(13^33) ],
inf := true>,
rec<recformat<x, b, inf, xt, bt, index> | 
x := O(13^33),
b := [ 1 + O(13^35), O(13^33), 2542819875797862911029409720705795866 + O(13^33),
2 + O(13^33) ],
inf := true>,
rec<recformat<x, b, inf, xt, bt, index> | 
x := O(13^33),
b := [ 1 + O(13^35), O(13^35), O(13^33), -4 + O(13^33) ],
inf := true>,
rec<recformat<x, b, inf, xt, bt, index> | 
x := O(13^33),
b := [ 1 + O(13^35), O(13^33), O(13^66), -2 + O(13^33) ],
inf := false>,
rec<recformat<x, b, inf, xt, bt, index> | 
x := O(13^33),
b := [ 1 + O(13^35), 1 + O(13^35), 1 + O(13^35), -3 + O(13^33) ],
inf := false>
] (6 pts)
ratpts = {@ (0 : 1 : 0), (0 : 0 : 1), (1 : 0 : 0), (0 : 1 : 1) @} (4 pts)
have to exclude 2 residue discs.
Time: 28.720
Time: 816.470
found 4 residue disks.
L = [
rec<recformat<x, b, inf, xt, bt, index> | 
x := O(17^33),
b := [ 1 + O(17^35), 1 + O(17^33), -2 + O(17^33), -8 + O(17^33) ],
inf := true>,
rec<recformat<x, b, inf, xt, bt, index> | 
x := O(17^33),
b := [ 1 + O(17^35), O(17^35), O(17^33), -4 + O(17^33) ],
inf := true>,
rec<recformat<x, b, inf, xt, bt, index> | 
x := O(17^33),
b := [ 1 + O(17^35), O(17^33), O(17^66), -2 + O(17^33) ],
inf := false>,
rec<recformat<x, b, inf, xt, bt, index> | 
x := O(17^33),
b := [ 1 + O(17^35), 1 + O(17^35), 1 + O(17^35), -3 + O(17^33) ],
inf := false>
] (4 pts)
ratpts = {@ (0 : 1 : 0), (0 : 0 : 1), (1 : 0 : 0), (0 : 1 : 1) @} (4 pts)
found all Q-points!

Total time: 4711.520 seconds, Total memory usage: 242.88MB
