N = 40: Elliptic Curve defined by y^2 = x^3 + x^2 + 4*x + 4 over Rational Field
Abelian Group isomorphic to Z/6
Defined on 1 generator
Relations:
6*$.1 = 0
Mapping from: Abelian Group isomorphic to Z/6
Defined on 1 generator
Relations:
6*$.1 = 0 to Set of points of X with coordinates in Rational Field given by a rule [no inverse]
true true 


N = 48: Elliptic Curve defined by y^2 = x^3 - x^2 - 4*x + 4 over Rational Field
Abelian Group isomorphic to Z/2 + Z/4
Defined on 2 generators
Relations:
2*$.1 = 0
4*$.2 = 0
Mapping from: Abelian Group isomorphic to Z/2 + Z/4
Defined on 2 generators
Relations:
2*$.1 = 0
4*$.2 = 0 to Set of points of X with coordinates in Rational Field given by a rule [no inverse]
true true 


N = 72: Elliptic Curve defined by y^2 = x^3 + 1 over Rational Field
Abelian Group isomorphic to Z/6
Defined on 1 generator
Relations:
6*$.1 = 0
Mapping from: Abelian Group isomorphic to Z/6
Defined on 1 generator
Relations:
6*$.1 = 0 to Set of points of X with coordinates in Rational Field given by a rule [no inverse]
true true 


N = 80: Elliptic Curve defined by y^2 = x^3 + x^2 - x over Rational Field
WARNING: X0NQuotient is wrong!
Abelian Group isomorphic to Z/6
Defined on 1 generator
Relations:
6*$.1 = 0
Mapping from: Abelian Group isomorphic to Z/6
Defined on 1 generator
Relations:
6*$.1 = 0 to Set of points of X with coordinates in Rational Field given by a rule [no inverse]
true true 


N = 88: Hyperelliptic Curve defined by y^2 = x^6 + 2*x^5 - x^4 + 12*x^3 - x^2 + 2*x + 1 over Rational Field
6 points: {@ (1 : -1 : 0), (1 : 1 : 0), (0 : -1 : 1), (0 : 1 : 1), (1 : -4 : 1), (1 : 4 : 1) @}

N = 96: Elliptic Curve defined by y^2 = x^3 - x^2 + x over Rational Field
WARNING: X0NQuotient is wrong!
Abelian Group isomorphic to Z/4
Defined on 1 generator
Relations:
4*$.1 = 0
Mapping from: Abelian Group isomorphic to Z/4
Defined on 1 generator
Relations:
4*$.1 = 0 to Set of points of X with coordinates in Rational Field given by a rule [no inverse]
true true 


N = 100: Elliptic Curve defined by y^2 + x*y + y = x^3 + x^2 - 3*x + 1 over Rational Field
Abelian Group isomorphic to Z/5
Defined on 1 generator
Relations:
5*$.1 = 0
Mapping from: Abelian Group isomorphic to Z/5
Defined on 1 generator
Relations:
5*$.1 = 0 to Set of points of X with coordinates in Rational Field given by a rule [no inverse]
true true 


N = 108: Elliptic Curve defined by y^2 + x*y + y = x^3 - x^2 + x - 1 over Rational Field
Abelian Group isomorphic to Z/3
Defined on 1 generator
Relations:
3*$.1 = 0
Mapping from: Abelian Group isomorphic to Z/3
Defined on 1 generator
Relations:
3*$.1 = 0 to Set of points of X with coordinates in Rational Field given by a rule [no inverse]
true true 


N = 112: Hyperelliptic Curve defined by y^2 = x^6 - 2*x^5 + 11*x^4 - 4*x^3 + 11*x^2 - 2*x + 1 over Rational Field
6 points: {@ (1 : -1 : 0), (1 : 1 : 0), (0 : -1 : 1), (0 : 1 : 1), (1 : -4 : 1), (1 : 4 : 1) @}

N = 120: Elliptic Curve defined by y^2 = x^3 + x^2 - x over Rational Field
WARNING: X0NQuotient is wrong!
Abelian Group isomorphic to Z/6
Defined on 1 generator
Relations:
6*$.1 = 0
Mapping from: Abelian Group isomorphic to Z/6
Defined on 1 generator
Relations:
6*$.1 = 0 to Set of points of X with coordinates in Rational Field given by a rule [no inverse]
true true 


N = 135: Hyperelliptic Curve defined by y^2 = x^6 - 4*x^5 + 10*x^4 - 20*x^3 + 17*x^2 - 20*x over Rational Field
3 points: {@ (1 : -1 : 0), (1 : 1 : 0), (0 : 0 : 1) @}

N = 144: Curve over Rational Field defined by
z[1]^3*z[3] - z[1]^2*z[2]^2 - 4*z[1]^2*z[3]^2 + 2*z[1]*z[2]^3 - 4*z[1]*z[2]^2*z[3] + 4*z[1]*z[2]*z[3]^2 + 6*z[1]*z[3]^3 - z[2]^4 + 4*z[2]^3*z[3] - 8*z[2]^2*z[3]^2 + 8*z[2]*z[3]^3 - 7*z[3]^4
6 points: [ (2 : 3 : 1), (2 : 1 : 1), (1 : 1 : 0), (1 : 0 : 0), (1 : 2 : 1), (1 : 1 : 1) ]

N = 147: Hyperelliptic Curve defined by y^2 = x^6 + 6*x^5 + 11*x^4 + 6*x^3 + 5*x^2 + 4 over Rational Field
12 points: {@ (1 : -1 : 0), (1 : 1 : 0), (-1 : -3 : 1), (-1 : 3 : 1), (0 : -2 : 1), (0 : 2 : 1), (1 : -21 : 2), (1 : 21 : 2), (-3 : -7 : 1), (-3 : 7 : 1), (-8 : -154 : 3), (-8 : 154 : 3) @}

N = 162: Curve over Rational Field defined by
z[1]^3*z[3] - z[1]^2*z[2]^2 - 3*z[1]^2*z[3]^2 + 3*z[1]*z[2]^2*z[3] - 3*z[1]*z[2]*z[3]^2 + 3*z[1]*z[3]^3 + 2*z[2]^3*z[3] - 3*z[2]^2*z[3]^2 + 3*z[2]*z[3]^3
5 points: [ (2 : 1 : 1), (3 : 3/2 : 1), (0 : 0 : 1), (1 : 0 : 0), (0 : 1 : 0) ]

N = 196: Curve over Rational Field defined by
z[1]^3*z[3] - z[1]^2*z[2]^2 - 2*z[1]^2*z[3]^2 + 4*z[1]*z[2]^2*z[3] - z[1]*z[2]*z[3]^2 - 2*z[1]*z[3]^3 - z[2]^3*z[3]
4 points: [ (2 : 2 : 1), (0 : 0 : 1), (1 : 0 : 0), (0 : 1 : 0) ]

N = 240: Curve over Rational Field defined by
z[1]^3*z[3] - z[1]^2*z[2]^2 - z[1]^2*z[3]^2 + 2*z[1]*z[2]^3 + 2*z[1]*z[2]^2*z[3] + z[1]*z[3]^3 - z[2]^4 - 2*z[2]^3*z[3] - z[2]^2*z[3]^2
6 points: [ (1 : -1 : 1), (0 : 0 : 1), (1 : 0 : 0), (1 : 1 : 1), (0 : -1 : 1), (1 : 1 : 0) ]

